
================================================================================
Fecha y hora: 2025-05-11 00:08:07
================================================================================
=== Info ===
Inicio de flujo de autorización

=== Body de la petición ===
{
    "verifier": "3fSFoT4N246G3u4wOtxImiXJRdAO-JRMe2I1VHTxxMGvVgFchDDBqV0TUTzktqLQElbX9J3LTUwp3ROvMveMkQ",
    "challenge": "spJmjYeL4NrSM9sZVM4KHC-zxB99gmie2d4SYQ9lKCQ",
    "state": "d9156f38024f435cbe02563564d00147"
}


================================================================================
Fecha y hora: 2025-05-11 00:08:32
================================================================================
=== Info ===
Inicio de flujo de autorización

=== Body de la petición ===
{
    "verifier": "wtCgfpT-rLQwcJ0v2Zz6nsnB_I25pYYjRbyXrBhP_DjlDFnreQHx0uNnPY3EAvpHl7KpPFjA99jk3DigLqTK0A",
    "challenge": "fToAS_Da4B8LV5yu63g7TQGjcgD19gku_OZzG-7y1SE",
    "state": "13515790dbf748a1abdc32ad602bebaf"
}


================================================================================
Fecha y hora: 2025-05-11 00:08:36
================================================================================
=== Info ===
Inicio de flujo de autorización

=== Body de la petición ===
{
    "verifier": "VDdMLxyRi5v8uKHKUK5zjGnLrjw92C6jyXnt6af5sy6n948DpFHTKZcx-gGB8SMs0pVPyEf403-9NIg9OfPH2g",
    "challenge": "PzN3AUPLWOkQocSntgjFi6s8wFl0iuDCBe-ug7pkCIU",
    "state": "3820d8d6510343eb94422e40f6f3175d"
}


================================================================================
Fecha y hora: 2025-05-11 00:08:56
================================================================================
=== Info ===
Intento de autorización sin flag activo

=== Error ===
OAuth inactivo
