
================================================================================
Fecha y hora: 2025-05-11 06:17:06
================================================================================
=== Info ===
XML pain.001 generado en schemas/transferencias/a4b31c55-d318-4137-8ec6-cb83900ed2fe/pain001_a4b31c55-d318-4137-8ec6-cb83900ed2fe.xml


================================================================================
Fecha y hora: 2025-05-11 06:17:06
================================================================================
=== Info ===
Archivo AML generado en schemas/transferencias/a4b31c55-d318-4137-8ec6-cb83900ed2fe/aml_a4b31c55-d318-4137-8ec6-cb83900ed2fe.xml


================================================================================
Fecha y hora: 2025-05-11 06:21:30
================================================================================
=== Info ===
OAuth no iniciado o token expirado

=== Error ===
Token no disponible

================================================================================
Fecha y hora: 2025-05-11 06:22:00
================================================================================
=== Info ===
Errores en validaci칩n

=== Error ===
Formulario inv치lido

================================================================================
Fecha y hora: 2025-05-11 06:25:34
================================================================================
=== Info ===
OAuth no iniciado o token expirado

=== Error ===
Token no disponible

================================================================================
Fecha y hora: 2025-05-11 06:26:20
================================================================================
=== Info ===
OAuth no iniciado o token expirado

=== Error ===
Token no disponible

================================================================================
Fecha y hora: 2025-05-11 06:26:49
================================================================================
=== Info ===
Intento de autorizaci칩n sin activar el switch

=== Error ===
OAuth inactivo

================================================================================
Fecha y hora: 2025-05-11 06:26:53
================================================================================
=== Info ===
Intento de autorizaci칩n sin activar el switch

=== Error ===
OAuth inactivo
