[7;30m🚀 Subiendo el proyecto a Heroku y GitHub...[0m
[7;94m---///---///---///---///---///---///---///---///---///---[0m

[7;36m🔧 Configurando DJANGO_SETTINGS_MODULE en Heroku...[0m
[7;30m🚀 Subiendo el proyecto a Heroku y GitHub...[0m
[7;94m---///---///---///---///---///---///---///---///---///---[0m

[7;36m🔧 Configurando DJANGO_SETTINGS_MODULE en Heroku...[0m
[7;30m🚀 Subiendo el proyecto a Heroku y GitHub...[0m
[7;94m---///---///---///---///---///---///---///---///---///---[0m

[7;36m🔧 Configurando DJANGO_SETTINGS_MODULE en Heroku...[0m
[7;30m🚀 Subiendo el proyecto a Heroku y GitHub...[0m
[7;94m---///---///---///---///---///---///---///---///---///---[0m

[7;36m🔧 Configurando DJANGO_SETTINGS_MODULE en Heroku...[0m
[7;30m🚀 Subiendo el proyecto a Heroku y GitHub...[0m
[7;94m---///---///---///---///---///---///---///---///---///---[0m

[7;36m🔧 Configurando DJANGO_SETTINGS_MODULE en Heroku...[0m
[7;30m🚀 Subiendo el proyecto a Heroku y GitHub...[0m
[7;94m---///---///---///---///---///---///---///---///---///---[0m

[7;36m🔧 Configurando DJANGO_SETTINGS_MODULE en Heroku...[0m
[7;30m🚀 Subiendo el proyecto a Heroku y GitHub...[0m
[7;94m---///---///---///---///---///---///---///---///---///---[0m

[7;36m🔧 Configurando DJANGO_SETTINGS_MODULE en Heroku...[0m
[7;30m🚀 Subiendo variables de entorno a Heroku (apibank2)...[0m
[7;30m📤 Cargando variables esenciales desde .env.production...[0m
[7;30m🚀 Subiendo variables de entorno a Heroku (apibank2)...[0m
[7;30m📤 Cargando variables esenciales desde /home/markmur88/Documentos/GitHub/api_bank_heroku/.env.production...[0m
[7;30m🚀 Subiendo variables de entorno a Heroku (apibank2)...[0m
[7;30m📤 Cargando variables esenciales desde /home/markmur88/Documentos/GitHub/api_bank_heroku/.env.production...[0m
[7;30m🚀 Subiendo variables de entorno a Heroku (apibank2)...[0m
[7;30m📤 Cargando variables esenciales desde /home/markmur88/Documentos/GitHub/api_bank_heroku/.env.production...[0m
