
📅 Inicio ejecución: 2025-05-30 05:42:43
📄 Script: 00_16_subir_heroku.sh
═══════════════════════════════════════════

🔧 Desactivando collectstatic en Heroku...

📤 Cargando variables desde /home/markmur88/Documentos/GitHub/api_bank_h2/.env.production...
DEBUG: False
✅ DEBUG cargada correctamente
ALLOWED_HOSTS: apibank2-54644cdf263f.herokuapp.com,.herokuapp.com,apih.coretransapi.com
✅ ALLOWED_HOSTS cargada correctamente
SECRET_KEY: MX2QfdeWkTc8ihotA_i1Hm7_4gYJQB4oVjOKFnuD6Cw
✅ SECRET_KEY cargada correctamente
ENVIRONMENT: production
✅ ENVIRONMENT cargada correctamente
DJANGO_ENV: production
✅ DJANGO_ENV cargada correctamente
REDIRECT_URI: https://apibank2-54644cdf263f.herokuapp.com/oauth2/callback/
✅ REDIRECT_URI cargada correctamente
ORIGIN: https://apibank2-54644cdf263f.herokuapp.com
✅ ORIGIN cargada correctamente
CLIENT_ID: 7c1e2c53-8cc3-4ea0-bdd6-b3423e76adc7
✅ CLIENT_ID cargada correctamente
Error: Your account reached the API rate limit Please wait a few minutes before making new requests. If you are in an embargoed region, you can't access Heroku.

Error ID: rate_limit
    at APIHTTPClient.request (/home/markmur88/.local/share/heroku/client/10.7.0-71cac0f/node_modules/@heroku-cli/command/lib/api-client.js:200:27)
    at process.processTicksAndRejections (node:internal/process/task_queues:95:5)
    at async Set.run (/home/markmur88/.local/share/heroku/client/10.7.0-71cac0f/lib/commands/config/set.js:32:32)
    at async Set._run (/home/markmur88/.local/share/heroku/client/10.7.0-71cac0f/node_modules/@oclif/core/lib/command.js:117:22)
    at async Config.runCommand (/home/markmur88/.local/share/heroku/client/10.7.0-71cac0f/node_modules/@oclif/core/lib/config/config.js:314:25)
    at async Object.run (/home/markmur88/.local/share/heroku/client/10.7.0-71cac0f/node_modules/@oclif/core/lib/main.js:89:16)
⚠️  Error al cargar CLIENT_SECRET
Error: Your account reached the API rate limit Please wait a few minutes before making new requests. If you are in an embargoed region, you can't access Heroku.

Error ID: rate_limit
    at APIHTTPClient.request (/home/markmur88/.local/share/heroku/client/10.7.0-71cac0f/node_modules/@heroku-cli/command/lib/api-client.js:200:27)
    at process.processTicksAndRejections (node:internal/process/task_queues:95:5)
    at async Set.run (/home/markmur88/.local/share/heroku/client/10.7.0-71cac0f/lib/commands/config/set.js:32:32)
    at async Set._run (/home/markmur88/.local/share/heroku/client/10.7.0-71cac0f/node_modules/@oclif/core/lib/command.js:117:22)
    at async Config.runCommand (/home/markmur88/.local/share/heroku/client/10.7.0-71cac0f/node_modules/@oclif/core/lib/config/config.js:314:25)
    at async Object.run (/home/markmur88/.local/share/heroku/client/10.7.0-71cac0f/node_modules/@oclif/core/lib/main.js:89:16)
⚠️  Error al cargar TOKEN_URL
Error: Your account reached the API rate limit Please wait a few minutes before making new requests. If you are in an embargoed region, you can't access Heroku.

Error ID: rate_limit
    at APIHTTPClient.request (/home/markmur88/.local/share/heroku/client/10.7.0-71cac0f/node_modules/@heroku-cli/command/lib/api-client.js:200:27)
    at process.processTicksAndRejections (node:internal/process/task_queues:95:5)
    at async Set.run (/home/markmur88/.local/share/heroku/client/10.7.0-71cac0f/lib/commands/config/set.js:32:32)
    at async Set._run (/home/markmur88/.local/share/heroku/client/10.7.0-71cac0f/node_modules/@oclif/core/lib/command.js:117:22)
    at async Config.runCommand (/home/markmur88/.local/share/heroku/client/10.7.0-71cac0f/node_modules/@oclif/core/lib/config/config.js:314:25)
    at async Object.run (/home/markmur88/.local/share/heroku/client/10.7.0-71cac0f/node_modules/@oclif/core/lib/main.js:89:16)
⚠️  Error al cargar AUTHORIZE_URL
Error: Your account reached the API rate limit Please wait a few minutes before making new requests. If you are in an embargoed region, you can't access Heroku.

Error ID: rate_limit
    at APIHTTPClient.request (/home/markmur88/.local/share/heroku/client/10.7.0-71cac0f/node_modules/@heroku-cli/command/lib/api-client.js:200:27)
    at process.processTicksAndRejections (node:internal/process/task_queues:95:5)
    at async Set.run (/home/markmur88/.local/share/heroku/client/10.7.0-71cac0f/lib/commands/config/set.js:32:32)
    at async Set._run (/home/markmur88/.local/share/heroku/client/10.7.0-71cac0f/node_modules/@oclif/core/lib/command.js:117:22)
    at async Config.runCommand (/home/markmur88/.local/share/heroku/client/10.7.0-71cac0f/node_modules/@oclif/core/lib/config/config.js:314:25)
    at async Object.run (/home/markmur88/.local/share/heroku/client/10.7.0-71cac0f/node_modules/@oclif/core/lib/main.js:89:16)
⚠️  Error al cargar OTP_URL
Error: Your account reached the API rate limit Please wait a few minutes before making new requests. If you are in an embargoed region, you can't access Heroku.

Error ID: rate_limit
    at APIHTTPClient.request (/home/markmur88/.local/share/heroku/client/10.7.0-71cac0f/node_modules/@heroku-cli/command/lib/api-client.js:200:27)
    at process.processTicksAndRejections (node:internal/process/task_queues:95:5)
    at async Set.run (/home/markmur88/.local/share/heroku/client/10.7.0-71cac0f/lib/commands/config/set.js:32:32)
    at async Set._run (/home/markmur88/.local/share/heroku/client/10.7.0-71cac0f/node_modules/@oclif/core/lib/command.js:117:22)
    at async Config.runCommand (/home/markmur88/.local/share/heroku/client/10.7.0-71cac0f/node_modules/@oclif/core/lib/config/config.js:314:25)
    at async Object.run (/home/markmur88/.local/share/heroku/client/10.7.0-71cac0f/node_modules/@oclif/core/lib/main.js:89:16)
⚠️  Error al cargar AUTH_URL
Error: Your account reached the API rate limit Please wait a few minutes before making new requests. If you are in an embargoed region, you can't access Heroku.

Error ID: rate_limit
    at APIHTTPClient.request (/home/markmur88/.local/share/heroku/client/10.7.0-71cac0f/node_modules/@heroku-cli/command/lib/api-client.js:200:27)
    at process.processTicksAndRejections (node:internal/process/task_queues:95:5)
    at async Set.run (/home/markmur88/.local/share/heroku/client/10.7.0-71cac0f/lib/commands/config/set.js:32:32)
    at async Set._run (/home/markmur88/.local/share/heroku/client/10.7.0-71cac0f/node_modules/@oclif/core/lib/command.js:117:22)
    at async Config.runCommand (/home/markmur88/.local/share/heroku/client/10.7.0-71cac0f/node_modules/@oclif/core/lib/config/config.js:314:25)
    at async Object.run (/home/markmur88/.local/share/heroku/client/10.7.0-71cac0f/node_modules/@oclif/core/lib/main.js:89:16)
⚠️  Error al cargar API_URL
Error: Your account reached the API rate limit Please wait a few minutes before making new requests. If you are in an embargoed region, you can't access Heroku.

Error ID: rate_limit
    at APIHTTPClient.request (/home/markmur88/.local/share/heroku/client/10.7.0-71cac0f/node_modules/@heroku-cli/command/lib/api-client.js:200:27)
    at process.processTicksAndRejections (node:internal/process/task_queues:95:5)
    at async Set.run (/home/markmur88/.local/share/heroku/client/10.7.0-71cac0f/lib/commands/config/set.js:32:32)
    at async Set._run (/home/markmur88/.local/share/heroku/client/10.7.0-71cac0f/node_modules/@oclif/core/lib/command.js:117:22)
    at async Config.runCommand (/home/markmur88/.local/share/heroku/client/10.7.0-71cac0f/node_modules/@oclif/core/lib/config/config.js:314:25)
    at async Object.run (/home/markmur88/.local/share/heroku/client/10.7.0-71cac0f/node_modules/@oclif/core/lib/main.js:89:16)
⚠️  Error al cargar SCOPE
Error: Your account reached the API rate limit Please wait a few minutes before making new requests. If you are in an embargoed region, you can't access Heroku.

Error ID: rate_limit
    at APIHTTPClient.request (/home/markmur88/.local/share/heroku/client/10.7.0-71cac0f/node_modules/@heroku-cli/command/lib/api-client.js:200:27)
    at process.processTicksAndRejections (node:internal/process/task_queues:95:5)
    at async Set.run (/home/markmur88/.local/share/heroku/client/10.7.0-71cac0f/lib/commands/config/set.js:32:32)
    at async Set._run (/home/markmur88/.local/share/heroku/client/10.7.0-71cac0f/node_modules/@oclif/core/lib/command.js:117:22)
    at async Config.runCommand (/home/markmur88/.local/share/heroku/client/10.7.0-71cac0f/node_modules/@oclif/core/lib/config/config.js:314:25)
    at async Object.run (/home/markmur88/.local/share/heroku/client/10.7.0-71cac0f/node_modules/@oclif/core/lib/main.js:89:16)
⚠️  Error al cargar TIMEOUT
Error: Your account reached the API rate limit Please wait a few minutes before making new requests. If you are in an embargoed region, you can't access Heroku.

Error ID: rate_limit
    at APIHTTPClient.request (/home/markmur88/.local/share/heroku/client/10.7.0-71cac0f/node_modules/@heroku-cli/command/lib/api-client.js:200:27)
    at process.processTicksAndRejections (node:internal/process/task_queues:95:5)
    at async Set.run (/home/markmur88/.local/share/heroku/client/10.7.0-71cac0f/lib/commands/config/set.js:32:32)
    at async Set._run (/home/markmur88/.local/share/heroku/client/10.7.0-71cac0f/node_modules/@oclif/core/lib/command.js:117:22)
    at async Config.runCommand (/home/markmur88/.local/share/heroku/client/10.7.0-71cac0f/node_modules/@oclif/core/lib/config/config.js:314:25)
    at async Object.run (/home/markmur88/.local/share/heroku/client/10.7.0-71cac0f/node_modules/@oclif/core/lib/main.js:89:16)
⚠️  Error al cargar TIMEOUT_REQUEST
Error: Your account reached the API rate limit Please wait a few minutes before making new requests. If you are in an embargoed region, you can't access Heroku.

Error ID: rate_limit
    at APIHTTPClient.request (/home/markmur88/.local/share/heroku/client/10.7.0-71cac0f/node_modules/@heroku-cli/command/lib/api-client.js:200:27)
    at process.processTicksAndRejections (node:internal/process/task_queues:95:5)
    at async Set.run (/home/markmur88/.local/share/heroku/client/10.7.0-71cac0f/lib/commands/config/set.js:32:32)
    at async Set._run (/home/markmur88/.local/share/heroku/client/10.7.0-71cac0f/node_modules/@oclif/core/lib/command.js:117:22)
    at async Config.runCommand (/home/markmur88/.local/share/heroku/client/10.7.0-71cac0f/node_modules/@oclif/core/lib/config/config.js:314:25)
    at async Object.run (/home/markmur88/.local/share/heroku/client/10.7.0-71cac0f/node_modules/@oclif/core/lib/main.js:89:16)
⚠️  Error al cargar PRIVATE_KEY_PATH
Error: Your account reached the API rate limit Please wait a few minutes before making new requests. If you are in an embargoed region, you can't access Heroku.

Error ID: rate_limit
    at APIHTTPClient.request (/home/markmur88/.local/share/heroku/client/10.7.0-71cac0f/node_modules/@heroku-cli/command/lib/api-client.js:200:27)
    at process.processTicksAndRejections (node:internal/process/task_queues:95:5)
    at async Set.run (/home/markmur88/.local/share/heroku/client/10.7.0-71cac0f/lib/commands/config/set.js:32:32)
    at async Set._run (/home/markmur88/.local/share/heroku/client/10.7.0-71cac0f/node_modules/@oclif/core/lib/command.js:117:22)
    at async Config.runCommand (/home/markmur88/.local/share/heroku/client/10.7.0-71cac0f/node_modules/@oclif/core/lib/config/config.js:314:25)
    at async Object.run (/home/markmur88/.local/share/heroku/client/10.7.0-71cac0f/node_modules/@oclif/core/lib/main.js:89:16)
⚠️  Error al cargar PRIVATE_KEY_KID
