[7;30m🚀 Subiendo el proyecto a Heroku y GitHub...[0m
[7;94m---///---///---///---///---///---///---///---///---///---[0m

[7;30mHaciendo git add...[0m
[7;94m---///---///---///---///---///---///---///---///---///---[0m

[7;30mHaciendo commit con el mensaje: "Deploy scripts comentarios"...[0m
[7;94m---///---///---///---///---///---///---///---///---///---[0m

[7;30mHaciendo push a GitHub...[0m
[7;94m---///---///---///---///---///---///---///---///---///---[0m

HRKU-6803f1ea-fd1f-4210-a5cd-95ca7902ccf6
[7;30mHaciendo push a Heroku...[0m
[7;94m---///---///---///---///---///---///---///---///---///---[0m

[7;30m✅ ¡Deploy completado![0m
[7;94m---///---///---///---///---///---///---///---///---///---[0m

[7;30m🚀 Subiendo el proyecto a Heroku y GitHub...[0m
[7;94m---///---///---///---///---///---///---///---///---///---[0m

[7;30mHaciendo git add...[0m
[7;94m---///---///---///---///---///---///---///---///---///---[0m

[7;30mHaciendo commit con el mensaje: "deploy 500"...[0m
[7;94m---///---///---///---///---///---///---///---///---///---[0m

[7;30mHaciendo push a GitHub...[0m
[7;94m---///---///---///---///---///---///---///---///---///---[0m

HRKU-6803f1ea-fd1f-4210-a5cd-95ca7902ccf6
[7;30mHaciendo push a Heroku...[0m
[7;94m---///---///---///---///---///---///---///---///---///---[0m

[7;30m✅ ¡Deploy completado![0m
[7;94m---///---///---///---///---///---///---///---///---///---[0m

[7;30m🚀 Subiendo el proyecto a Heroku y GitHub...[0m
[7;94m---///---///---///---///---///---///---///---///---///---[0m

[7;30mHaciendo git add...[0m
[7;94m---///---///---///---///---///---///---///---///---///---[0m

[7;30mHaciendo commit con el mensaje: "deploy DEBUG= False"...[0m
[7;94m---///---///---///---///---///---///---///---///---///---[0m

[7;30mHaciendo push a GitHub...[0m
[7;94m---///---///---///---///---///---///---///---///---///---[0m

HRKU-6803f1ea-fd1f-4210-a5cd-95ca7902ccf6
[7;30mHaciendo push a Heroku...[0m
[7;94m---///---///---///---///---///---///---///---///---///---[0m

[7;30m✅ ¡Deploy completado![0m
[7;94m---///---///---///---///---///---///---///---///---///---[0m

[7;30m🚀 Subiendo el proyecto a Heroku y GitHub...[0m
[7;94m---///---///---///---///---///---///---///---///---///---[0m

[7;30mHaciendo git add...[0m
[7;94m---///---///---///---///---///---///---///---///---///---[0m

[7;30mHaciendo commit con el mensaje: "Deploy"...[0m
[7;94m---///---///---///---///---///---///---///---///---///---[0m

[7;30mHaciendo push a GitHub...[0m
[7;94m---///---///---///---///---///---///---///---///---///---[0m

HRKU-6803f1ea-fd1f-4210-a5cd-95ca7902ccf6
[7;30mHaciendo push a Heroku...[0m
[7;94m---///---///---///---///---///---///---///---///---///---[0m

[7;30m✅ ¡Deploy completado![0m
[7;94m---///---///---///---///---///---///---///---///---///---[0m

[7;30m🚀 Subiendo el proyecto a Heroku y GitHub...[0m
[7;94m---///---///---///---///---///---///---///---///---///---[0m

[7;30mHaciendo git add...[0m
[7;94m---///---///---///---///---///---///---///---///---///---[0m

[7;30mHaciendo commit con el mensaje: "Deploy BDD"...[0m
[7;94m---///---///---///---///---///---///---///---///---///---[0m

[7;30mHaciendo push a GitHub...[0m
[7;94m---///---///---///---///---///---///---///---///---///---[0m

HRKU-6803f1ea-fd1f-4210-a5cd-95ca7902ccf6
[7;30mHaciendo push a Heroku...[0m
[7;94m---///---///---///---///---///---///---///---///---///---[0m

[7;30m✅ ¡Deploy completado![0m
[7;94m---///---///---///---///---///---///---///---///---///---[0m

[7;30m🚀 Subiendo el proyecto a Heroku y GitHub...[0m
[7;94m---///---///---///---///---///---///---///---///---///---[0m

[7;30mHaciendo git add...[0m
[7;94m---///---///---///---///---///---///---///---///---///---[0m

[7;30mHaciendo commit con el mensaje: "Deploy BDD"...[0m
[7;94m---///---///---///---///---///---///---///---///---///---[0m

[7;30mHaciendo push a GitHub...[0m
[7;94m---///---///---///---///---///---///---///---///---///---[0m

HRKU-6803f1ea-fd1f-4210-a5cd-95ca7902ccf6
[7;30mHaciendo push a Heroku...[0m
[7;94m---///---///---///---///---///---///---///---///---///---[0m

[7;30m✅ ¡Deploy completado![0m
[7;94m---///---///---///---///---///---///---///---///---///---[0m

[7;30m🚀 Subiendo el proyecto a Heroku y GitHub...[0m
[7;94m---///---///---///---///---///---///---///---///---///---[0m

[7;30mHaciendo git add...[0m
[7;94m---///---///---///---///---///---///---///---///---///---[0m

[7;30mHaciendo commit con el mensaje: "Deploy Settings"...[0m
[7;94m---///---///---///---///---///---///---///---///---///---[0m

[7;30mHaciendo push a GitHub...[0m
[7;94m---///---///---///---///---///---///---///---///---///---[0m

HRKU-6803f1ea-fd1f-4210-a5cd-95ca7902ccf6
[7;30mHaciendo push a Heroku...[0m
[7;94m---///---///---///---///---///---///---///---///---///---[0m

[7;30m✅ ¡Deploy completado![0m
[7;94m---///---///---///---///---///---///---///---///---///---[0m

[7;30m🚀 Subiendo el proyecto a Heroku y GitHub...[0m
[7;94m---///---///---///---///---///---///---///---///---///---[0m

[7;30mHaciendo git add...[0m
[7;94m---///---///---///---///---///---///---///---///---///---[0m

[7;30mHaciendo commit con el mensaje: "Deploy env"...[0m
[7;94m---///---///---///---///---///---///---///---///---///---[0m

[7;30mHaciendo push a GitHub...[0m
[7;94m---///---///---///---///---///---///---///---///---///---[0m

HRKU-6803f1ea-fd1f-4210-a5cd-95ca7902ccf6
[7;30mHaciendo push a Heroku...[0m
[7;94m---///---///---///---///---///---///---///---///---///---[0m

[7;30m✅ ¡Deploy completado![0m
[7;94m---///---///---///---///---///---///---///---///---///---[0m

[7;30m🚀 Subiendo el proyecto a Heroku y GitHub...[0m
[7;94m---///---///---///---///---///---///---///---///---///---[0m

[7;30mHaciendo git add...[0m
[7;94m---///---///---///---///---///---///---///---///---///---[0m

[7;30mHaciendo commit con el mensaje: "Deploy certs"...[0m
[7;94m---///---///---///---///---///---///---///---///---///---[0m

[7;30mHaciendo push a GitHub...[0m
[7;94m---///---///---///---///---///---///---///---///---///---[0m

HRKU-6803f1ea-fd1f-4210-a5cd-95ca7902ccf6
[7;30mHaciendo push a Heroku...[0m
[7;94m---///---///---///---///---///---///---///---///---///---[0m

[7;30m✅ ¡Deploy completado![0m
[7;94m---///---///---///---///---///---///---///---///---///---[0m

