[2025-05-16 09:14:51 +0200] [540538] [INFO] Starting gunicorn 23.0.0
[2025-05-16 09:14:51 +0200] [540538] [INFO] Listening at: http://0.0.0.0:8011 (540538)
[2025-05-16 09:14:51 +0200] [540538] [INFO] Using worker: sync
[2025-05-16 09:14:51 +0200] [540541] [INFO] Booting worker with pid: 540541
[2025-05-16 09:14:51 +0200] [540542] [INFO] Booting worker with pid: 540542
[2025-05-16 09:14:51 +0200] [540543] [INFO] Booting worker with pid: 540543
[2025-05-16 07:19:32 +0000] [540542] [INFO] Worker exiting (pid: 540542)
[2025-05-16 07:19:32 +0000] [540541] [INFO] Worker exiting (pid: 540541)
[2025-05-16 09:19:32 +0200] [540538] [INFO] Handling signal: term
[2025-05-16 07:19:32 +0000] [540543] [INFO] Worker exiting (pid: 540543)
[2025-05-16 09:19:32 +0200] [540538] [INFO] Shutting down: Master
[2025-05-16 09:23:58 +0200] [549140] [INFO] Starting gunicorn 23.0.0
[2025-05-16 09:23:58 +0200] [549140] [INFO] Listening at: http://0.0.0.0:8011 (549140)
[2025-05-16 09:23:58 +0200] [549140] [INFO] Using worker: sync
[2025-05-16 09:23:58 +0200] [549142] [INFO] Booting worker with pid: 549142
[2025-05-16 09:23:58 +0200] [549143] [INFO] Booting worker with pid: 549143
[2025-05-16 09:23:58 +0200] [549144] [INFO] Booting worker with pid: 549144
[2025-05-16 09:33:25 +0200] [549140] [INFO] Handling signal: term
[2025-05-16 07:33:25 +0000] [549143] [INFO] Worker exiting (pid: 549143)
[2025-05-16 07:33:25 +0000] [549142] [INFO] Worker exiting (pid: 549142)
[2025-05-16 09:33:25 +0200] [549140] [ERROR] Worker (pid:549142) was sent SIGTERM!
[2025-05-16 07:33:25 +0000] [549144] [INFO] Worker exiting (pid: 549144)
[2025-05-16 09:33:25 +0200] [549140] [ERROR] Worker (pid:549143) was sent SIGTERM!
[2025-05-16 09:33:25 +0200] [549140] [INFO] Shutting down: Master
[2025-05-16 09:36:50 +0200] [559787] [INFO] Starting gunicorn 23.0.0
[2025-05-16 09:36:50 +0200] [559787] [INFO] Listening at: http://0.0.0.0:8011 (559787)
[2025-05-16 09:36:50 +0200] [559787] [INFO] Using worker: sync
[2025-05-16 09:36:50 +0200] [559789] [INFO] Booting worker with pid: 559789
[2025-05-16 09:36:50 +0200] [559790] [INFO] Booting worker with pid: 559790
[2025-05-16 09:36:50 +0200] [559791] [INFO] Booting worker with pid: 559791
[2025-05-16 09:38:57 +0200] [559787] [INFO] Handling signal: term
[2025-05-16 07:38:57 +0000] [559789] [INFO] Worker exiting (pid: 559789)
[2025-05-16 07:38:57 +0000] [559790] [INFO] Worker exiting (pid: 559790)
[2025-05-16 07:38:57 +0000] [559791] [INFO] Worker exiting (pid: 559791)
[2025-05-16 09:38:57 +0200] [559787] [INFO] Shutting down: Master
[2025-05-16 09:39:51 +0200] [563608] [INFO] Starting gunicorn 23.0.0
[2025-05-16 09:39:51 +0200] [563608] [INFO] Listening at: http://0.0.0.0:8011 (563608)
[2025-05-16 09:39:51 +0200] [563608] [INFO] Using worker: sync
[2025-05-16 09:39:51 +0200] [563611] [INFO] Booting worker with pid: 563611
[2025-05-16 09:39:51 +0200] [563612] [INFO] Booting worker with pid: 563612
[2025-05-16 09:39:51 +0200] [563613] [INFO] Booting worker with pid: 563613
[2025-05-16 07:43:06 +0000] [563612] [INFO] Worker exiting (pid: 563612)
[2025-05-16 07:43:06 +0000] [563611] [INFO] Worker exiting (pid: 563611)
[2025-05-16 09:43:06 +0200] [563608] [INFO] Handling signal: term
[2025-05-16 07:43:06 +0000] [563613] [INFO] Worker exiting (pid: 563613)
[2025-05-16 09:43:06 +0200] [563608] [ERROR] Worker (pid:563612) was sent SIGTERM!
[2025-05-16 09:43:06 +0200] [563608] [ERROR] Worker (pid:563611) was sent SIGTERM!
[2025-05-16 07:43:06 +0000] [566503] [INFO] Starting gunicorn 23.0.0
[2025-05-16 09:43:06 +0200] [563608] [INFO] Shutting down: Master
[2025-05-16 09:43:59 +0200] [567948] [INFO] Starting gunicorn 23.0.0
[2025-05-16 09:43:59 +0200] [567948] [INFO] Listening at: http://0.0.0.0:8011 (567948)
[2025-05-16 09:43:59 +0200] [567948] [INFO] Using worker: sync
[2025-05-16 09:43:59 +0200] [567951] [INFO] Booting worker with pid: 567951
[2025-05-16 09:44:00 +0200] [567952] [INFO] Booting worker with pid: 567952
[2025-05-16 09:44:00 +0200] [567953] [INFO] Booting worker with pid: 567953
[2025-05-16 07:54:08 +0000] [567952] [INFO] Worker exiting (pid: 567952)
[2025-05-16 09:54:08 +0200] [567948] [INFO] Handling signal: term
[2025-05-16 07:54:08 +0000] [567951] [INFO] Worker exiting (pid: 567951)
[2025-05-16 07:54:08 +0000] [567953] [INFO] Worker exiting (pid: 567953)
[2025-05-16 07:54:08 +0000] [576752] [INFO] Starting gunicorn 23.0.0
[2025-05-16 09:54:08 +0200] [567948] [INFO] Shutting down: Master
[2025-05-16 10:07:31 +0200] [587993] [INFO] Starting gunicorn 23.0.0
[2025-05-16 10:07:31 +0200] [587993] [INFO] Listening at: http://0.0.0.0:8011 (587993)
[2025-05-16 10:07:31 +0200] [587993] [INFO] Using worker: sync
[2025-05-16 10:07:31 +0200] [587996] [INFO] Booting worker with pid: 587996
[2025-05-16 10:07:31 +0200] [588005] [INFO] Booting worker with pid: 588005
[2025-05-16 10:07:31 +0200] [588006] [INFO] Booting worker with pid: 588006
[2025-05-16 08:10:45 +0000] [587996] [INFO] Worker exiting (pid: 587996)
[2025-05-16 10:10:45 +0200] [587993] [INFO] Handling signal: term
[2025-05-16 10:10:45 +0200] [587993] [ERROR] Worker (pid:587996) was sent SIGHUP!
[2025-05-16 10:10:45 +0200] [587993] [ERROR] Worker (pid:588006) was sent SIGHUP!
[2025-05-16 10:10:45 +0200] [587993] [ERROR] Worker (pid:588005) was sent SIGHUP!
[2025-05-16 10:10:45 +0200] [587993] [INFO] Shutting down: Master
