🟢 Notificaciones activadas cada 15 minutos exactos del reloj.

(zenity:60747): Gtk-WARNING **: 13:14:16.926: Theme parser error: gtk.css:3995:3-22: No property named "-gtk-outline-radius"

(zenity:60747): Gtk-WARNING **: 13:14:16.927: Theme parser error: gtk.css:4112:3-29: No property named "-GtkWidget-window-dragging"

(zenity:60747): Gtk-WARNING **: 13:14:16.927: Theme parser error: gtk.css:4126:9-37: No property named "-gtk-outline-top-left-radius"

(zenity:60747): Gtk-WARNING **: 13:14:16.928: Theme parser error: gtk.css:4128:9-38: No property named "-gtk-outline-top-right-radius"

(zenity:60747): Gtk-WARNING **: 13:14:16.928: Theme parser error: gtk.css:4131:9-40: No property named "-gtk-outline-bottom-left-radius"

(zenity:60747): Gtk-WARNING **: 13:14:16.928: Theme parser error: gtk.css:4133:9-41: No property named "-gtk-outline-bottom-right-radius"

(zenity:60747): Gtk-WARNING **: 13:14:16.928: Theme parser error: gtk.css:4136:5-33: No property named "-gtk-outline-top-left-radius"

(zenity:60747): Gtk-WARNING **: 13:14:16.928: Theme parser error: gtk.css:4138:5-34: No property named "-gtk-outline-top-right-radius"

(zenity:60747): Gtk-WARNING **: 13:14:16.928: Theme parser error: gtk.css:4141:5-36: No property named "-gtk-outline-bottom-left-radius"

(zenity:60751): Gtk-WARNING **: 13:14:16.928: Theme parser error: gtk.css:3995:3-22: No property named "-gtk-outline-radius"

(zenity:60747): Gtk-WARNING **: 13:14:16.928: Theme parser error: gtk.css:4143:5-37: No property named "-gtk-outline-bottom-right-radius"

(zenity:60747): Gtk-WARNING **: 13:14:16.928: Theme parser error: gtk.css:4149:7-36: No property named "-gtk-outline-top-right-radius"

(zenity:60747): Gtk-WARNING **: 13:14:16.928: Theme parser error: gtk.css:4151:7-39: No property named "-gtk-outline-bottom-right-radius"

(zenity:60747): Gtk-WARNING **: 13:14:16.928: Theme parser error: gtk.css:4154:7-35: No property named "-gtk-outline-top-left-radius"

(zenity:60747): Gtk-WARNING **: 13:14:16.928: Theme parser error: gtk.css:4156:7-38: No property named "-gtk-outline-bottom-left-radius"

(zenity:60751): Gtk-WARNING **: 13:14:16.929: Theme parser error: gtk.css:4112:3-29: No property named "-GtkWidget-window-dragg
(zenity:60747): Gtk-WARNING **: 13:14:16.929: Theme parser error: gtk.css:4230:23-37: Not a valid image
ing"

(zenity:60751): Gtk-WARNING **: 13:14:16.929: Theme parser error: gtk.css:4126:9-37: No property named "-gtk-outline-top-left-radius"

(zenity:60751): Gtk-WARNING **: 13:14:16.929: Theme parser error: gtk.css:4128:9-38: No property named "-gtk-outline-top-right-radius"

(zenity:60751): Gtk-WARNING **: 13:14:16.929: Theme parser error: gtk.css:4131:9-40: No property named "-gtk-outline-bottom-left-radius"

(zenity:60751): Gtk-WARNING **: 13:14:16.929: Theme parser error: gtk.css:4133:9-41: No property named "-gtk-outline-bottom-right-radius"

(zenity:60751): Gtk-WARNING **: 13:14:16.929: Theme parser error: gtk.css:4136:5-33: No property named "-gtk-outline-top-left-radius"

(zenity:60751): Gtk-WARNING **: 13:14:16.929: Theme parser error: gtk.css:4138:5-34: No property named "-gtk-outline-top-right-radius"

(zenity:60747): Gtk-WARNING **: 13:14:16.929: Theme parser error: gtk.css:4269:3-31: No property named "-gtk-outline-top-left-radius"

(zenity:60751): Gtk-WARNING **: 13:14:16.929: Theme parser error: gtk.css:4141:5-36: No property named "-gtk-outline-bottom-left-radius"

(zenity:60747): Gtk-WARNING **: 13:14:16.929: Theme parser error: gtk.css:4271:3-32: No property named "-gtk-outline-top-right-radius"

(zenity:60751): Gtk-WARNING **: 13:14:16.929: Theme parser error: gtk.css:4143:5-37: No property named "-gtk-outline-bottom-right-radius"

(zenity:60751): Gtk-WARNING **: 13:14:16.929: Theme parser error: gtk.css:4149:7-36: No property named "-gtk-outline-top-right-radius"

(zenity:60747): Gtk-WARNING **: 13:14:16.929: Theme parser error: gtk.css:4278:3-34: No property named "-gtk-outline-bottom-left-radius"

(zenity:60751): Gtk-WARNING **: 13:14:16.929: Theme parser error: gtk.css:4151:7-39: No property named "-gtk-outline-bottom-rig
(zenity:60747): Gtk-WARNING **: 13:14:16.929: Theme parser error: gtk.css:4280:3-35: No property named "-gtk-outline-bottom-right-radius"
ht-radius"

(zenity:60751): Gtk-WARNING **: 13:14:16.929: Theme parser error: gtk.css:4154:7-35: No property named "-gtk-outline-top-left-radius"

(zenity:60751): Gtk-WARNING **: 13:14:16.929: Theme parser error: gtk.css:4156:7-38: No property named "-gtk-outline-bottom-left-radius"

(zenity:60751): Gtk-WARNING **: 13:14:16.930: Theme parser error: gtk.css:4230:23-37: Not a valid image

(zenity:60751): Gtk-WARNING **: 13:14:16.930: Theme parser error: gtk.css:4269:3-31: No property named "-gtk-outline-top-left-radius"

(zenity:60751): Gtk-WARNING **: 13:14:16.931: Theme parser error: gtk.css:4271:3-32: No property named "-gtk-outline-top-right-radius"

(zenity:60751): Gtk-WARNING **: 13:14:16.931: Theme parser error: gtk.css:4278:3-34: No property named "-gtk-outline-bottom-left-radius"

(zenity:60751): Gtk-WARNING **: 13:14:16.931: Theme parser error: gtk.css:4280:3-35: No property named "-gtk-outline-bottom-right-radius"

(zenity:60747): Gtk-WARNING **: 13:14:16.933: Theme parser error: gtk.css:4948:12-17: "shade" is not a valid color name.

(zenity:60747): Gtk-WARNING **: 13:14:16.934: Theme parser error: gtk.css:5008:12-17: "shade" is not a valid color name.

(zenity:60747): Gtk-WARNING **: 13:14:16.934: Theme parser error: gtk.css:5035:12-15: "mix" is not a valid color name.

(zenity:60747): Gtk-WARNING **: 13:14:16.934: Theme parser error: gtk.css:5039:12-15: "mix" is not a valid color name.

(zenity:60747): Gtk-WARNING **: 13:14:16.935: Theme parser warning: gtk.css:5240:3-5241:1: Expected ';' at end of block

(zenity:60747): Gtk-WARNING **: 13:14:16.935: Theme parser error: gtk.css:5271:3-19: No property named "-gtk-icon-effect"

(zenity:60751): Gtk-WARNING **: 13:14:16.936: Theme parser error: gtk.css:4948:12-17: "shade" is not a valid color name.

(zenity:60751): Gtk-WARNING **: 13:14:16.936: Theme parser error: gtk.css:5008:12-17: "shade" is not a valid color name.

(zenity:60751): Gtk-WARNING **: 13:14:16.936: Theme parser error: gtk.css:5035:12-15: "mix" is not a valid color name.

(zenity:60751): Gtk-WARNING **: 13:14:16.937: Theme parser error: gtk.css:5039:12-15: "mix" is not a valid color name.

(zenity:60751): Gtk-WARNING **: 13:14:16.938: Theme parser warning: gtk.css:5240:3-5241:1: Expected ';' at end of block

(zenity:60751): Gtk-WARNING **: 13:14:16.938: Theme parser error: gtk.css:5271:3-19: No property named "-gtk-icon-effect"

(zenity:60747): Gtk-WARNING **: 13:14:18.618: Trying to measure GtkLabel 0x55f04d2493a0 for width of 252, but it needs at least 297

(zenity:60919): Gtk-WARNING **: 13:14:24.428: Theme parser error: gtk.css:3995:3-22: No property named "-gtk-outline-radius"

(zenity:60919): Gtk-WARNING **: 13:14:24.429: Theme parser error: gtk.css:4112:3-29: No property named "-GtkWidget-window-dragging"

(zenity:60919): Gtk-WARNING **: 13:14:24.429: Theme parser error: gtk.css:4126:9-37: No property named "-gtk-outline-top-left-radius"

(zenity:60919): Gtk-WARNING **: 13:14:24.429: Theme parser error: gtk.css:4128:9-38: No property named "-gtk-outline-top-right-radius"

(zenity:60919): Gtk-WARNING **: 13:14:24.429: Theme parser error: gtk.css:4131:9-40: No property named "-gtk-outline-bottom-left-radius"

(zenity:60919): Gtk-WARNING **: 13:14:24.429: Theme parser error: gtk.css:4133:9-41: No property named "-gtk-outline-bottom-right-radius"

(zenity:60919): Gtk-WARNING **: 13:14:24.429: Theme parser error: gtk.css:4136:5-33: No property named "-gtk-outline-top-left-radius"

(zenity:60919): Gtk-WARNING **: 13:14:24.429: Theme parser error: gtk.css:4138:5-34: No property named "-gtk-outline-top-right-radius"

(zenity:60919): Gtk-WARNING **: 13:14:24.429: Theme parser error: gtk.css:4141:5-36: No property named "-gtk-outline-bottom-left-radius"

(zenity:60919): Gtk-WARNING **: 13:14:24.429: Theme parser error: gtk.css:4143:5-37: No property named "-gtk-outline-bottom-right-radius"

(zenity:60919): Gtk-WARNING **: 13:14:24.429: Theme parser error: gtk.css:4149:7-36: No property named "-gtk-outline-top-right-radius"

(zenity:60919): Gtk-WARNING **: 13:14:24.430: Theme parser error: gtk.css:4151:7-39: No property named "-gtk-outline-bottom-right-radius"

(zenity:60919): Gtk-WARNING **: 13:14:24.430: Theme parser error: gtk.css:4154:7-35: No property named "-gtk-outline-top-left-radius"

(zenity:60919): Gtk-WARNING **: 13:14:24.430: Theme parser error: gtk.css:4156:7-38: No property named "-gtk-outline-bottom-left-radius"

(zenity:60919): Gtk-WARNING **: 13:14:24.430: Theme parser error: gtk.css:4230:23-37: Not a valid image

(zenity:60919): Gtk-WARNING **: 13:14:24.431: Theme parser error: gtk.css:4269:3-31: No property named "-gtk-outline-top-left-radius"

(zenity:60919): Gtk-WARNING **: 13:14:24.431: Theme parser error: gtk.css:4271:3-32: No property named "-gtk-outline-top-right-radius"

(zenity:60919): Gtk-WARNING **: 13:14:24.431: Theme parser error: gtk.css:4278:3-34: No property named "-gtk-outline-bottom-left-radius"

(zenity:60919): Gtk-WARNING **: 13:14:24.431: Theme parser error: gtk.css:4280:3-35: No property named "-gtk-outline-bottom-right-radius"

(zenity:60919): Gtk-WARNING **: 13:14:24.434: Theme parser error: gtk.css:4948:12-17: "shade" is not a valid color name.

(zenity:60919): Gtk-WARNING **: 13:14:24.435: Theme parser error: gtk.css:5008:12-17: "shade" is not a valid color name.

(zenity:60919): Gtk-WARNING **: 13:14:24.435: Theme parser error: gtk.css:5035:12-15: "mix" is not a valid color name.

(zenity:60919): Gtk-WARNING **: 13:14:24.435: Theme parser error: gtk.css:5039:12-15: "mix" is not a valid color name.

(zenity:60919): Gtk-WARNING **: 13:14:24.436: Theme parser warning: gtk.css:5240:3-5241:1: Expected ';' at end of block

(zenity:60919): Gtk-WARNING **: 13:14:24.436: Theme parser error: gtk.css:5271:3-19: No property named "-gtk-icon-effect"

(zenity:60963): Gtk-WARNING **: 13:14:28.322: Theme parser error: gtk.css:3995:3-22: No property named "-gtk-outline-radius"

(zenity:60963): Gtk-WARNING **: 13:14:28.323: Theme parser error: gtk.css:4112:3-29: No property named "-GtkWidget-window-dragging"

(zenity:60963): Gtk-WARNING **: 13:14:28.323: Theme parser error: gtk.css:4126:9-37: No property named "-gtk-outline-top-left-radius"

(zenity:60963): Gtk-WARNING **: 13:14:28.323: Theme parser error: gtk.css:4128:9-38: No property named "-gtk-outline-top-right-radius"

(zenity:60963): Gtk-WARNING **: 13:14:28.324: Theme parser error: gtk.css:4131:9-40: No property named "-gtk-outline-bottom-left-radius"

(zenity:60963): Gtk-WARNING **: 13:14:28.324: Theme parser error: gtk.css:4133:9-41: No property named "-gtk-outline-bottom-right-radius"

(zenity:60963): Gtk-WARNING **: 13:14:28.324: Theme parser error: gtk.css:4136:5-33: No property named "-gtk-outline-top-left-radius"

(zenity:60963): Gtk-WARNING **: 13:14:28.324: Theme parser error: gtk.css:4138:5-34: No property named "-gtk-outline-top-right-radius"

(zenity:60963): Gtk-WARNING **: 13:14:28.324: Theme parser error: gtk.css:4141:5-36: No property named "-gtk-outline-bottom-left-radius"

(zenity:60963): Gtk-WARNING **: 13:14:28.324: Theme parser error: gtk.css:4143:5-37: No property named "-gtk-outline-bottom-right-radius"

(zenity:60963): Gtk-WARNING **: 13:14:28.324: Theme parser error: gtk.css:4149:7-36: No property named "-gtk-outline-top-right-radius"

(zenity:60963): Gtk-WARNING **: 13:14:28.324: Theme parser error: gtk.css:4151:7-39: No property named "-gtk-outline-bottom-right-radius"

(zenity:60963): Gtk-WARNING **: 13:14:28.324: Theme parser error: gtk.css:4154:7-35: No property named "-gtk-outline-top-left-radius"

(zenity:60963): Gtk-WARNING **: 13:14:28.324: Theme parser error: gtk.css:4156:7-38: No property named "-gtk-outline-bottom-left-radius"

(zenity:60963): Gtk-WARNING **: 13:14:28.325: Theme parser error: gtk.css:4230:23-37: Not a valid image

(zenity:60963): Gtk-WARNING **: 13:14:28.325: Theme parser error: gtk.css:4269:3-31: No property named "-gtk-outline-top-left-radius"

(zenity:60963): Gtk-WARNING **: 13:14:28.325: Theme parser error: gtk.css:4271:3-32: No property named "-gtk-outline-top-right-radius"

(zenity:60963): Gtk-WARNING **: 13:14:28.325: Theme parser error: gtk.css:4278:3-34: No property named "-gtk-outline-bottom-left-radius"

(zenity:60963): Gtk-WARNING **: 13:14:28.325: Theme parser error: gtk.css:4280:3-35: No property named "-gtk-outline-bottom-right-radius"

(zenity:60963): Gtk-WARNING **: 13:14:28.330: Theme parser error: gtk.css:4948:12-17: "shade" is not a valid color name.

(zenity:60963): Gtk-WARNING **: 13:14:28.330: Theme parser error: gtk.css:5008:12-17: "shade" is not a valid color name.

(zenity:60963): Gtk-WARNING **: 13:14:28.331: Theme parser error: gtk.css:5035:12-15: "mix" is not a valid color name.

(zenity:60963): Gtk-WARNING **: 13:14:28.331: Theme parser error: gtk.css:5039:12-15: "mix" is not a valid color name.

(zenity:60963): Gtk-WARNING **: 13:14:28.332: Theme parser warning: gtk.css:5240:3-5241:1: Expected ';' at end of block

(zenity:60963): Gtk-WARNING **: 13:14:28.332: Theme parser error: gtk.css:5271:3-19: No property named "-gtk-icon-effect"

(zenity:61116): Gtk-WARNING **: 13:14:41.108: Theme parser error: gtk.css:3995:3-22: No property named "-gtk-outline-radius"

(zenity:61116): Gtk-WARNING **: 13:14:41.111: Theme parser error: gtk.css:4112:3-29: No property named "-GtkWidget-window-dragging"

(zenity:61116): Gtk-WARNING **: 13:14:41.112: Theme parser error: gtk.css:4126:9-37: No property named "-gtk-outline-top-left-radius"

(zenity:61116): Gtk-WARNING **: 13:14:41.112: Theme parser error: gtk.css:4128:9-38: No property named "-gtk-outline-top-right-radius"

(zenity:61116): Gtk-WARNING **: 13:14:41.112: Theme parser error: gtk.css:4131:9-40: No property named "-gtk-outline-bottom-left-radius"

(zenity:61116): Gtk-WARNING **: 13:14:41.112: Theme parser error: gtk.css:4133:9-41: No property named "-gtk-outline-bottom-right-radius"

(zenity:61116): Gtk-WARNING **: 13:14:41.113: Theme parser error: gtk.css:4136:5-33: No property named "-gtk-outline-top-left-radius"

(zenity:61116): Gtk-WARNING **: 13:14:41.113: Theme parser error: gtk.css:4138:5-34: No property named "-gtk-outline-top-right-radius"

(zenity:61116): Gtk-WARNING **: 13:14:41.113: Theme parser error: gtk.css:4141:5-36: No property named "-gtk-outline-bottom-left-radius"

(zenity:61116): Gtk-WARNING **: 13:14:41.113: Theme parser error: gtk.css:4143:5-37: No property named "-gtk-outline-bottom-right-radius"

(zenity:61116): Gtk-WARNING **: 13:14:41.114: Theme parser error: gtk.css:4149:7-36: No property named "-gtk-outline-top-right-radius"

(zenity:61116): Gtk-WARNING **: 13:14:41.114: Theme parser error: gtk.css:4151:7-39: No property named "-gtk-outline-bottom-right-radius"

(zenity:61116): Gtk-WARNING **: 13:14:41.114: Theme parser error: gtk.css:4154:7-35: No property named "-gtk-outline-top-left-radius"

(zenity:61116): Gtk-WARNING **: 13:14:41.114: Theme parser error: gtk.css:4156:7-38: No property named "-gtk-outline-bottom-left-radius"

(zenity:61116): Gtk-WARNING **: 13:14:41.115: Theme parser error: gtk.css:4230:23-37: Not a valid image

(zenity:61116): Gtk-WARNING **: 13:14:41.116: Theme parser error: gtk.css:4269:3-31: No property named "-gtk-outline-top-left-radius"

(zenity:61116): Gtk-WARNING **: 13:14:41.117: Theme parser error: gtk.css:4271:3-32: No property named "-gtk-outline-top-right-radius"

(zenity:61116): Gtk-WARNING **: 13:14:41.117: Theme parser error: gtk.css:4278:3-34: No property named "-gtk-outline-bottom-left-radius"

(zenity:61116): Gtk-WARNING **: 13:14:41.117: Theme parser error: gtk.css:4280:3-35: No property named "-gtk-outline-bottom-right-radius"

(zenity:61116): Gtk-WARNING **: 13:14:41.124: Theme parser error: gtk.css:4948:12-17: "shade" is not a valid color name.

(zenity:61116): Gtk-WARNING **: 13:14:41.126: Theme parser error: gtk.css:5008:12-17: "shade" is not a valid color name.

(zenity:61116): Gtk-WARNING **: 13:14:41.127: Theme parser error: gtk.css:5035:12-15: "mix" is not a valid color name.

(zenity:61116): Gtk-WARNING **: 13:14:41.127: Theme parser error: gtk.css:5039:12-15: "mix" is not a valid color name.

(zenity:61116): Gtk-WARNING **: 13:14:41.129: Theme parser warning: gtk.css:5240:3-5241:1: Expected ';' at end of block

(zenity:61116): Gtk-WARNING **: 13:14:41.129: Theme parser error: gtk.css:5271:3-19: No property named "-gtk-icon-effect"

(zenity:61159): Gtk-WARNING **: 13:14:44.390: Theme parser error: gtk.css:3995:3-22: No property named "-gtk-outline-radius"

(zenity:61159): Gtk-WARNING **: 13:14:44.392: Theme parser error: gtk.css:4112:3-29: No property named "-GtkWidget-window-dragging"

(zenity:61159): Gtk-WARNING **: 13:14:44.392: Theme parser error: gtk.css:4126:9-37: No property named "-gtk-outline-top-left-radius"

(zenity:61159): Gtk-WARNING **: 13:14:44.392: Theme parser error: gtk.css:4128:9-38: No property named "-gtk-outline-top-right-radius"

(zenity:61159): Gtk-WARNING **: 13:14:44.392: Theme parser error: gtk.css:4131:9-40: No property named "-gtk-outline-bottom-left-radius"

(zenity:61159): Gtk-WARNING **: 13:14:44.392: Theme parser error: gtk.css:4133:9-41: No property named "-gtk-outline-bottom-right-radius"

(zenity:61159): Gtk-WARNING **: 13:14:44.392: Theme parser error: gtk.css:4136:5-33: No property named "-gtk-outline-top-left-radius"

(zenity:61159): Gtk-WARNING **: 13:14:44.392: Theme parser error: gtk.css:4138:5-34: No property named "-gtk-outline-top-right-radius"

(zenity:61159): Gtk-WARNING **: 13:14:44.392: Theme parser error: gtk.css:4141:5-36: No property named "-gtk-outline-bottom-left-radius"

(zenity:61159): Gtk-WARNING **: 13:14:44.393: Theme parser error: gtk.css:4143:5-37: No property named "-gtk-outline-bottom-right-radius"

(zenity:61159): Gtk-WARNING **: 13:14:44.393: Theme parser error: gtk.css:4149:7-36: No property named "-gtk-outline-top-right-radius"

(zenity:61159): Gtk-WARNING **: 13:14:44.393: Theme parser error: gtk.css:4151:7-39: No property named "-gtk-outline-bottom-right-radius"

(zenity:61159): Gtk-WARNING **: 13:14:44.393: Theme parser error: gtk.css:4154:7-35: No property named "-gtk-outline-top-left-radius"

(zenity:61159): Gtk-WARNING **: 13:14:44.393: Theme parser error: gtk.css:4156:7-38: No property named "-gtk-outline-bottom-left-radius"

(zenity:61159): Gtk-WARNING **: 13:14:44.393: Theme parser error: gtk.css:4230:23-37: Not a valid image

(zenity:61159): Gtk-WARNING **: 13:14:44.394: Theme parser error: gtk.css:4269:3-31: No property named "-gtk-outline-top-left-radius"

(zenity:61159): Gtk-WARNING **: 13:14:44.394: Theme parser error: gtk.css:4271:3-32: No property named "-gtk-outline-top-right-radius"

(zenity:61159): Gtk-WARNING **: 13:14:44.394: Theme parser error: gtk.css:4278:3-34: No property named "-gtk-outline-bottom-left-radius"

(zenity:61159): Gtk-WARNING **: 13:14:44.394: Theme parser error: gtk.css:4280:3-35: No property named "-gtk-outline-bottom-right-radius"

(zenity:61159): Gtk-WARNING **: 13:14:44.404: Theme parser error: gtk.css:4948:12-17: "shade" is not a valid color name.

(zenity:61159): Gtk-WARNING **: 13:14:44.405: Theme parser error: gtk.css:5008:12-17: "shade" is not a valid color name.

(zenity:61159): Gtk-WARNING **: 13:14:44.405: Theme parser error: gtk.css:5035:12-15: "mix" is not a valid color name.

(zenity:61159): Gtk-WARNING **: 13:14:44.405: Theme parser error: gtk.css:5039:12-15: "mix" is not a valid color name.

(zenity:61159): Gtk-WARNING **: 13:14:44.407: Theme parser warning: gtk.css:5240:3-5241:1: Expected ';' at end of block

(zenity:61159): Gtk-WARNING **: 13:14:44.408: Theme parser error: gtk.css:5271:3-19: No property named "-gtk-icon-effect"

(zenity:61230): Gtk-WARNING **: 13:14:50.017: Theme parser error: gtk.css:3995:3-22: No property named "-gtk-outline-radius"

(zenity:61230): Gtk-WARNING **: 13:14:50.018: Theme parser error: gtk.css:4112:3-29: No property named "-GtkWidget-window-dragging"

(zenity:61230): Gtk-WARNING **: 13:14:50.018: Theme parser error: gtk.css:4126:9-37: No property named "-gtk-outline-top-left-radius"

(zenity:61230): Gtk-WARNING **: 13:14:50.018: Theme parser error: gtk.css:4128:9-38: No property named "-gtk-outline-top-right-radius"

(zenity:61230): Gtk-WARNING **: 13:14:50.018: Theme parser error: gtk.css:4131:9-40: No property named "-gtk-outline-bottom-left-radius"

(zenity:61230): Gtk-WARNING **: 13:14:50.019: Theme parser error: gtk.css:4133:9-41: No property named "-gtk-outline-bottom-right-radius"

(zenity:61230): Gtk-WARNING **: 13:14:50.019: Theme parser error: gtk.css:4136:5-33: No property named "-gtk-outline-top-left-radius"

(zenity:61230): Gtk-WARNING **: 13:14:50.019: Theme parser error: gtk.css:4138:5-34: No property named "-gtk-outline-top-right-radius"

(zenity:61230): Gtk-WARNING **: 13:14:50.019: Theme parser error: gtk.css:4141:5-36: No property named "-gtk-outline-bottom-left-radius"

(zenity:61230): Gtk-WARNING **: 13:14:50.019: Theme parser error: gtk.css:4143:5-37: No property named "-gtk-outline-bottom-right-radius"

(zenity:61230): Gtk-WARNING **: 13:14:50.019: Theme parser error: gtk.css:4149:7-36: No property named "-gtk-outline-top-right-radius"

(zenity:61230): Gtk-WARNING **: 13:14:50.019: Theme parser error: gtk.css:4151:7-39: No property named "-gtk-outline-bottom-right-radius"

(zenity:61230): Gtk-WARNING **: 13:14:50.019: Theme parser error: gtk.css:4154:7-35: No property named "-gtk-outline-top-left-radius"

(zenity:61230): Gtk-WARNING **: 13:14:50.019: Theme parser error: gtk.css:4156:7-38: No property named "-gtk-outline-bottom-left-radius"

(zenity:61230): Gtk-WARNING **: 13:14:50.020: Theme parser error: gtk.css:4230:23-37: Not a valid image

(zenity:61230): Gtk-WARNING **: 13:14:50.020: Theme parser error: gtk.css:4269:3-31: No property named "-gtk-outline-top-left-radius"

(zenity:61230): Gtk-WARNING **: 13:14:50.020: Theme parser error: gtk.css:4271:3-32: No property named "-gtk-outline-top-right-radius"

(zenity:61230): Gtk-WARNING **: 13:14:50.021: Theme parser error: gtk.css:4278:3-34: No property named "-gtk-outline-bottom-left-radius"

(zenity:61230): Gtk-WARNING **: 13:14:50.021: Theme parser error: gtk.css:4280:3-35: No property named "-gtk-outline-bottom-right-radius"

(zenity:61230): Gtk-WARNING **: 13:14:50.025: Theme parser error: gtk.css:4948:12-17: "shade" is not a valid color name.

(zenity:61230): Gtk-WARNING **: 13:14:50.025: Theme parser error: gtk.css:5008:12-17: "shade" is not a valid color name.

(zenity:61230): Gtk-WARNING **: 13:14:50.025: Theme parser error: gtk.css:5035:12-15: "mix" is not a valid color name.

(zenity:61230): Gtk-WARNING **: 13:14:50.025: Theme parser error: gtk.css:5039:12-15: "mix" is not a valid color name.

(zenity:61230): Gtk-WARNING **: 13:14:50.028: Theme parser warning: gtk.css:5240:3-5241:1: Expected ';' at end of block

(zenity:61230): Gtk-WARNING **: 13:14:50.028: Theme parser error: gtk.css:5271:3-19: No property named "-gtk-icon-effect"

(zenity:61726): Gtk-WARNING **: 13:15:38.041: Theme parser error: gtk.css:3995:3-22: No property named "-gtk-outline-radius"

(zenity:61726): Gtk-WARNING **: 13:15:38.041: Theme parser error: gtk.css:4112:3-29: No property named "-GtkWidget-window-dragging"

(zenity:61726): Gtk-WARNING **: 13:15:38.041: Theme parser error: gtk.css:4126:9-37: No property named "-gtk-outline-top-left-radius"

(zenity:61726): Gtk-WARNING **: 13:15:38.042: Theme parser error: gtk.css:4128:9-38: No property named "-gtk-outline-top-right-radius"

(zenity:61726): Gtk-WARNING **: 13:15:38.042: Theme parser error: gtk.css:4131:9-40: No property named "-gtk-outline-bottom-left-radius"

(zenity:61726): Gtk-WARNING **: 13:15:38.042: Theme parser error: gtk.css:4133:9-41: No property named "-gtk-outline-bottom-right-radius"

(zenity:61726): Gtk-WARNING **: 13:15:38.042: Theme parser error: gtk.css:4136:5-33: No property named "-gtk-outline-top-left-radius"

(zenity:61726): Gtk-WARNING **: 13:15:38.042: Theme parser error: gtk.css:4138:5-34: No property named "-gtk-outline-top-right-radius"

(zenity:61726): Gtk-WARNING **: 13:15:38.042: Theme parser error: gtk.css:4141:5-36: No property named "-gtk-outline-bottom-left-radius"

(zenity:61726): Gtk-WARNING **: 13:15:38.042: Theme parser error: gtk.css:4143:5-37: No property named "-gtk-outline-bottom-right-radius"

(zenity:61726): Gtk-WARNING **: 13:15:38.042: Theme parser error: gtk.css:4149:7-36: No property named "-gtk-outline-top-right-radius"

(zenity:61726): Gtk-WARNING **: 13:15:38.042: Theme parser error: gtk.css:4151:7-39: No property named "-gtk-outline-bottom-right-radius"

(zenity:61726): Gtk-WARNING **: 13:15:38.042: Theme parser error: gtk.css:4154:7-35: No property named "-gtk-outline-top-left-radius"

(zenity:61726): Gtk-WARNING **: 13:15:38.042: Theme parser error: gtk.css:4156:7-38: No property named "-gtk-outline-bottom-left-radius"

(zenity:61726): Gtk-WARNING **: 13:15:38.042: Theme parser error: gtk.css:4230:23-37: Not a valid image

(zenity:61726): Gtk-WARNING **: 13:15:38.043: Theme parser error: gtk.css:4269:3-31: No property named "-gtk-outline-top-left-radius"

(zenity:61726): Gtk-WARNING **: 13:15:38.043: Theme parser error: gtk.css:4271:3-32: No property named "-gtk-outline-top-right-radius"

(zenity:61726): Gtk-WARNING **: 13:15:38.043: Theme parser error: gtk.css:4278:3-34: No property named "-gtk-outline-bottom-left-radius"

(zenity:61726): Gtk-WARNING **: 13:15:38.043: Theme parser error: gtk.css:4280:3-35: No property named "-gtk-outline-bottom-right-radius"

(zenity:61726): Gtk-WARNING **: 13:15:38.045: Theme parser error: gtk.css:4948:12-17: "shade" is not a valid color name.

(zenity:61726): Gtk-WARNING **: 13:15:38.046: Theme parser error: gtk.css:5008:12-17: "shade" is not a valid color name.

(zenity:61726): Gtk-WARNING **: 13:15:38.046: Theme parser error: gtk.css:5035:12-15: "mix" is not a valid color name.

(zenity:61726): Gtk-WARNING **: 13:15:38.046: Theme parser error: gtk.css:5039:12-15: "mix" is not a valid color name.

(zenity:61726): Gtk-WARNING **: 13:15:38.046: Theme parser warning: gtk.css:5240:3-5241:1: Expected ';' at end of block

(zenity:61726): Gtk-WARNING **: 13:15:38.047: Theme parser error: gtk.css:5271:3-19: No property named "-gtk-icon-effect"

(zenity:62045): Gtk-WARNING **: 13:16:00.054: Theme parser error: gtk.css:3995:3-22: No property named "-gtk-outline-radius"

(zenity:62045): Gtk-WARNING **: 13:16:00.055: Theme parser error: gtk.css:4112:3-29: No property named "-GtkWidget-window-dragging"

(zenity:62045): Gtk-WARNING **: 13:16:00.055: Theme parser error: gtk.css:4126:9-37: No property named "-gtk-outline-top-left-radius"

(zenity:62045): Gtk-WARNING **: 13:16:00.055: Theme parser error: gtk.css:4128:9-38: No property named "-gtk-outline-top-right-radius"

(zenity:62045): Gtk-WARNING **: 13:16:00.055: Theme parser error: gtk.css:4131:9-40: No property named "-gtk-outline-bottom-left-radius"

(zenity:62045): Gtk-WARNING **: 13:16:00.055: Theme parser error: gtk.css:4133:9-41: No property named "-gtk-outline-bottom-right-radius"

(zenity:62045): Gtk-WARNING **: 13:16:00.055: Theme parser error: gtk.css:4136:5-33: No property named "-gtk-outline-top-left-radius"

(zenity:62045): Gtk-WARNING **: 13:16:00.055: Theme parser error: gtk.css:4138:5-34: No property named "-gtk-outline-top-right-radius"

(zenity:62045): Gtk-WARNING **: 13:16:00.055: Theme parser error: gtk.css:4141:5-36: No property named "-gtk-outline-bottom-left-radius"

(zenity:62045): Gtk-WARNING **: 13:16:00.055: Theme parser error: gtk.css:4143:5-37: No property named "-gtk-outline-bottom-right-radius"

(zenity:62045): Gtk-WARNING **: 13:16:00.055: Theme parser error: gtk.css:4149:7-36: No property named "-gtk-outline-top-right-radius"

(zenity:62045): Gtk-WARNING **: 13:16:00.055: Theme parser error: gtk.css:4151:7-39: No property named "-gtk-outline-bottom-right-radius"

(zenity:62045): Gtk-WARNING **: 13:16:00.055: Theme parser error: gtk.css:4154:7-35: No property named "-gtk-outline-top-left-radius"

(zenity:62045): Gtk-WARNING **: 13:16:00.055: Theme parser error: gtk.css:4156:7-38: No property named "-gtk-outline-bottom-left-radius"

(zenity:62045): Gtk-WARNING **: 13:16:00.056: Theme parser error: gtk.css:4230:23-37: Not a valid image

(zenity:62045): Gtk-WARNING **: 13:16:00.056: Theme parser error: gtk.css:4269:3-31: No property named "-gtk-outline-top-left-radius"

(zenity:62045): Gtk-WARNING **: 13:16:00.056: Theme parser error: gtk.css:4271:3-32: No property named "-gtk-outline-top-right-radius"

(zenity:62045): Gtk-WARNING **: 13:16:00.056: Theme parser error: gtk.css:4278:3-34: No property named "-gtk-outline-bottom-left-radius"

(zenity:62045): Gtk-WARNING **: 13:16:00.056: Theme parser error: gtk.css:4280:3-35: No property named "-gtk-outline-bottom-right-radius"

(zenity:62045): Gtk-WARNING **: 13:16:00.059: Theme parser error: gtk.css:4948:12-17: "shade" is not a valid color name.

(zenity:62045): Gtk-WARNING **: 13:16:00.059: Theme parser error: gtk.css:5008:12-17: "shade" is not a valid color name.

(zenity:62045): Gtk-WARNING **: 13:16:00.059: Theme parser error: gtk.css:5035:12-15: "mix" is not a valid color name.

(zenity:62045): Gtk-WARNING **: 13:16:00.059: Theme parser error: gtk.css:5039:12-15: "mix" is not a valid color name.

(zenity:62045): Gtk-WARNING **: 13:16:00.060: Theme parser warning: gtk.css:5240:3-5241:1: Expected ';' at end of block

(zenity:62045): Gtk-WARNING **: 13:16:00.060: Theme parser error: gtk.css:5271:3-19: No property named "-gtk-icon-effect"

(zenity:62127): Gtk-WARNING **: 13:16:02.848: Theme parser error: gtk.css:3995:3-22: No property named "-gtk-outline-radius"

(zenity:62127): Gtk-WARNING **: 13:16:02.849: Theme parser error: gtk.css:4112:3-29: No property named "-GtkWidget-window-dragging"

(zenity:62127): Gtk-WARNING **: 13:16:02.849: Theme parser error: gtk.css:4126:9-37: No property named "-gtk-outline-top-left-radius"

(zenity:62127): Gtk-WARNING **: 13:16:02.849: Theme parser error: gtk.css:4128:9-38: No property named "-gtk-outline-top-right-radius"

(zenity:62127): Gtk-WARNING **: 13:16:02.849: Theme parser error: gtk.css:4131:9-40: No property named "-gtk-outline-bottom-left-radius"

(zenity:62127): Gtk-WARNING **: 13:16:02.849: Theme parser error: gtk.css:4133:9-41: No property named "-gtk-outline-bottom-right-radius"

(zenity:62127): Gtk-WARNING **: 13:16:02.849: Theme parser error: gtk.css:4136:5-33: No property named "-gtk-outline-top-left-radius"

(zenity:62127): Gtk-WARNING **: 13:16:02.849: Theme parser error: gtk.css:4138:5-34: No property named "-gtk-outline-top-right-radius"

(zenity:62127): Gtk-WARNING **: 13:16:02.849: Theme parser error: gtk.css:4141:5-36: No property named "-gtk-outline-bottom-left-radius"

(zenity:62127): Gtk-WARNING **: 13:16:02.849: Theme parser error: gtk.css:4143:5-37: No property named "-gtk-outline-bottom-right-radius"

(zenity:62127): Gtk-WARNING **: 13:16:02.849: Theme parser error: gtk.css:4149:7-36: No property named "-gtk-outline-top-right-radius"

(zenity:62127): Gtk-WARNING **: 13:16:02.849: Theme parser error: gtk.css:4151:7-39: No property named "-gtk-outline-bottom-right-radius"

(zenity:62127): Gtk-WARNING **: 13:16:02.849: Theme parser error: gtk.css:4154:7-35: No property named "-gtk-outline-top-left-radius"

(zenity:62127): Gtk-WARNING **: 13:16:02.849: Theme parser error: gtk.css:4156:7-38: No property named "-gtk-outline-bottom-left-radius"

(zenity:62127): Gtk-WARNING **: 13:16:02.849: Theme parser error: gtk.css:4230:23-37: Not a valid image

(zenity:62127): Gtk-WARNING **: 13:16:02.850: Theme parser error: gtk.css:4269:3-31: No property named "-gtk-outline-top-left-radius"

(zenity:62127): Gtk-WARNING **: 13:16:02.850: Theme parser error: gtk.css:4271:3-32: No property named "-gtk-outline-top-right-radius"

(zenity:62127): Gtk-WARNING **: 13:16:02.850: Theme parser error: gtk.css:4278:3-34: No property named "-gtk-outline-bottom-left-radius"

(zenity:62127): Gtk-WARNING **: 13:16:02.850: Theme parser error: gtk.css:4280:3-35: No property named "-gtk-outline-bottom-right-radius"

(zenity:62127): Gtk-WARNING **: 13:16:02.852: Theme parser error: gtk.css:4948:12-17: "shade" is not a valid color name.

(zenity:62127): Gtk-WARNING **: 13:16:02.852: Theme parser error: gtk.css:5008:12-17: "shade" is not a valid color name.

(zenity:62127): Gtk-WARNING **: 13:16:02.852: Theme parser error: gtk.css:5035:12-15: "mix" is not a valid color name.

(zenity:62127): Gtk-WARNING **: 13:16:02.852: Theme parser error: gtk.css:5039:12-15: "mix" is not a valid color name.

(zenity:62127): Gtk-WARNING **: 13:16:02.853: Theme parser warning: gtk.css:5240:3-5241:1: Expected ';' at end of block

(zenity:62127): Gtk-WARNING **: 13:16:02.853: Theme parser error: gtk.css:5271:3-19: No property named "-gtk-icon-effect"

(zenity:62320): Gtk-WARNING **: 13:16:18.220: Theme parser error: gtk.css:3995:3-22: No property named "-gtk-outline-radius"

(zenity:62320): Gtk-WARNING **: 13:16:18.221: Theme parser error: gtk.css:4112:3-29: No property named "-GtkWidget-window-dragging"

(zenity:62320): Gtk-WARNING **: 13:16:18.221: Theme parser error: gtk.css:4126:9-37: No property named "-gtk-outline-top-left-radius"

(zenity:62320): Gtk-WARNING **: 13:16:18.221: Theme parser error: gtk.css:4128:9-38: No property named "-gtk-outline-top-right-radius"

(zenity:62320): Gtk-WARNING **: 13:16:18.221: Theme parser error: gtk.css:4131:9-40: No property named "-gtk-outline-bottom-left-radius"

(zenity:62320): Gtk-WARNING **: 13:16:18.221: Theme parser error: gtk.css:4133:9-41: No property named "-gtk-outline-bottom-right-radius"

(zenity:62320): Gtk-WARNING **: 13:16:18.221: Theme parser error: gtk.css:4136:5-33: No property named "-gtk-outline-top-left-radius"

(zenity:62320): Gtk-WARNING **: 13:16:18.221: Theme parser error: gtk.css:4138:5-34: No property named "-gtk-outline-top-right-radius"

(zenity:62320): Gtk-WARNING **: 13:16:18.221: Theme parser error: gtk.css:4141:5-36: No property named "-gtk-outline-bottom-left-radius"

(zenity:62320): Gtk-WARNING **: 13:16:18.221: Theme parser error: gtk.css:4143:5-37: No property named "-gtk-outline-bottom-right-radius"

(zenity:62320): Gtk-WARNING **: 13:16:18.221: Theme parser error: gtk.css:4149:7-36: No property named "-gtk-outline-top-right-radius"

(zenity:62320): Gtk-WARNING **: 13:16:18.221: Theme parser error: gtk.css:4151:7-39: No property named "-gtk-outline-bottom-right-radius"

(zenity:62320): Gtk-WARNING **: 13:16:18.222: Theme parser error: gtk.css:4154:7-35: No property named "-gtk-outline-top-left-radius"

(zenity:62320): Gtk-WARNING **: 13:16:18.222: Theme parser error: gtk.css:4156:7-38: No property named "-gtk-outline-bottom-left-radius"

(zenity:62320): Gtk-WARNING **: 13:16:18.222: Theme parser error: gtk.css:4230:23-37: Not a valid image

(zenity:62320): Gtk-WARNING **: 13:16:18.222: Theme parser error: gtk.css:4269:3-31: No property named "-gtk-outline-top-left-radius"

(zenity:62320): Gtk-WARNING **: 13:16:18.222: Theme parser error: gtk.css:4271:3-32: No property named "-gtk-outline-top-right-radius"

(zenity:62320): Gtk-WARNING **: 13:16:18.222: Theme parser error: gtk.css:4278:3-34: No property named "-gtk-outline-bottom-left-radius"

(zenity:62320): Gtk-WARNING **: 13:16:18.222: Theme parser error: gtk.css:4280:3-35: No property named "-gtk-outline-bottom-right-radius"

(zenity:62320): Gtk-WARNING **: 13:16:18.225: Theme parser error: gtk.css:4948:12-17: "shade" is not a valid color name.

(zenity:62320): Gtk-WARNING **: 13:16:18.225: Theme parser error: gtk.css:5008:12-17: "shade" is not a valid color name.

(zenity:62320): Gtk-WARNING **: 13:16:18.226: Theme parser error: gtk.css:5035:12-15: "mix" is not a valid color name.

(zenity:62320): Gtk-WARNING **: 13:16:18.226: Theme parser error: gtk.css:5039:12-15: "mix" is not a valid color name.

(zenity:62320): Gtk-WARNING **: 13:16:18.226: Theme parser warning: gtk.css:5240:3-5241:1: Expected ';' at end of block

(zenity:62320): Gtk-WARNING **: 13:16:18.226: Theme parser error: gtk.css:5271:3-19: No property named "-gtk-icon-effect"

(zenity:62505): Gtk-WARNING **: 13:16:32.976: Theme parser error: gtk.css:3995:3-22: No property named "-gtk-outline-radius"

(zenity:62505): Gtk-WARNING **: 13:16:32.977: Theme parser error: gtk.css:4112:3-29: No property named "-GtkWidget-window-dragging"

(zenity:62505): Gtk-WARNING **: 13:16:32.978: Theme parser error: gtk.css:4126:9-37: No property named "-gtk-outline-top-left-radius"

(zenity:62505): Gtk-WARNING **: 13:16:32.978: Theme parser error: gtk.css:4128:9-38: No property named "-gtk-outline-top-right-radius"

(zenity:62505): Gtk-WARNING **: 13:16:32.978: Theme parser error: gtk.css:4131:9-40: No property named "-gtk-outline-bottom-left-radius"

(zenity:62505): Gtk-WARNING **: 13:16:32.978: Theme parser error: gtk.css:4133:9-41: No property named "-gtk-outline-bottom-right-radius"

(zenity:62505): Gtk-WARNING **: 13:16:32.978: Theme parser error: gtk.css:4136:5-33: No property named "-gtk-outline-top-left-radius"

(zenity:62505): Gtk-WARNING **: 13:16:32.978: Theme parser error: gtk.css:4138:5-34: No property named "-gtk-outline-top-right-radius"

(zenity:62505): Gtk-WARNING **: 13:16:32.978: Theme parser error: gtk.css:4141:5-36: No property named "-gtk-outline-bottom-left-radius"

(zenity:62505): Gtk-WARNING **: 13:16:32.978: Theme parser error: gtk.css:4143:5-37: No property named "-gtk-outline-bottom-right-radius"

(zenity:62505): Gtk-WARNING **: 13:16:32.978: Theme parser error: gtk.css:4149:7-36: No property named "-gtk-outline-top-right-radius"

(zenity:62505): Gtk-WARNING **: 13:16:32.978: Theme parser error: gtk.css:4151:7-39: No property named "-gtk-outline-bottom-right-radius"

(zenity:62505): Gtk-WARNING **: 13:16:32.978: Theme parser error: gtk.css:4154:7-35: No property named "-gtk-outline-top-left-radius"

(zenity:62505): Gtk-WARNING **: 13:16:32.978: Theme parser error: gtk.css:4156:7-38: No property named "-gtk-outline-bottom-left-radius"

(zenity:62505): Gtk-WARNING **: 13:16:32.979: Theme parser error: gtk.css:4230:23-37: Not a valid image

(zenity:62505): Gtk-WARNING **: 13:16:32.979: Theme parser error: gtk.css:4269:3-31: No property named "-gtk-outline-top-left-radius"

(zenity:62505): Gtk-WARNING **: 13:16:32.979: Theme parser error: gtk.css:4271:3-32: No property named "-gtk-outline-top-right-radius"

(zenity:62505): Gtk-WARNING **: 13:16:32.979: Theme parser error: gtk.css:4278:3-34: No property named "-gtk-outline-bottom-left-radius"

(zenity:62505): Gtk-WARNING **: 13:16:32.979: Theme parser error: gtk.css:4280:3-35: No property named "-gtk-outline-bottom-right-radius"

(zenity:62505): Gtk-WARNING **: 13:16:32.982: Theme parser error: gtk.css:4948:12-17: "shade" is not a valid color name.

(zenity:62505): Gtk-WARNING **: 13:16:32.982: Theme parser error: gtk.css:5008:12-17: "shade" is not a valid color name.

(zenity:62505): Gtk-WARNING **: 13:16:32.983: Theme parser error: gtk.css:5035:12-15: "mix" is not a valid color name.

(zenity:62505): Gtk-WARNING **: 13:16:32.983: Theme parser error: gtk.css:5039:12-15: "mix" is not a valid color name.

(zenity:62505): Gtk-WARNING **: 13:16:32.983: Theme parser warning: gtk.css:5240:3-5241:1: Expected ';' at end of block

(zenity:62505): Gtk-WARNING **: 13:16:32.984: Theme parser error: gtk.css:5271:3-19: No property named "-gtk-icon-effect"

(zenity:62548): Gtk-WARNING **: 13:16:35.695: Theme parser error: gtk.css:3995:3-22: No property named "-gtk-outline-radius"

(zenity:62548): Gtk-WARNING **: 13:16:35.696: Theme parser error: gtk.css:4112:3-29: No property named "-GtkWidget-window-dragging"

(zenity:62548): Gtk-WARNING **: 13:16:35.697: Theme parser error: gtk.css:4126:9-37: No property named "-gtk-outline-top-left-radius"

(zenity:62548): Gtk-WARNING **: 13:16:35.697: Theme parser error: gtk.css:4128:9-38: No property named "-gtk-outline-top-right-radius"

(zenity:62548): Gtk-WARNING **: 13:16:35.697: Theme parser error: gtk.css:4131:9-40: No property named "-gtk-outline-bottom-left-radius"

(zenity:62548): Gtk-WARNING **: 13:16:35.697: Theme parser error: gtk.css:4133:9-41: No property named "-gtk-outline-bottom-right-radius"

(zenity:62548): Gtk-WARNING **: 13:16:35.697: Theme parser error: gtk.css:4136:5-33: No property named "-gtk-outline-top-left-radius"

(zenity:62548): Gtk-WARNING **: 13:16:35.697: Theme parser error: gtk.css:4138:5-34: No property named "-gtk-outline-top-right-radius"

(zenity:62548): Gtk-WARNING **: 13:16:35.697: Theme parser error: gtk.css:4141:5-36: No property named "-gtk-outline-bottom-left-radius"

(zenity:62548): Gtk-WARNING **: 13:16:35.697: Theme parser error: gtk.css:4143:5-37: No property named "-gtk-outline-bottom-right-radius"

(zenity:62548): Gtk-WARNING **: 13:16:35.697: Theme parser error: gtk.css:4149:7-36: No property named "-gtk-outline-top-right-radius"

(zenity:62548): Gtk-WARNING **: 13:16:35.697: Theme parser error: gtk.css:4151:7-39: No property named "-gtk-outline-bottom-right-radius"

(zenity:62548): Gtk-WARNING **: 13:16:35.697: Theme parser error: gtk.css:4154:7-35: No property named "-gtk-outline-top-left-radius"

(zenity:62548): Gtk-WARNING **: 13:16:35.697: Theme parser error: gtk.css:4156:7-38: No property named "-gtk-outline-bottom-left-radius"

(zenity:62548): Gtk-WARNING **: 13:16:35.697: Theme parser error: gtk.css:4230:23-37: Not a valid image

(zenity:62548): Gtk-WARNING **: 13:16:35.698: Theme parser error: gtk.css:4269:3-31: No property named "-gtk-outline-top-left-radius"

(zenity:62548): Gtk-WARNING **: 13:16:35.698: Theme parser error: gtk.css:4271:3-32: No property named "-gtk-outline-top-right-radius"

(zenity:62548): Gtk-WARNING **: 13:16:35.698: Theme parser error: gtk.css:4278:3-34: No property named "-gtk-outline-bottom-left-radius"

(zenity:62548): Gtk-WARNING **: 13:16:35.698: Theme parser error: gtk.css:4280:3-35: No property named "-gtk-outline-bottom-right-radius"

(zenity:62548): Gtk-WARNING **: 13:16:35.700: Theme parser error: gtk.css:4948:12-17: "shade" is not a valid color name.

(zenity:62548): Gtk-WARNING **: 13:16:35.701: Theme parser error: gtk.css:5008:12-17: "shade" is not a valid color name.

(zenity:62548): Gtk-WARNING **: 13:16:35.701: Theme parser error: gtk.css:5035:12-15: "mix" is not a valid color name.

(zenity:62548): Gtk-WARNING **: 13:16:35.701: Theme parser error: gtk.css:5039:12-15: "mix" is not a valid color name.

(zenity:62548): Gtk-WARNING **: 13:16:35.702: Theme parser warning: gtk.css:5240:3-5241:1: Expected ';' at end of block

(zenity:62548): Gtk-WARNING **: 13:16:35.702: Theme parser error: gtk.css:5271:3-19: No property named "-gtk-icon-effect"

(zenity:62940): Gtk-WARNING **: 13:17:08.587: Theme parser error: gtk.css:3995:3-22: No property named "-gtk-outline-radius"

(zenity:62940): Gtk-WARNING **: 13:17:08.588: Theme parser error: gtk.css:4112:3-29: No property named "-GtkWidget-window-dragging"

(zenity:62940): Gtk-WARNING **: 13:17:08.588: Theme parser error: gtk.css:4126:9-37: No property named "-gtk-outline-top-left-radius"

(zenity:62940): Gtk-WARNING **: 13:17:08.588: Theme parser error: gtk.css:4128:9-38: No property named "-gtk-outline-top-right-radius"

(zenity:62940): Gtk-WARNING **: 13:17:08.588: Theme parser error: gtk.css:4131:9-40: No property named "-gtk-outline-bottom-left-radius"

(zenity:62940): Gtk-WARNING **: 13:17:08.588: Theme parser error: gtk.css:4133:9-41: No property named "-gtk-outline-bottom-right-radius"

(zenity:62940): Gtk-WARNING **: 13:17:08.588: Theme parser error: gtk.css:4136:5-33: No property named "-gtk-outline-top-left-radius"

(zenity:62940): Gtk-WARNING **: 13:17:08.588: Theme parser error: gtk.css:4138:5-34: No property named "-gtk-outline-top-right-radius"

(zenity:62940): Gtk-WARNING **: 13:17:08.588: Theme parser error: gtk.css:4141:5-36: No property named "-gtk-outline-bottom-left-radius"

(zenity:62940): Gtk-WARNING **: 13:17:08.588: Theme parser error: gtk.css:4143:5-37: No property named "-gtk-outline-bottom-right-radius"

(zenity:62940): Gtk-WARNING **: 13:17:08.588: Theme parser error: gtk.css:4149:7-36: No property named "-gtk-outline-top-right-radius"

(zenity:62940): Gtk-WARNING **: 13:17:08.588: Theme parser error: gtk.css:4151:7-39: No property named "-gtk-outline-bottom-right-radius"

(zenity:62940): Gtk-WARNING **: 13:17:08.588: Theme parser error: gtk.css:4154:7-35: No property named "-gtk-outline-top-left-radius"

(zenity:62940): Gtk-WARNING **: 13:17:08.588: Theme parser error: gtk.css:4156:7-38: No property named "-gtk-outline-bottom-left-radius"

(zenity:62940): Gtk-WARNING **: 13:17:08.588: Theme parser error: gtk.css:4230:23-37: Not a valid image

(zenity:62940): Gtk-WARNING **: 13:17:08.589: Theme parser error: gtk.css:4269:3-31: No property named "-gtk-outline-top-left-radius"

(zenity:62940): Gtk-WARNING **: 13:17:08.589: Theme parser error: gtk.css:4271:3-32: No property named "-gtk-outline-top-right-radius"

(zenity:62940): Gtk-WARNING **: 13:17:08.589: Theme parser error: gtk.css:4278:3-34: No property named "-gtk-outline-bottom-left-radius"

(zenity:62940): Gtk-WARNING **: 13:17:08.589: Theme parser error: gtk.css:4280:3-35: No property named "-gtk-outline-bottom-right-radius"

(zenity:62940): Gtk-WARNING **: 13:17:08.591: Theme parser error: gtk.css:4948:12-17: "shade" is not a valid color name.

(zenity:62940): Gtk-WARNING **: 13:17:08.591: Theme parser error: gtk.css:5008:12-17: "shade" is not a valid color name.

(zenity:62940): Gtk-WARNING **: 13:17:08.591: Theme parser error: gtk.css:5035:12-15: "mix" is not a valid color name.

(zenity:62940): Gtk-WARNING **: 13:17:08.591: Theme parser error: gtk.css:5039:12-15: "mix" is not a valid color name.

(zenity:62940): Gtk-WARNING **: 13:17:08.592: Theme parser warning: gtk.css:5240:3-5241:1: Expected ';' at end of block

(zenity:62940): Gtk-WARNING **: 13:17:08.592: Theme parser error: gtk.css:5271:3-19: No property named "-gtk-icon-effect"

(zenity:63028): Gtk-WARNING **: 13:17:14.651: Theme parser error: gtk.css:3995:3-22: No property named "-gtk-outline-radius"

(zenity:63028): Gtk-WARNING **: 13:17:14.652: Theme parser error: gtk.css:4112:3-29: No property named "-GtkWidget-window-dragging"

(zenity:63028): Gtk-WARNING **: 13:17:14.653: Theme parser error: gtk.css:4126:9-37: No property named "-gtk-outline-top-left-radius"

(zenity:63028): Gtk-WARNING **: 13:17:14.653: Theme parser error: gtk.css:4128:9-38: No property named "-gtk-outline-top-right-radius"

(zenity:63028): Gtk-WARNING **: 13:17:14.653: Theme parser error: gtk.css:4131:9-40: No property named "-gtk-outline-bottom-left-radius"

(zenity:63028): Gtk-WARNING **: 13:17:14.653: Theme parser error: gtk.css:4133:9-41: No property named "-gtk-outline-bottom-right-radius"

(zenity:63028): Gtk-WARNING **: 13:17:14.653: Theme parser error: gtk.css:4136:5-33: No property named "-gtk-outline-top-left-radius"

(zenity:63028): Gtk-WARNING **: 13:17:14.653: Theme parser error: gtk.css:4138:5-34: No property named "-gtk-outline-top-right-radius"

(zenity:63028): Gtk-WARNING **: 13:17:14.653: Theme parser error: gtk.css:4141:5-36: No property named "-gtk-outline-bottom-left-radius"

(zenity:63028): Gtk-WARNING **: 13:17:14.653: Theme parser error: gtk.css:4143:5-37: No property named "-gtk-outline-bottom-right-radius"

(zenity:63028): Gtk-WARNING **: 13:17:14.653: Theme parser error: gtk.css:4149:7-36: No property named "-gtk-outline-top-right-radius"

(zenity:63028): Gtk-WARNING **: 13:17:14.653: Theme parser error: gtk.css:4151:7-39: No property named "-gtk-outline-bottom-right-radius"

(zenity:63028): Gtk-WARNING **: 13:17:14.653: Theme parser error: gtk.css:4154:7-35: No property named "-gtk-outline-top-left-radius"

(zenity:63028): Gtk-WARNING **: 13:17:14.653: Theme parser error: gtk.css:4156:7-38: No property named "-gtk-outline-bottom-left-radius"

(zenity:63028): Gtk-WARNING **: 13:17:14.654: Theme parser error: gtk.css:4230:23-37: Not a valid image

(zenity:63028): Gtk-WARNING **: 13:17:14.654: Theme parser error: gtk.css:4269:3-31: No property named "-gtk-outline-top-left-radius"

(zenity:63028): Gtk-WARNING **: 13:17:14.655: Theme parser error: gtk.css:4271:3-32: No property named "-gtk-outline-top-right-radius"

(zenity:63028): Gtk-WARNING **: 13:17:14.655: Theme parser error: gtk.css:4278:3-34: No property named "-gtk-outline-bottom-left-radius"

(zenity:63028): Gtk-WARNING **: 13:17:14.655: Theme parser error: gtk.css:4280:3-35: No property named "-gtk-outline-bottom-right-radius"

(zenity:63028): Gtk-WARNING **: 13:17:14.658: Theme parser error: gtk.css:4948:12-17: "shade" is not a valid color name.

(zenity:63028): Gtk-WARNING **: 13:17:14.659: Theme parser error: gtk.css:5008:12-17: "shade" is not a valid color name.

(zenity:63028): Gtk-WARNING **: 13:17:14.659: Theme parser error: gtk.css:5035:12-15: "mix" is not a valid color name.

(zenity:63028): Gtk-WARNING **: 13:17:14.659: Theme parser error: gtk.css:5039:12-15: "mix" is not a valid color name.

(zenity:63028): Gtk-WARNING **: 13:17:14.659: Theme parser warning: gtk.css:5240:3-5241:1: Expected ';' at end of block

(zenity:63028): Gtk-WARNING **: 13:17:14.660: Theme parser error: gtk.css:5271:3-19: No property named "-gtk-icon-effect"

(zenity:63080): Gtk-WARNING **: 13:17:17.554: Theme parser error: gtk.css:3995:3-22: No property named "-gtk-outline-radius"

(zenity:63080): Gtk-WARNING **: 13:17:17.555: Theme parser error: gtk.css:4112:3-29: No property named "-GtkWidget-window-dragging"

(zenity:63080): Gtk-WARNING **: 13:17:17.555: Theme parser error: gtk.css:4126:9-37: No property named "-gtk-outline-top-left-radius"

(zenity:63080): Gtk-WARNING **: 13:17:17.555: Theme parser error: gtk.css:4128:9-38: No property named "-gtk-outline-top-right-radius"

(zenity:63080): Gtk-WARNING **: 13:17:17.555: Theme parser error: gtk.css:4131:9-40: No property named "-gtk-outline-bottom-left-radius"

(zenity:63080): Gtk-WARNING **: 13:17:17.555: Theme parser error: gtk.css:4133:9-41: No property named "-gtk-outline-bottom-right-radius"

(zenity:63080): Gtk-WARNING **: 13:17:17.555: Theme parser error: gtk.css:4136:5-33: No property named "-gtk-outline-top-left-radius"

(zenity:63080): Gtk-WARNING **: 13:17:17.555: Theme parser error: gtk.css:4138:5-34: No property named "-gtk-outline-top-right-radius"

(zenity:63080): Gtk-WARNING **: 13:17:17.555: Theme parser error: gtk.css:4141:5-36: No property named "-gtk-outline-bottom-left-radius"

(zenity:63080): Gtk-WARNING **: 13:17:17.555: Theme parser error: gtk.css:4143:5-37: No property named "-gtk-outline-bottom-right-radius"

(zenity:63080): Gtk-WARNING **: 13:17:17.555: Theme parser error: gtk.css:4149:7-36: No property named "-gtk-outline-top-right-radius"

(zenity:63080): Gtk-WARNING **: 13:17:17.555: Theme parser error: gtk.css:4151:7-39: No property named "-gtk-outline-bottom-right-radius"

(zenity:63080): Gtk-WARNING **: 13:17:17.555: Theme parser error: gtk.css:4154:7-35: No property named "-gtk-outline-top-left-radius"

(zenity:63080): Gtk-WARNING **: 13:17:17.555: Theme parser error: gtk.css:4156:7-38: No property named "-gtk-outline-bottom-left-radius"

(zenity:63080): Gtk-WARNING **: 13:17:17.555: Theme parser error: gtk.css:4230:23-37: Not a valid image

(zenity:63080): Gtk-WARNING **: 13:17:17.556: Theme parser error: gtk.css:4269:3-31: No property named "-gtk-outline-top-left-radius"

(zenity:63080): Gtk-WARNING **: 13:17:17.556: Theme parser error: gtk.css:4271:3-32: No property named "-gtk-outline-top-right-radius"

(zenity:63080): Gtk-WARNING **: 13:17:17.556: Theme parser error: gtk.css:4278:3-34: No property named "-gtk-outline-bottom-left-radius"

(zenity:63080): Gtk-WARNING **: 13:17:17.556: Theme parser error: gtk.css:4280:3-35: No property named "-gtk-outline-bottom-right-radius"

(zenity:63080): Gtk-WARNING **: 13:17:17.558: Theme parser error: gtk.css:4948:12-17: "shade" is not a valid color name.

(zenity:63080): Gtk-WARNING **: 13:17:17.558: Theme parser error: gtk.css:5008:12-17: "shade" is not a valid color name.

(zenity:63080): Gtk-WARNING **: 13:17:17.558: Theme parser error: gtk.css:5035:12-15: "mix" is not a valid color name.

(zenity:63080): Gtk-WARNING **: 13:17:17.558: Theme parser error: gtk.css:5039:12-15: "mix" is not a valid color name.

(zenity:63080): Gtk-WARNING **: 13:17:17.559: Theme parser warning: gtk.css:5240:3-5241:1: Expected ';' at end of block

(zenity:63080): Gtk-WARNING **: 13:17:17.559: Theme parser error: gtk.css:5271:3-19: No property named "-gtk-icon-effect"

(zenity:63458): Gtk-WARNING **: 13:17:39.883: Theme parser error: gtk.css:3995:3-22: No property named "-gtk-outline-radius"

(zenity:63458): Gtk-WARNING **: 13:17:39.883: Theme parser error: gtk.css:4112:3-29: No property named "-GtkWidget-window-dragging"

(zenity:63458): Gtk-WARNING **: 13:17:39.884: Theme parser error: gtk.css:4126:9-37: No property named "-gtk-outline-top-left-radius"

(zenity:63458): Gtk-WARNING **: 13:17:39.884: Theme parser error: gtk.css:4128:9-38: No property named "-gtk-outline-top-right-radius"

(zenity:63458): Gtk-WARNING **: 13:17:39.884: Theme parser error: gtk.css:4131:9-40: No property named "-gtk-outline-bottom-left-radius"

(zenity:63458): Gtk-WARNING **: 13:17:39.884: Theme parser error: gtk.css:4133:9-41: No property named "-gtk-outline-bottom-right-radius"

(zenity:63458): Gtk-WARNING **: 13:17:39.884: Theme parser error: gtk.css:4136:5-33: No property named "-gtk-outline-top-left-radius"

(zenity:63458): Gtk-WARNING **: 13:17:39.884: Theme parser error: gtk.css:4138:5-34: No property named "-gtk-outline-top-right-radius"

(zenity:63458): Gtk-WARNING **: 13:17:39.884: Theme parser error: gtk.css:4141:5-36: No property named "-gtk-outline-bottom-left-radius"

(zenity:63458): Gtk-WARNING **: 13:17:39.884: Theme parser error: gtk.css:4143:5-37: No property named "-gtk-outline-bottom-right-radius"

(zenity:63458): Gtk-WARNING **: 13:17:39.884: Theme parser error: gtk.css:4149:7-36: No property named "-gtk-outline-top-right-radius"

(zenity:63458): Gtk-WARNING **: 13:17:39.884: Theme parser error: gtk.css:4151:7-39: No property named "-gtk-outline-bottom-right-radius"

(zenity:63458): Gtk-WARNING **: 13:17:39.884: Theme parser error: gtk.css:4154:7-35: No property named "-gtk-outline-top-left-radius"

(zenity:63458): Gtk-WARNING **: 13:17:39.884: Theme parser error: gtk.css:4156:7-38: No property named "-gtk-outline-bottom-left-radius"

(zenity:63458): Gtk-WARNING **: 13:17:39.885: Theme parser error: gtk.css:4230:23-37: Not a valid image

(zenity:63458): Gtk-WARNING **: 13:17:39.885: Theme parser error: gtk.css:4269:3-31: No property named "-gtk-outline-top-left-radius"

(zenity:63458): Gtk-WARNING **: 13:17:39.885: Theme parser error: gtk.css:4271:3-32: No property named "-gtk-outline-top-right-radius"

(zenity:63458): Gtk-WARNING **: 13:17:39.885: Theme parser error: gtk.css:4278:3-34: No property named "-gtk-outline-bottom-left-radius"

(zenity:63458): Gtk-WARNING **: 13:17:39.885: Theme parser error: gtk.css:4280:3-35: No property named "-gtk-outline-bottom-right-radius"

(zenity:63458): Gtk-WARNING **: 13:17:39.887: Theme parser error: gtk.css:4948:12-17: "shade" is not a valid color name.

(zenity:63458): Gtk-WARNING **: 13:17:39.888: Theme parser error: gtk.css:5008:12-17: "shade" is not a valid color name.

(zenity:63458): Gtk-WARNING **: 13:17:39.888: Theme parser error: gtk.css:5035:12-15: "mix" is not a valid color name.

(zenity:63458): Gtk-WARNING **: 13:17:39.888: Theme parser error: gtk.css:5039:12-15: "mix" is not a valid color name.

(zenity:63458): Gtk-WARNING **: 13:17:39.889: Theme parser warning: gtk.css:5240:3-5241:1: Expected ';' at end of block

(zenity:63458): Gtk-WARNING **: 13:17:39.889: Theme parser error: gtk.css:5271:3-19: No property named "-gtk-icon-effect"

(zenity:63893): Gtk-WARNING **: 13:18:08.151: Theme parser error: gtk.css:3995:3-22: No property named "-gtk-outline-radius"

(zenity:63893): Gtk-WARNING **: 13:18:08.151: Theme parser error: gtk.css:4112:3-29: No property named "-GtkWidget-window-dragging"

(zenity:63893): Gtk-WARNING **: 13:18:08.152: Theme parser error: gtk.css:4126:9-37: No property named "-gtk-outline-top-left-radius"

(zenity:63893): Gtk-WARNING **: 13:18:08.152: Theme parser error: gtk.css:4128:9-38: No property named "-gtk-outline-top-right-radius"

(zenity:63893): Gtk-WARNING **: 13:18:08.152: Theme parser error: gtk.css:4131:9-40: No property named "-gtk-outline-bottom-left-radius"

(zenity:63893): Gtk-WARNING **: 13:18:08.152: Theme parser error: gtk.css:4133:9-41: No property named "-gtk-outline-bottom-right-radius"

(zenity:63893): Gtk-WARNING **: 13:18:08.152: Theme parser error: gtk.css:4136:5-33: No property named "-gtk-outline-top-left-radius"

(zenity:63893): Gtk-WARNING **: 13:18:08.152: Theme parser error: gtk.css:4138:5-34: No property named "-gtk-outline-top-right-radius"

(zenity:63893): Gtk-WARNING **: 13:18:08.152: Theme parser error: gtk.css:4141:5-36: No property named "-gtk-outline-bottom-left-radius"

(zenity:63893): Gtk-WARNING **: 13:18:08.152: Theme parser error: gtk.css:4143:5-37: No property named "-gtk-outline-bottom-right-radius"

(zenity:63893): Gtk-WARNING **: 13:18:08.152: Theme parser error: gtk.css:4149:7-36: No property named "-gtk-outline-top-right-radius"

(zenity:63893): Gtk-WARNING **: 13:18:08.152: Theme parser error: gtk.css:4151:7-39: No property named "-gtk-outline-bottom-right-radius"

(zenity:63893): Gtk-WARNING **: 13:18:08.152: Theme parser error: gtk.css:4154:7-35: No property named "-gtk-outline-top-left-radius"

(zenity:63893): Gtk-WARNING **: 13:18:08.152: Theme parser error: gtk.css:4156:7-38: No property named "-gtk-outline-bottom-left-radius"

(zenity:63893): Gtk-WARNING **: 13:18:08.153: Theme parser error: gtk.css:4230:23-37: Not a valid image

(zenity:63893): Gtk-WARNING **: 13:18:08.153: Theme parser error: gtk.css:4269:3-31: No property named "-gtk-outline-top-left-radius"

(zenity:63893): Gtk-WARNING **: 13:18:08.153: Theme parser error: gtk.css:4271:3-32: No property named "-gtk-outline-top-right-radius"

(zenity:63893): Gtk-WARNING **: 13:18:08.153: Theme parser error: gtk.css:4278:3-34: No property named "-gtk-outline-bottom-left-radius"

(zenity:63893): Gtk-WARNING **: 13:18:08.153: Theme parser error: gtk.css:4280:3-35: No property named "-gtk-outline-bottom-right-radius"

(zenity:63893): Gtk-WARNING **: 13:18:08.156: Theme parser error: gtk.css:4948:12-17: "shade" is not a valid color name.

(zenity:63893): Gtk-WARNING **: 13:18:08.156: Theme parser error: gtk.css:5008:12-17: "shade" is not a valid color name.

(zenity:63893): Gtk-WARNING **: 13:18:08.156: Theme parser error: gtk.css:5035:12-15: "mix" is not a valid color name.

(zenity:63893): Gtk-WARNING **: 13:18:08.156: Theme parser error: gtk.css:5039:12-15: "mix" is not a valid color name.

(zenity:63893): Gtk-WARNING **: 13:18:08.157: Theme parser warning: gtk.css:5240:3-5241:1: Expected ';' at end of block

(zenity:63893): Gtk-WARNING **: 13:18:08.157: Theme parser error: gtk.css:5271:3-19: No property named "-gtk-icon-effect"

(zenity:63953): Gtk-WARNING **: 13:18:10.499: Theme parser error: gtk.css:3995:3-22: No property named "-gtk-outline-radius"

(zenity:63953): Gtk-WARNING **: 13:18:10.500: Theme parser error: gtk.css:4112:3-29: No property named "-GtkWidget-window-dragging"

(zenity:63953): Gtk-WARNING **: 13:18:10.500: Theme parser error: gtk.css:4126:9-37: No property named "-gtk-outline-top-left-radius"

(zenity:63953): Gtk-WARNING **: 13:18:10.500: Theme parser error: gtk.css:4128:9-38: No property named "-gtk-outline-top-right-radius"

(zenity:63953): Gtk-WARNING **: 13:18:10.500: Theme parser error: gtk.css:4131:9-40: No property named "-gtk-outline-bottom-left-radius"

(zenity:63953): Gtk-WARNING **: 13:18:10.500: Theme parser error: gtk.css:4133:9-41: No property named "-gtk-outline-bottom-right-radius"

(zenity:63953): Gtk-WARNING **: 13:18:10.500: Theme parser error: gtk.css:4136:5-33: No property named "-gtk-outline-top-left-radius"

(zenity:63953): Gtk-WARNING **: 13:18:10.500: Theme parser error: gtk.css:4138:5-34: No property named "-gtk-outline-top-right-radius"

(zenity:63953): Gtk-WARNING **: 13:18:10.500: Theme parser error: gtk.css:4141:5-36: No property named "-gtk-outline-bottom-left-radius"

(zenity:63953): Gtk-WARNING **: 13:18:10.500: Theme parser error: gtk.css:4143:5-37: No property named "-gtk-outline-bottom-right-radius"

(zenity:63953): Gtk-WARNING **: 13:18:10.500: Theme parser error: gtk.css:4149:7-36: No property named "-gtk-outline-top-right-radius"

(zenity:63953): Gtk-WARNING **: 13:18:10.500: Theme parser error: gtk.css:4151:7-39: No property named "-gtk-outline-bottom-right-radius"

(zenity:63953): Gtk-WARNING **: 13:18:10.500: Theme parser error: gtk.css:4154:7-35: No property named "-gtk-outline-top-left-radius"

(zenity:63953): Gtk-WARNING **: 13:18:10.500: Theme parser error: gtk.css:4156:7-38: No property named "-gtk-outline-bottom-left-radius"

(zenity:63953): Gtk-WARNING **: 13:18:10.501: Theme parser error: gtk.css:4230:23-37: Not a valid image

(zenity:63953): Gtk-WARNING **: 13:18:10.501: Theme parser error: gtk.css:4269:3-31: No property named "-gtk-outline-top-left-radius"

(zenity:63953): Gtk-WARNING **: 13:18:10.501: Theme parser error: gtk.css:4271:3-32: No property named "-gtk-outline-top-right-radius"

(zenity:63953): Gtk-WARNING **: 13:18:10.501: Theme parser error: gtk.css:4278:3-34: No property named "-gtk-outline-bottom-left-radius"

(zenity:63953): Gtk-WARNING **: 13:18:10.501: Theme parser error: gtk.css:4280:3-35: No property named "-gtk-outline-bottom-right-radius"

(zenity:63953): Gtk-WARNING **: 13:18:10.503: Theme parser error: gtk.css:4948:12-17: "shade" is not a valid color name.

(zenity:63953): Gtk-WARNING **: 13:18:10.503: Theme parser error: gtk.css:5008:12-17: "shade" is not a valid color name.

(zenity:63953): Gtk-WARNING **: 13:18:10.503: Theme parser error: gtk.css:5035:12-15: "mix" is not a valid color name.

(zenity:63953): Gtk-WARNING **: 13:18:10.503: Theme parser error: gtk.css:5039:12-15: "mix" is not a valid color name.

(zenity:63953): Gtk-WARNING **: 13:18:10.504: Theme parser warning: gtk.css:5240:3-5241:1: Expected ';' at end of block

(zenity:63953): Gtk-WARNING **: 13:18:10.504: Theme parser error: gtk.css:5271:3-19: No property named "-gtk-icon-effect"

(zenity:64120): Gtk-WARNING **: 13:18:21.895: Theme parser error: gtk.css:3995:3-22: No property named "-gtk-outline-radius"

(zenity:64120): Gtk-WARNING **: 13:18:21.896: Theme parser error: gtk.css:4112:3-29: No property named "-GtkWidget-window-dragging"

(zenity:64120): Gtk-WARNING **: 13:18:21.896: Theme parser error: gtk.css:4126:9-37: No property named "-gtk-outline-top-left-radius"

(zenity:64120): Gtk-WARNING **: 13:18:21.896: Theme parser error: gtk.css:4128:9-38: No property named "-gtk-outline-top-right-radius"

(zenity:64120): Gtk-WARNING **: 13:18:21.896: Theme parser error: gtk.css:4131:9-40: No property named "-gtk-outline-bottom-left-radius"

(zenity:64120): Gtk-WARNING **: 13:18:21.896: Theme parser error: gtk.css:4133:9-41: No property named "-gtk-outline-bottom-right-radius"

(zenity:64120): Gtk-WARNING **: 13:18:21.896: Theme parser error: gtk.css:4136:5-33: No property named "-gtk-outline-top-left-radius"

(zenity:64120): Gtk-WARNING **: 13:18:21.896: Theme parser error: gtk.css:4138:5-34: No property named "-gtk-outline-top-right-radius"

(zenity:64120): Gtk-WARNING **: 13:18:21.896: Theme parser error: gtk.css:4141:5-36: No property named "-gtk-outline-bottom-left-radius"

(zenity:64120): Gtk-WARNING **: 13:18:21.896: Theme parser error: gtk.css:4143:5-37: No property named "-gtk-outline-bottom-right-radius"

(zenity:64120): Gtk-WARNING **: 13:18:21.896: Theme parser error: gtk.css:4149:7-36: No property named "-gtk-outline-top-right-radius"

(zenity:64120): Gtk-WARNING **: 13:18:21.896: Theme parser error: gtk.css:4151:7-39: No property named "-gtk-outline-bottom-right-radius"

(zenity:64120): Gtk-WARNING **: 13:18:21.896: Theme parser error: gtk.css:4154:7-35: No property named "-gtk-outline-top-left-radius"

(zenity:64120): Gtk-WARNING **: 13:18:21.896: Theme parser error: gtk.css:4156:7-38: No property named "-gtk-outline-bottom-left-radius"

(zenity:64120): Gtk-WARNING **: 13:18:21.897: Theme parser error: gtk.css:4230:23-37: Not a valid image

(zenity:64120): Gtk-WARNING **: 13:18:21.897: Theme parser error: gtk.css:4269:3-31: No property named "-gtk-outline-top-left-radius"

(zenity:64120): Gtk-WARNING **: 13:18:21.897: Theme parser error: gtk.css:4271:3-32: No property named "-gtk-outline-top-right-radius"

(zenity:64120): Gtk-WARNING **: 13:18:21.897: Theme parser error: gtk.css:4278:3-34: No property named "-gtk-outline-bottom-left-radius"

(zenity:64120): Gtk-WARNING **: 13:18:21.897: Theme parser error: gtk.css:4280:3-35: No property named "-gtk-outline-bottom-right-radius"

(zenity:64120): Gtk-WARNING **: 13:18:21.899: Theme parser error: gtk.css:4948:12-17: "shade" is not a valid color name.

(zenity:64120): Gtk-WARNING **: 13:18:21.899: Theme parser error: gtk.css:5008:12-17: "shade" is not a valid color name.

(zenity:64120): Gtk-WARNING **: 13:18:21.900: Theme parser error: gtk.css:5035:12-15: "mix" is not a valid color name.

(zenity:64120): Gtk-WARNING **: 13:18:21.900: Theme parser error: gtk.css:5039:12-15: "mix" is not a valid color name.

(zenity:64120): Gtk-WARNING **: 13:18:21.900: Theme parser warning: gtk.css:5240:3-5241:1: Expected ';' at end of block

(zenity:64120): Gtk-WARNING **: 13:18:21.900: Theme parser error: gtk.css:5271:3-19: No property named "-gtk-icon-effect"

(zenity:64166): Gtk-WARNING **: 13:18:25.530: Theme parser error: gtk.css:3995:3-22: No property named "-gtk-outline-radius"

(zenity:64166): Gtk-WARNING **: 13:18:25.531: Theme parser error: gtk.css:4112:3-29: No property named "-GtkWidget-window-dragging"

(zenity:64166): Gtk-WARNING **: 13:18:25.531: Theme parser error: gtk.css:4126:9-37: No property named "-gtk-outline-top-left-radius"

(zenity:64166): Gtk-WARNING **: 13:18:25.531: Theme parser error: gtk.css:4128:9-38: No property named "-gtk-outline-top-right-radius"

(zenity:64166): Gtk-WARNING **: 13:18:25.531: Theme parser error: gtk.css:4131:9-40: No property named "-gtk-outline-bottom-left-radius"

(zenity:64166): Gtk-WARNING **: 13:18:25.531: Theme parser error: gtk.css:4133:9-41: No property named "-gtk-outline-bottom-right-radius"

(zenity:64166): Gtk-WARNING **: 13:18:25.531: Theme parser error: gtk.css:4136:5-33: No property named "-gtk-outline-top-left-radius"

(zenity:64166): Gtk-WARNING **: 13:18:25.531: Theme parser error: gtk.css:4138:5-34: No property named "-gtk-outline-top-right-radius"

(zenity:64166): Gtk-WARNING **: 13:18:25.532: Theme parser error: gtk.css:4141:5-36: No property named "-gtk-outline-bottom-left-radius"

(zenity:64166): Gtk-WARNING **: 13:18:25.532: Theme parser error: gtk.css:4143:5-37: No property named "-gtk-outline-bottom-right-radius"

(zenity:64166): Gtk-WARNING **: 13:18:25.532: Theme parser error: gtk.css:4149:7-36: No property named "-gtk-outline-top-right-radius"

(zenity:64166): Gtk-WARNING **: 13:18:25.532: Theme parser error: gtk.css:4151:7-39: No property named "-gtk-outline-bottom-right-radius"

(zenity:64166): Gtk-WARNING **: 13:18:25.532: Theme parser error: gtk.css:4154:7-35: No property named "-gtk-outline-top-left-radius"

(zenity:64166): Gtk-WARNING **: 13:18:25.532: Theme parser error: gtk.css:4156:7-38: No property named "-gtk-outline-bottom-left-radius"

(zenity:64166): Gtk-WARNING **: 13:18:25.532: Theme parser error: gtk.css:4230:23-37: Not a valid image

(zenity:64166): Gtk-WARNING **: 13:18:25.533: Theme parser error: gtk.css:4269:3-31: No property named "-gtk-outline-top-left-radius"

(zenity:64166): Gtk-WARNING **: 13:18:25.534: Theme parser error: gtk.css:4271:3-32: No property named "-gtk-outline-top-right-radius"

(zenity:64166): Gtk-WARNING **: 13:18:25.534: Theme parser error: gtk.css:4278:3-34: No property named "-gtk-outline-bottom-left-radius"

(zenity:64166): Gtk-WARNING **: 13:18:25.534: Theme parser error: gtk.css:4280:3-35: No property named "-gtk-outline-bottom-right-radius"

(zenity:64166): Gtk-WARNING **: 13:18:25.540: Theme parser error: gtk.css:4948:12-17: "shade" is not a valid color name.

(zenity:64166): Gtk-WARNING **: 13:18:25.540: Theme parser error: gtk.css:5008:12-17: "shade" is not a valid color name.

(zenity:64166): Gtk-WARNING **: 13:18:25.540: Theme parser error: gtk.css:5035:12-15: "mix" is not a valid color name.

(zenity:64166): Gtk-WARNING **: 13:18:25.540: Theme parser error: gtk.css:5039:12-15: "mix" is not a valid color name.

(zenity:64166): Gtk-WARNING **: 13:18:25.540: Theme parser warning: gtk.css:5240:3-5241:1: Expected ';' at end of block

(zenity:64166): Gtk-WARNING **: 13:18:25.541: Theme parser error: gtk.css:5271:3-19: No property named "-gtk-icon-effect"

(zenity:72306): Gtk-WARNING **: 13:30:00.836: Theme parser error: gtk.css:3995:3-22: No property named "-gtk-outline-radius"

(zenity:72306): Gtk-WARNING **: 13:30:00.837: Theme parser error: gtk.css:4112:3-29: No property named "-GtkWidget-window-dragging"

(zenity:72306): Gtk-WARNING **: 13:30:00.837: Theme parser error: gtk.css:4126:9-37: No property named "-gtk-outline-top-left-radius"

(zenity:72306): Gtk-WARNING **: 13:30:00.838: Theme parser error: gtk.css:4128:9-38: No property named "-gtk-outline-top-right-radius"

(zenity:72306): Gtk-WARNING **: 13:30:00.838: Theme parser error: gtk.css:4131:9-40: No property named "-gtk-outline-bottom-left-radius"

(zenity:72306): Gtk-WARNING **: 13:30:00.838: Theme parser error: gtk.css:4133:9-41: No property named "-gtk-outline-bottom-right-radius"

(zenity:72306): Gtk-WARNING **: 13:30:00.838: Theme parser error: gtk.css:4136:5-33: No property named "-gtk-outline-top-left-radius"

(zenity:72306): Gtk-WARNING **: 13:30:00.838: Theme parser error: gtk.css:4138:5-34: No property named "-gtk-outline-top-right-radius"

(zenity:72306): Gtk-WARNING **: 13:30:00.838: Theme parser error: gtk.css:4141:5-36: No property named "-gtk-outline-bottom-left-radius"

(zenity:72306): Gtk-WARNING **: 13:30:00.838: Theme parser error: gtk.css:4143:5-37: No property named "-gtk-outline-bottom-right-radius"

(zenity:72306): Gtk-WARNING **: 13:30:00.838: Theme parser error: gtk.css:4149:7-36: No property named "-gtk-outline-top-right-radius"

(zenity:72306): Gtk-WARNING **: 13:30:00.838: Theme parser error: gtk.css:4151:7-39: No property named "-gtk-outline-bottom-right-radius"

(zenity:72306): Gtk-WARNING **: 13:30:00.838: Theme parser error: gtk.css:4154:7-35: No property named "-gtk-outline-top-left-radius"

(zenity:72306): Gtk-WARNING **: 13:30:00.838: Theme parser error: gtk.css:4156:7-38: No property named "-gtk-outline-bottom-left-radius"

(zenity:72306): Gtk-WARNING **: 13:30:00.839: Theme parser error: gtk.css:4230:23-37: Not a valid image

(zenity:72306): Gtk-WARNING **: 13:30:00.839: Theme parser error: gtk.css:4269:3-31: No property named "-gtk-outline-top-left-radius"

(zenity:72306): Gtk-WARNING **: 13:30:00.839: Theme parser error: gtk.css:4271:3-32: No property named "-gtk-outline-top-right-radius"

(zenity:72306): Gtk-WARNING **: 13:30:00.839: Theme parser error: gtk.css:4278:3-34: No property named "-gtk-outline-bottom-left-radius"

(zenity:72306): Gtk-WARNING **: 13:30:00.839: Theme parser error: gtk.css:4280:3-35: No property named "-gtk-outline-bottom-right-radius"

(zenity:72306): Gtk-WARNING **: 13:30:00.844: Theme parser error: gtk.css:4948:12-17: "shade" is not a valid color name.

(zenity:72306): Gtk-WARNING **: 13:30:00.844: Theme parser error: gtk.css:5008:12-17: "shade" is not a valid color name.

(zenity:72306): Gtk-WARNING **: 13:30:00.845: Theme parser error: gtk.css:5035:12-15: "mix" is not a valid color name.

(zenity:72306): Gtk-WARNING **: 13:30:00.845: Theme parser error: gtk.css:5039:12-15: "mix" is not a valid color name.

(zenity:72306): Gtk-WARNING **: 13:30:00.846: Theme parser warning: gtk.css:5240:3-5241:1: Expected ';' at end of block

(zenity:72306): Gtk-WARNING **: 13:30:00.846: Theme parser error: gtk.css:5271:3-19: No property named "-gtk-icon-effect"

(zenity:72310): Gtk-WARNING **: 13:30:00.871: Theme parser error: gtk.css:3995:3-22: No property named "-gtk-outline-radius"

(zenity:72310): Gtk-WARNING **: 13:30:00.872: Theme parser error: gtk.css:4112:3-29: No property named "-GtkWidget-window-dragging"

(zenity:72310): Gtk-WARNING **: 13:30:00.872: Theme parser error: gtk.css:4126:9-37: No property named "-gtk-outline-top-left-radius"

(zenity:72310): Gtk-WARNING **: 13:30:00.872: Theme parser error: gtk.css:4128:9-38: No property named "-gtk-outline-top-right-radius"

(zenity:72310): Gtk-WARNING **: 13:30:00.872: Theme parser error: gtk.css:4131:9-40: No property named "-gtk-outline-bottom-left-radius"

(zenity:72310): Gtk-WARNING **: 13:30:00.872: Theme parser error: gtk.css:4133:9-41: No property named "-gtk-outline-bottom-right-radius"

(zenity:72310): Gtk-WARNING **: 13:30:00.872: Theme parser error: gtk.css:4136:5-33: No property named "-gtk-outline-top-left-radius"

(zenity:72310): Gtk-WARNING **: 13:30:00.873: Theme parser error: gtk.css:4138:5-34: No property named "-gtk-outline-top-right-radius"

(zenity:72310): Gtk-WARNING **: 13:30:00.873: Theme parser error: gtk.css:4141:5-36: No property named "-gtk-outline-bottom-left-radius"

(zenity:72310): Gtk-WARNING **: 13:30:00.873: Theme parser error: gtk.css:4143:5-37: No property named "-gtk-outline-bottom-right-radius"

(zenity:72310): Gtk-WARNING **: 13:30:00.873: Theme parser error: gtk.css:4149:7-36: No property named "-gtk-outline-top-right-radius"

(zenity:72310): Gtk-WARNING **: 13:30:00.873: Theme parser error: gtk.css:4151:7-39: No property named "-gtk-outline-bottom-right-radius"

(zenity:72310): Gtk-WARNING **: 13:30:00.873: Theme parser error: gtk.css:4154:7-35: No property named "-gtk-outline-top-left-radius"

(zenity:72310): Gtk-WARNING **: 13:30:00.873: Theme parser error: gtk.css:4156:7-38: No property named "-gtk-outline-bottom-left-radius"

(zenity:72310): Gtk-WARNING **: 13:30:00.873: Theme parser error: gtk.css:4230:23-37: Not a valid image

(zenity:72310): Gtk-WARNING **: 13:30:00.874: Theme parser error: gtk.css:4269:3-31: No property named "-gtk-outline-top-left-radius"

(zenity:72310): Gtk-WARNING **: 13:30:00.874: Theme parser error: gtk.css:4271:3-32: No property named "-gtk-outline-top-right-radius"

(zenity:72310): Gtk-WARNING **: 13:30:00.874: Theme parser error: gtk.css:4278:3-34: No property named "-gtk-outline-bottom-left-radius"

(zenity:72310): Gtk-WARNING **: 13:30:00.874: Theme parser error: gtk.css:4280:3-35: No property named "-gtk-outline-bottom-right-radius"

(zenity:72310): Gtk-WARNING **: 13:30:00.878: Theme parser error: gtk.css:4948:12-17: "shade" is not a valid color name.

(zenity:72310): Gtk-WARNING **: 13:30:00.878: Theme parser error: gtk.css:5008:12-17: "shade" is not a valid color name.

(zenity:72310): Gtk-WARNING **: 13:30:00.878: Theme parser error: gtk.css:5035:12-15: "mix" is not a valid color name.

(zenity:72310): Gtk-WARNING **: 13:30:00.878: Theme parser error: gtk.css:5039:12-15: "mix" is not a valid color name.

(zenity:72310): Gtk-WARNING **: 13:30:00.879: Theme parser warning: gtk.css:5240:3-5241:1: Expected ';' at end of block

(zenity:72310): Gtk-WARNING **: 13:30:00.879: Theme parser error: gtk.css:5271:3-19: No property named "-gtk-icon-effect"

(zenity:72306): Gtk-WARNING **: 13:30:01.377: Trying to measure GtkLabel 0x55b6f7d54350 for width of 252, but it needs at least 304
