
================================================================================
Fecha y hora: 2025-05-13 13:22:24
================================================================================
=== Info ===
PKCE generado

=== Body de la petición ===
{
    "verifier": "GsSbrfdAENYnq31ErMO6mlrKA0Jpp_vQxUA9dGa67xdd_taibi8DY-3isO_RqZS2NQ_U2f8bg1ME1hJ9iDUQ6w",
    "challenge": "PBToEnpKFV_BRVU4Tnw7dI3Np4Ds6Hka2zF17iL_UPA"
}


================================================================================
Fecha y hora: 2025-05-13 13:22:25
================================================================================
=== Info ===
URL de autorización construida

=== Body de la petición ===
{
    "url": "https://simulator-api.db.com:443/gw/dbapi/others/transactionAuthorization/v1/challenges?client_id=766ae693-6297-47ea-b825-fd3d07dcf9b6&response_type=code&redirect_uri=https%3A%2F%2Fapibank2-d42d7ed0d036.herokuapp.com%2Fapp%2Fgpt4%2Foauth2%2Fcallback%2F&code_challenge=PBToEnpKFV_BRVU4Tnw7dI3Np4Ds6Hka2zF17iL_UPA&code_challenge_method=S256&scope=sepa_credit_transfers&state=5-pPwrH0MIqmm5Vvlp3h0vlc-EduxjYXjwOvnQ0Yh8U&acr_values=urn%3Adbapi%3Apsd2%3Asca"
}


================================================================================
Fecha y hora: 2025-05-13 13:27:29
================================================================================
=== Info ===
PKCE generado

=== Body de la petición ===
{
    "verifier": "JwMlOebeHMkJ_aoaVxvC9ul311IgdDcFUXLAsl32MKV0K9hGSccbXbv4Tby4m9g4-Nje4Vs0JU59NXCH6PljpQ",
    "challenge": "vu1yZVdB-EnredwYmxRTHgxym8PzkMW5Ingb9aLtBMg"
}


================================================================================
Fecha y hora: 2025-05-13 13:27:29
================================================================================
=== Info ===
URL de autorización construida

=== Body de la petición ===
{
    "url": "https://simulator-api.db.com:443/gw/dbapi/others/transactionAuthorization/v1/challenges?client_id=766ae693-6297-47ea-b825-fd3d07dcf9b6&response_type=code&redirect_uri=https%3A%2F%2Fapibank2-d42d7ed0d036.herokuapp.com%2Fapp%2Fgpt4%2Foauth2%2Fcallback%2F&code_challenge=vu1yZVdB-EnredwYmxRTHgxym8PzkMW5Ingb9aLtBMg&code_challenge_method=S256&scope=sepa_credit_transfers&state=uPmG5vR64vvuOvq7epUE4WYtI7wwS1d-JthQQuaNaVM&acr_values=urn%3Adbapi%3Apsd2%3Asca"
}

