
================================================================================
Fecha y hora: 2025-05-11 06:15:53
================================================================================
=== Info ===
OAuth: callback - fallo

=== Body de la petición ===
{
    "razon": "flujo_no_iniciado"
}


================================================================================
Fecha y hora: 2025-05-11 06:16:06
================================================================================
=== Info ===
OAuth: callback - fallo

=== Body de la petición ===
{
    "razon": "flujo_no_iniciado"
}


================================================================================
Fecha y hora: 2025-05-11 06:16:38
================================================================================
=== Info ===
OAuth: callback - fallo

=== Body de la petición ===
{
    "razon": "flujo_no_iniciado"
}

