[2025-05-29 02:27:38 +0200] [51665] [INFO] Starting gunicorn 23.0.0
[2025-05-29 02:27:38 +0200] [51665] [INFO] Listening at: http://0.0.0.0:8000 (51665)
[2025-05-29 02:27:38 +0200] [51665] [INFO] Using worker: sync
[2025-05-29 02:27:38 +0200] [51688] [INFO] Booting worker with pid: 51688



------------------------------------SISTEMA----------------------------
--------------------------------------ZIP------------------------------
------------------------------------PUERTOS----------------------------
----------------------------------CONTENEDORES-------------------------
-----------------------------------CAMBIO MAC--------------------------
[1;32m[OK]   VPN (proton0) activa. Conexiรณn segura.[0m
--------------------------------------UFW------------------------------
-----------------------------------POSTGRES----------------------------
---------------------------------MIGRACIONES---------------------------
---------------------------------CARGAR LOCAL--------------------------
-----------------------------------USUARIO-----------------------------
-------------------------------RESPALDOS LOCAL-------------------------
---------------------------------PEM JWKS------------------------------
-----------------------VERIFICAR TRANSFERENCIAS------------------------
------------------------SINCRONIZACION COMPLETA------------------------
[1;32m[OK]   VPN (proton0) activa. Conexiรณn segura.[0m
[1;32m[OK]   โ๏ธ Configuraciรณn .env validada.[0m
---------------------------VARIABLES A HEROKU--------------------------
-----------------------------SUBIR A HEROKU----------------------------

๐ Fecha de ejecuciรณn: 2025-05-29 02:27:53
๐ Script: 00_16_subir_heroku.sh
โโโโโโโโโโโโโโโโโโโโโโโโโโโโโโโโโโโโโโโโโโโโโโโโโโโโโโโโโโโโโ
-------------------------SINCRONIZACION BDD WEB------------------------

๐ Fecha de ejecuciรณn: 2025-05-29 02:30:14
๐ Script: 00_17_sincronizar_bdd.sh
โโโโโโโโโโโโโโโโโโโโโโโโโโโโโโโโโโโโโโโโโโโโโโโโโโโโโโโโโโโโโ
