{
  "timestamp": "2025-05-26 22:51:01",
  "accion": "AUTORIZACION_VISUAL_INICIADA",
  "estado": "ok",
  "metadata": {
    "payment_id": "SIN_ID",
    "ip_address": "127.0.0.1",
    "user_agent": "Mozilla/5.0 (X11; Linux x86_64; rv:128.0) Gecko/20100101 Firefox/128.0",
    "timestamp_utc": "2025-05-26T20:51:01.668Z",
    "timestamp_unix_ms": 1748292661668,
    "session_id": "o4gakhu2jvxai1e3hjfjr5sy8gw1vze6"
  },
  "error": null
}
{
  "timestamp": "2025-05-26 22:51:01",
  "accion": "AUTORIZACION_VISUAL_INICIADA",
  "estado": "ok",
  "metadata": {
    "payment_id": "SIN_ID",
    "ip_address": "127.0.0.1",
    "user_agent": "Mozilla/5.0 (X11; Linux x86_64; rv:128.0) Gecko/20100101 Firefox/128.0",
    "timestamp_utc": "2025-05-26T20:51:01.668Z",
    "timestamp_unix_ms": 1748292661668,
    "session_id": "o4gakhu2jvxai1e3hjfjr5sy8gw1vze6"
  },
  "error": null
}
