{
  "timestamp": "2025-05-13 12:52:10",
  "accion": "inicio_autorizacion",
  "estado": "error",
  "metadata": {},
  "error": "registrar_log() missing 1 required positional argument: 'registro'"
}
{
  "timestamp": "2025-05-13 12:52:40",
  "accion": "callback",
  "estado": "fallo",
  "metadata": {
    "razon": "flujo_no_iniciado"
  },
  "error": null
}
{
  "timestamp": "2025-05-13 12:57:47",
  "accion": "inicio_autorizacion",
  "estado": "error",
  "metadata": {},
  "error": "registrar_log() missing 1 required positional argument: 'registro'"
}
{
  "timestamp": "2025-05-13 12:57:52",
  "accion": "callback",
  "estado": "fallo",
  "metadata": {
    "razon": "flujo_no_iniciado"
  },
  "error": null
}
