
================================================================================
Fecha y hora: 2025-06-09 14:11:57
================================================================================
=== Info ===
Transferencia creada


================================================================================
Fecha y hora: 2025-06-09 14:11:57
================================================================================
=== Info ===
XML pain.001 generado en schemas/transferencias/1280a515-64a7-404f-883d-bb49f39aaf66/pain001_1280a515-64a7-404f-883d-bb49f39aaf66.xml


================================================================================
Fecha y hora: 2025-06-09 14:11:57
================================================================================
=== Info ===
Archivo AML generado en schemas/transferencias/1280a515-64a7-404f-883d-bb49f39aaf66/aml_1280a515-64a7-404f-883d-bb49f39aaf66.xml


================================================================================
Fecha y hora: 2025-06-09 14:12:07
================================================================================
=== Info ===
OAuth no iniciado o token expirado

=== Error ===
Token no disponible

================================================================================
Fecha y hora: 2025-06-09 14:12:07
================================================================================
=== Info ===
OAuth: inicio_autorizacion - exito

=== Body de la petición ===
{
    "state": "cc08aefc2613489fb82686edfef26d3e",
    "auth_url": "https://simulator-api.db.com:443/gw/oidc/authorize?response_type=code&client_id=7c1e2c53-8cc3-4ea0-bdd6-b3423e76adc7&redirect_uri=https://api.coretransapi.com/oauth2/callback/&scope=sepa_credit_transfers&state=cc08aefc2613489fb82686edfef26d3e&code_challenge_method=S256&code_challenge=r8XLy4S1bixT7dsRoWpW35WqhUIxLvEbrCPNvtQqCrg",
    "code_challenge": "r8XLy4S1bixT7dsRoWpW35WqhUIxLvEbrCPNvtQqCrg",
    "payment_id": "1280a515-64a7-404f-883d-bb49f39aaf66"
}


================================================================================
Fecha y hora: 2025-06-09 14:12:07
================================================================================
=== Info ===
Inicio del flujo OAuth2 desde transferencia

=== Body de la petición ===
{
    "verifier": "Q66jkV6NskCFwSq2jIWNLWMnsP7aJ7adS3WZmJM3dW3KG1G8UbP0cTViEPPCZyH-3yc_lngkFC4GNiQzthBp5Q",
    "challenge": "r8XLy4S1bixT7dsRoWpW35WqhUIxLvEbrCPNvtQqCrg",
    "state": "cc08aefc2613489fb82686edfef26d3e"
}

