๐ Fecha de ejecuciรณn: 2025-05-26 00:49:20
๐ Script: 00_08_migraciones.sh
โโโโโโโโโโโโโโโโโโโโโโโโโโโโโโโโโโโโโโโโโโโโโโโโโโโโโโโโโโโโโ
๐ Fecha de ejecuciรณn: 2025-05-26 01:05:40
๐ Script: 00_08_migraciones.sh
โโโโโโโโโโโโโโโโโโโโโโโโโโโโโโโโโโโโโโโโโโโโโโโโโโโโโโโโโโโโโ
๐ Fecha de ejecuciรณn: 2025-05-26 01:15:20
๐ Script: 00_08_migraciones.sh
โโโโโโโโโโโโโโโโโโโโโโโโโโโโโโโโโโโโโโโโโโโโโโโโโโโโโโโโโโโโโ
๐ Fecha de ejecuciรณn: 2025-05-26 01:16:31
๐ Script: 00_08_migraciones.sh
โโโโโโโโโโโโโโโโโโโโโโโโโโโโโโโโโโโโโโโโโโโโโโโโโโโโโโโโโโโโโ
๐ Fecha de ejecuciรณn: 2025-05-26 01:20:47
๐ Script: 00_08_migraciones.sh
โโโโโโโโโโโโโโโโโโโโโโโโโโโโโโโโโโโโโโโโโโโโโโโโโโโโโโโโโโโโโ
๐ Fecha de ejecuciรณn: 2025-05-26 01:28:40
๐ Script: 00_08_migraciones.sh
โโโโโโโโโโโโโโโโโโโโโโโโโโโโโโโโโโโโโโโโโโโโโโโโโโโโโโโโโโโโโ
๐ Fecha de ejecuciรณn: 2025-05-26 01:30:28
๐ Script: 00_08_migraciones.sh
โโโโโโโโโโโโโโโโโโโโโโโโโโโโโโโโโโโโโโโโโโโโโโโโโโโโโโโโโโโโโ
๐ Fecha de ejecuciรณn: 2025-05-26 06:37:16
๐ Script: 00_08_migraciones.sh
โโโโโโโโโโโโโโโโโโโโโโโโโโโโโโโโโโโโโโโโโโโโโโโโโโโโโโโโโโโโโ

โ Error en lรญnea 34: "python manage.py makemigrations"
Abortando ejecuciรณn.
๐ Fecha de ejecuciรณn: 2025-05-26 06:44:09
๐ Script: 00_08_migraciones.sh
โโโโโโโโโโโโโโโโโโโโโโโโโโโโโโโโโโโโโโโโโโโโโโโโโโโโโโโโโโโโโ

โ Error en lรญnea 34: "python manage.py makemigrations"
Abortando ejecuciรณn.
๐ Fecha de ejecuciรณn: 2025-05-26 06:49:59
๐ Script: 00_08_migraciones.sh
โโโโโโโโโโโโโโโโโโโโโโโโโโโโโโโโโโโโโโโโโโโโโโโโโโโโโโโโโโโโโ
๐ Fecha de ejecuciรณn: 2025-05-26 06:57:15
๐ Script: 00_08_migraciones.sh
โโโโโโโโโโโโโโโโโโโโโโโโโโโโโโโโโโโโโโโโโโโโโโโโโโโโโโโโโโโโโ
๐ Fecha de ejecuciรณn: 2025-05-26 07:02:39
๐ Script: 00_08_migraciones.sh
โโโโโโโโโโโโโโโโโโโโโโโโโโโโโโโโโโโโโโโโโโโโโโโโโโโโโโโโโโโโโ
