๐ Fecha de ejecuciรณn: 2025-05-26 08:48:02
๐ Script: 00_06_ufw.sh
โโโโโโโโโโโโโโโโโโโโโโโโโโโโโโโโโโโโโโโโโโโโโโโโโโโโโโโโโโโโโ
๐ Fecha de ejecuciรณn: 2025-05-26 08:58:53
๐ Script: 00_06_ufw.sh
โโโโโโโโโโโโโโโโโโโโโโโโโโโโโโโโโโโโโโโโโโโโโโโโโโโโโโโโโโโโโ
๐ Fecha de ejecuciรณn: 2025-05-26 09:08:42
๐ Script: 00_06_ufw.sh
โโโโโโโโโโโโโโโโโโโโโโโโโโโโโโโโโโโโโโโโโโโโโโโโโโโโโโโโโโโโโ
๐ Fecha de ejecuciรณn: 2025-05-26 09:32:08
๐ Script: 00_06_ufw.sh
โโโโโโโโโโโโโโโโโโโโโโโโโโโโโโโโโโโโโโโโโโโโโโโโโโโโโโโโโโโโโ
๐ Fecha de ejecuciรณn: 2025-05-26 19:05:19
๐ Script: 00_06_ufw.sh
โโโโโโโโโโโโโโโโโโโโโโโโโโโโโโโโโโโโโโโโโโโโโโโโโโโโโโโโโโโโโ
๐ Fecha de ejecuciรณn: 2025-05-26 19:40:07
๐ Script: 00_06_ufw.sh
โโโโโโโโโโโโโโโโโโโโโโโโโโโโโโโโโโโโโโโโโโโโโโโโโโโโโโโโโโโโโ
๐ Fecha de ejecuciรณn: 2025-05-26 20:06:50
๐ Script: 00_06_ufw.sh
โโโโโโโโโโโโโโโโโโโโโโโโโโโโโโโโโโโโโโโโโโโโโโโโโโโโโโโโโโโโโ
๐ Fecha de ejecuciรณn: 2025-05-26 20:10:18
๐ Script: 00_06_ufw.sh
โโโโโโโโโโโโโโโโโโโโโโโโโโโโโโโโโโโโโโโโโโโโโโโโโโโโโโโโโโโโโ
๐ Fecha de ejecuciรณn: 2025-05-26 20:21:18
๐ Script: 00_06_ufw.sh
โโโโโโโโโโโโโโโโโโโโโโโโโโโโโโโโโโโโโโโโโโโโโโโโโโโโโโโโโโโโโ
๐ Fecha de ejecuciรณn: 2025-05-26 20:27:25
๐ Script: 00_06_ufw.sh
โโโโโโโโโโโโโโโโโโโโโโโโโโโโโโโโโโโโโโโโโโโโโโโโโโโโโโโโโโโโโ
๐ Fecha de ejecuciรณn: 2025-05-26 20:49:52
๐ Script: 00_06_ufw.sh
โโโโโโโโโโโโโโโโโโโโโโโโโโโโโโโโโโโโโโโโโโโโโโโโโโโโโโโโโโโโโ
๐ Fecha de ejecuciรณn: 2025-05-26 20:52:21
๐ Script: 00_06_ufw.sh
โโโโโโโโโโโโโโโโโโโโโโโโโโโโโโโโโโโโโโโโโโโโโโโโโโโโโโโโโโโโโ
๐ Fecha de ejecuciรณn: 2025-05-26 21:05:35
๐ Script: 00_06_ufw.sh
โโโโโโโโโโโโโโโโโโโโโโโโโโโโโโโโโโโโโโโโโโโโโโโโโโโโโโโโโโโโโ

โ Error en lรญnea 30: "sudo ufw allow 443/tcp"
Abortando ejecuciรณn.
๐ Fecha de ejecuciรณn: 2025-05-26 21:06:06
๐ Script: 00_06_ufw.sh
โโโโโโโโโโโโโโโโโโโโโโโโโโโโโโโโโโโโโโโโโโโโโโโโโโโโโโโโโโโโโ
๐ Fecha de ejecuciรณn: 2025-05-26 21:17:46
๐ Script: 00_06_ufw.sh
โโโโโโโโโโโโโโโโโโโโโโโโโโโโโโโโโโโโโโโโโโโโโโโโโโโโโโโโโโโโโ
