๐ Fecha de ejecuciรณn: 2025-05-26 09:05:00
๐ Script: 00_21_local_ssl.sh
โโโโโโโโโโโโโโโโโโโโโโโโโโโโโโโโโโโโโโโโโโโโโโโโโโโโโโโโโโโโโ

โ Error en lรญnea 57: "--certfile="$CERT_CRT" --keyfile="$CERT_KEY" --bind 0.0.0.0:8443"
Abortando ejecuciรณn.
๐ Fecha de ejecuciรณn: 2025-05-26 09:14:44
๐ Script: 00_21_local_ssl.sh
โโโโโโโโโโโโโโโโโโโโโโโโโโโโโโโโโโโโโโโโโโโโโโโโโโโโโโโโโโโโโ

โ Error en lรญnea 57: "--certfile="$CERT_CRT" --keyfile="$CERT_KEY" --bind 0.0.0.0:8443"
Abortando ejecuciรณn.
๐ Fecha de ejecuciรณn: 2025-05-26 09:32:29
๐ Script: 00_21_local_ssl.sh
โโโโโโโโโโโโโโโโโโโโโโโโโโโโโโโโโโโโโโโโโโโโโโโโโโโโโโโโโโโโโ

โ Error en lรญnea 57: "--certfile="$CERT_CRT" --keyfile="$CERT_KEY" --bind 0.0.0.0:8443"
Abortando ejecuciรณn.
๐ Fecha de ejecuciรณn: 2025-05-26 19:05:49
๐ Script: 00_21_local_ssl.sh
โโโโโโโโโโโโโโโโโโโโโโโโโโโโโโโโโโโโโโโโโโโโโโโโโโโโโโโโโโโโโ
๐ Fecha de ejecuciรณn: 2025-05-26 19:43:01
๐ Script: 00_21_local_ssl.sh
โโโโโโโโโโโโโโโโโโโโโโโโโโโโโโโโโโโโโโโโโโโโโโโโโโโโโโโโโโโโโ
๐ Fecha de ejecuciรณn: 2025-05-26 20:10:59
๐ Script: 00_21_local_ssl.sh
โโโโโโโโโโโโโโโโโโโโโโโโโโโโโโโโโโโโโโโโโโโโโโโโโโโโโโโโโโโโโ
๐ Fecha de ejecuciรณn: 2025-05-26 20:21:59
๐ Script: 00_21_local_ssl.sh
โโโโโโโโโโโโโโโโโโโโโโโโโโโโโโโโโโโโโโโโโโโโโโโโโโโโโโโโโโโโโ
๐ Fecha de ejecuciรณn: 2025-05-26 20:28:03
๐ Script: 00_21_local_ssl.sh
โโโโโโโโโโโโโโโโโโโโโโโโโโโโโโโโโโโโโโโโโโโโโโโโโโโโโโโโโโโโโ
