=== DOWNLOAD - vie 13 jun 2025 05:15:09 CEST ===
🖧 Carpeta remota origen: /home/markmur88/Simulador
🗂 Carpeta local destino: /home/markmur88/api_bank_h2
receiving incremental file list
Simulador/
Simulador/.gitattributes
Simulador/.gitignore
Simulador/chmod_log.txt
Simulador/.git/
Simulador/.git/COMMIT_EDITMSG
Simulador/.git/FETCH_HEAD
Simulador/.git/HEAD
Simulador/.git/ORIG_HEAD
Simulador/.git/config
Simulador/.git/description
Simulador/.git/index
Simulador/.git/packed-refs
Simulador/.git/branches/
Simulador/.git/hooks/
Simulador/.git/hooks/applypatch-msg.sample
Simulador/.git/hooks/commit-msg.sample
Simulador/.git/hooks/fsmonitor-watchman.sample
Simulador/.git/hooks/post-update.sample
Simulador/.git/hooks/pre-applypatch.sample
Simulador/.git/hooks/pre-commit.sample
Simulador/.git/hooks/pre-merge-commit.sample
Simulador/.git/hooks/pre-push.sample
Simulador/.git/hooks/pre-rebase.sample
Simulador/.git/hooks/pre-receive.sample
Simulador/.git/hooks/prepare-commit-msg.sample
Simulador/.git/hooks/push-to-checkout.sample
Simulador/.git/hooks/update.sample
Simulador/.git/info/
Simulador/.git/info/exclude
Simulador/.git/info/refs
Simulador/.git/logs/
Simulador/.git/logs/HEAD
Simulador/.git/logs/refs/
Simulador/.git/logs/refs/heads/
Simulador/.git/logs/refs/heads/main
Simulador/.git/logs/refs/remotes/
Simulador/.git/logs/refs/remotes/origin/
Simulador/.git/logs/refs/remotes/origin/HEAD
Simulador/.git/logs/refs/remotes/origin/main
Simulador/.git/objects/
Simulador/.git/objects/02/
Simulador/.git/objects/02/3733c6bbaf541d09f5cc8b61a130e7c98fda61
Simulador/.git/objects/02/c0ebbf84d2186b9fc9bc316408b2906a2c2855
Simulador/.git/objects/02/f283abada802aa2dc4fab5181c166ab711b75a
Simulador/.git/objects/03/
Simulador/.git/objects/03/44a13f42af20cc292f40ccc2e23a5d8e1115dc
Simulador/.git/objects/03/4a54527cb70e52cb9a745b2c75047cd9bbc23f
Simulador/.git/objects/04/
Simulador/.git/objects/04/c05124b446bbf59cfeff7bddda0b91aaf31a1e
Simulador/.git/objects/05/
Simulador/.git/objects/05/0278673d55f65aa1e3dc2e77d4c41e2eb75f1d
Simulador/.git/objects/06/
Simulador/.git/objects/06/7aa72500f256d77f72e8ebad2f3f6ad73f5643
Simulador/.git/objects/07/
Simulador/.git/objects/07/0b61a26dd6fdd1e1d468b391ab37ac8eff4c57
Simulador/.git/objects/07/5590aa8bcaa3bee9701368f9c162aaee97752f
Simulador/.git/objects/07/6eabb0946db5141d2de403a113815b3be27e66
Simulador/.git/objects/08/
Simulador/.git/objects/08/c7b4f72f3fe7b53760daf446cfee61afe28da2
Simulador/.git/objects/08/d37418cef81a3a9a522681ee2b549504683868
Simulador/.git/objects/0a/
Simulador/.git/objects/0a/c9c18740b48d7e968315675463e3dbaaae6a20
Simulador/.git/objects/0a/cc58b6926f17b3b666f7dc6dcb50f614913193
Simulador/.git/objects/0b/
Simulador/.git/objects/0b/390b9d5342180a5fa1bcee8ede58d9a31e2019
Simulador/.git/objects/0c/
Simulador/.git/objects/0c/135b18e70de1faaf09239ab13483b993f7f5c1
Simulador/.git/objects/0c/97a0873413215a2f3cd9c025af43b9c75b9d1f
Simulador/.git/objects/0d/
Simulador/.git/objects/0d/19a7e98c519000974317463bdb1473eac822a4
Simulador/.git/objects/0e/
Simulador/.git/objects/0e/1cce7df73240b892f3240efebedc257f59eafd
Simulador/.git/objects/0e/a8ddf020c965b1640d5a20788b5477acd085a5
Simulador/.git/objects/0e/b0343e1e461064a9eff04a77af958136ed95a6
Simulador/.git/objects/10/
Simulador/.git/objects/10/8f278e2385421fbf438f1fe3fefd65ef613c8d
Simulador/.git/objects/11/
Simulador/.git/objects/11/04e8b14a6eea13bebd0ee36a68aafc3ea382a5
Simulador/.git/objects/11/991b321f25dac633b5ddc83759f123e7506d10
Simulador/.git/objects/12/
Simulador/.git/objects/12/9ea13f2920b3b0028f2b4407a6aa16e5c6df6c
Simulador/.git/objects/14/
Simulador/.git/objects/14/22de0b33c483ae89f6b86a85edf50bad55e43e
Simulador/.git/objects/14/27524c326513c8fb145bb044d0bf9c294f1e68
Simulador/.git/objects/14/a5313265447bb18a1231ed124bf8c2d2d0fafa
Simulador/.git/objects/16/
Simulador/.git/objects/16/24ce14f8a8a059c73d9509e7f85aefbe7cfef8
Simulador/.git/objects/16/c85b868aaaf62dde30686929d01f9298c5ce48
Simulador/.git/objects/16/e8ecdc73918abf6cd45dd7e286a40c7006a6bc
Simulador/.git/objects/17/
Simulador/.git/objects/17/d1ad67cdcca17f6ddcdbb4edf062a9f2b49b60
Simulador/.git/objects/17/ee1e240acd78c89a8ec69a66b35e7071eba089
Simulador/.git/objects/18/
Simulador/.git/objects/18/63d4d7b5592046e5809937c7eea12489101f56
Simulador/.git/objects/1a/
Simulador/.git/objects/1a/43af440108fc72a1b8df49b3d9620aa519b4ec
Simulador/.git/objects/1a/d1ecd0f66f6d4e2e641675b98abf41887f200b
Simulador/.git/objects/1a/f00781c7df61cf7424d4333ac9da47b203afc9
Simulador/.git/objects/1a/f2f9b497c9fe5c8bf58c586c5c0030832f740c
Simulador/.git/objects/1b/
Simulador/.git/objects/1b/7c54738e59aad817a25edae0238fee438a3aee
Simulador/.git/objects/1b/a7b40bef7ef1f6efbe0718d3d00ac3f9f3910e
Simulador/.git/objects/1b/c8724a79a21465291b3c0424f1280dd4eda9ac
Simulador/.git/objects/1c/
Simulador/.git/objects/1c/39f672103d721b9e82e3d98f35f2f5051a7a9f
Simulador/.git/objects/1c/6b99fc0946c3f41df99174e3621eb88d3c23e7
Simulador/.git/objects/1c/a64ae5b08ed18efda27c9a58a8496d31afac2a
Simulador/.git/objects/1d/
Simulador/.git/objects/1d/0a188f2ce17c828774bd8478ebac35fa2b0362
Simulador/.git/objects/1d/52c260f2987b63385bf9aa4e04eb7a410a0202
Simulador/.git/objects/1d/a6501a63404a9e5f6d2b9e3359c3eabda57b29
Simulador/.git/objects/1d/f1ea53593531be97db75899f32658d89641bb9
Simulador/.git/objects/1e/
Simulador/.git/objects/1e/364e3723dab987423e9e5101c8db9c541ffd40
Simulador/.git/objects/1e/657c9ce21a891ce3c68481a6508ff5d8df9bfc
Simulador/.git/objects/1e/8372f534d518d85c821a7cf281cc08eb87ad2f
Simulador/.git/objects/1f/
Simulador/.git/objects/1f/3698cb349e5c0d6a9da5d919e0c225ceef8033
Simulador/.git/objects/1f/4b0b68e9e29964a4d89723ecf3f094fbc54b73
Simulador/.git/objects/1f/8dfe73dbc02afee7cc5e3ef20c0e176f7cecc8
Simulador/.git/objects/20/
Simulador/.git/objects/20/4172e3c91c867eba7abb76855b34253605c632
Simulador/.git/objects/20/44184790f98e9600d85c404a43c0290a7f8b93
Simulador/.git/objects/20/8a00570578b507081cb1e77ff8bb75e3f13b22
Simulador/.git/objects/20/9ff93cc2fe4287ed237cf2c0c483d194fe112f
Simulador/.git/objects/20/a5c14353affa7d83a241f85c0b7ca0a434c58a
Simulador/.git/objects/20/c154b6a8677918f4da90a0d69c8b1e6928f99d
Simulador/.git/objects/21/
Simulador/.git/objects/21/8c25689fd5ed1ce9ad9d398a0d143c4a61cdb4
Simulador/.git/objects/22/
Simulador/.git/objects/22/5ee2a75a88e50802ac6a895a82f4da2e349003
Simulador/.git/objects/22/6dbe9fcc74d02cb95de7de0ed40de9aa02ef9c
Simulador/.git/objects/22/8854f3b00be502dbb2deed17020bbfe915556d
Simulador/.git/objects/22/a15fcfe5829fd9d001a591b3fd234aeeaacc91
Simulador/.git/objects/22/bbe8ec94cdad68a9b7e0e37d5220fa0cb99533
Simulador/.git/objects/23/
Simulador/.git/objects/23/08266825b935eed9118b28c99caffe93e77ad9
Simulador/.git/objects/23/1ea6d741c41cbdeb24ef0ed98ece82390858a1
Simulador/.git/objects/24/
Simulador/.git/objects/24/1873fc2db8f6c0c9d168d5a17de3a2716480c3
Simulador/.git/objects/24/2b81a45f8540831ef7c40536f79530b6652c62
Simulador/.git/objects/24/9c68bcb898f2e771822304d74411230081c346
Simulador/.git/objects/24/f3bc2d61addd21f3d6c65f603e647ab8480fe0
Simulador/.git/objects/25/
Simulador/.git/objects/25/232b9eec6fc7df6a7a8314cfa8205a387d43d2
Simulador/.git/objects/25/2e1418650233da5280fa310c86cff62fefc730
Simulador/.git/objects/25/8936ea1dfaf8292c9526f3fb706d6fa3e22e7a
Simulador/.git/objects/25/a8805aa025a301edc5b224614e2d1b77658952
Simulador/.git/objects/25/d89c6870401d398e81d5cb6dfeca6a25dee4fd
Simulador/.git/objects/27/
Simulador/.git/objects/27/49229a007f3fbd0785cc4b6989b46bf13bf39a
Simulador/.git/objects/28/
Simulador/.git/objects/28/58cc45c1c47ff82962bde3e5543d95918e3a65
Simulador/.git/objects/29/
Simulador/.git/objects/29/dc5e584e5de140815ef962b654a870e32e5091
Simulador/.git/objects/29/ec0983d45191fca84eff47fa64212f2bb24663
Simulador/.git/objects/2a/
Simulador/.git/objects/2a/8b404b60fad14a4a0fc8fa08f50fad3ba428df
Simulador/.git/objects/2a/d11b0d5e71408221b7f636f71bd2a4feba9068
Simulador/.git/objects/2b/
Simulador/.git/objects/2b/1d3dd31d7acba2456e79bd3430c7e075883676
Simulador/.git/objects/2b/4ac7d89782d0ca66c31091433ac22cef1b5d21
Simulador/.git/objects/2b/74058d23746b6aa789693573283ed969821274
Simulador/.git/objects/2b/8907fac2e36bfe07d374b36e655e8fe190b423
Simulador/.git/objects/2b/946641f1d26cf834aba1b48178f586d01e6e55
Simulador/.git/objects/2c/
Simulador/.git/objects/2c/0f7621335be369fcfd084309c8925151439104
Simulador/.git/objects/2c/156711b846082148fb58bbd44e62ff6ed89a19
Simulador/.git/objects/2c/4845ce342b6453ece2725ebda85bf836d3a1e6
Simulador/.git/objects/2c/5649d31089b222143ad84b00aac9c4136905c5
Simulador/.git/objects/2c/609039e189ccdebd15b7450518093bbedba9f1
Simulador/.git/objects/2c/a311586f775e4a6a0962bcd4ba7b97e6a89106
Simulador/.git/objects/2c/bd67d603316b55d71ced7204c70d3de2ee8373
Simulador/.git/objects/2d/
Simulador/.git/objects/2d/17b9d8e057659eba3730ad1917efd98ef89a5c
Simulador/.git/objects/2d/a0c95ab8d846227722ab6af8d15b879cb3a30a
Simulador/.git/objects/2d/b129d3655ed5c3abe61bb54c130c3d34144725
Simulador/.git/objects/2d/cad422f0d65d74b4749c4f773d613cf158b2ed
Simulador/.git/objects/2e/
Simulador/.git/objects/2e/0d3832c9299c3994f627cd64ed0341a5da7b14
Simulador/.git/objects/2e/c4ba8d26bf77d33e5cf7a9e2c35f666f2ecaae
Simulador/.git/objects/2f/
Simulador/.git/objects/2f/0c5fb0c2f24cd7fbc43d07b8915049c58e6a5e
Simulador/.git/objects/2f/a6165c4eb2a6184ca3bf28b3bff175fa0e0368
Simulador/.git/objects/30/
Simulador/.git/objects/30/18f2a87e124daae6355e5a751a5272fd07b915
Simulador/.git/objects/30/255ff377719751d344db5ffb76e5979bac077c
Simulador/.git/objects/30/69c6f27bfdec0b246d21311f50951e5ed6c356
Simulador/.git/objects/31/
Simulador/.git/objects/31/daec31c968f10d260c01283a86ec6cb92a9d13
Simulador/.git/objects/31/dc8ff7db1c9a78a246ff78c274e3ad66e85d6a
Simulador/.git/objects/32/
Simulador/.git/objects/32/7706de48201f5bf87fb9cbff78f0b8b7851d4e
Simulador/.git/objects/32/e5ac7de893370dfbbffa11a373a9c3b3662d12
Simulador/.git/objects/33/
Simulador/.git/objects/33/180d84262d2b7ade81b7b6e72682ec9f832c78
Simulador/.git/objects/33/1db890ebb645a305afe5ed7161ec131b5de3b5
Simulador/.git/objects/33/293dc5d23673b1c95915532a67ed6c35711daf
Simulador/.git/objects/34/
Simulador/.git/objects/34/30247c0617522ccfbc02f1d606940d6e34230a
Simulador/.git/objects/34/654307df9b11387c14f1e81c6b81cce104b13a
Simulador/.git/objects/34/b7ae400a54513feaf1e7c438a7eefae8295ac1
Simulador/.git/objects/35/
Simulador/.git/objects/35/8572a6576bb33f5a4a16763803c2769d48f278
Simulador/.git/objects/37/
Simulador/.git/objects/37/490a6720b9935d0b9695e6d37aa4746d74017c
Simulador/.git/objects/37/70119a82b3374f19d6a270bd6c6ee01f2f8882
Simulador/.git/objects/38/
Simulador/.git/objects/38/311bd030d400bee98157f879d155c2ce754d98
Simulador/.git/objects/38/82b9cb0fab8b50b85df0e15032bc0b3c5857bd
Simulador/.git/objects/38/9772f5bcec0fc5dce54cab9afdf5a8545bb713
Simulador/.git/objects/38/fe470fe5e4a406fc2e6044f022986a3a6e8d30
Simulador/.git/objects/39/
Simulador/.git/objects/39/4949b2000c0c1a567029a0232b6803802af094
Simulador/.git/objects/39/5458c4d55c93e076d78191f1edde327b641280
Simulador/.git/objects/39/aa4f5424f41387885f4b3f50744cbeb3cf09e6
Simulador/.git/objects/39/e58ef43b96f8a85198d541c69e509a17892e92
Simulador/.git/objects/39/f206c9d6b6161a5bd3c9eacc79c5758e508632
Simulador/.git/objects/3a/
Simulador/.git/objects/3a/97efb987b3193fbb4323c549a49e05b22c1067
Simulador/.git/objects/3b/
Simulador/.git/objects/3b/19285734251bd44ba90495f3edf1429417937f
Simulador/.git/objects/3b/bbe17f946cac7bfeb7ccc3aa1b27fbfbd25e45
Simulador/.git/objects/3d/
Simulador/.git/objects/3d/5bf09dbd5b041381511a5c0becbdf6cc9c16ac
Simulador/.git/objects/3d/b4ec7fa6612625ec731a2103a489bcdbce4637
Simulador/.git/objects/3f/
Simulador/.git/objects/3f/21660f0515631832fa24fe1847ebd8b296ad58
Simulador/.git/objects/3f/78b1683489b6c3a6ec4c855175c44f999d25c5
Simulador/.git/objects/40/
Simulador/.git/objects/40/38a23980b83cd01189933e67cf6a8534acafdc
Simulador/.git/objects/40/4519b02f07b5158e349734fa641387c1b7a8e1
Simulador/.git/objects/40/59b15544994e5e73e9b219c31627055dfa17bc
Simulador/.git/objects/40/c9a501e0a1759e6d336a0bf9a943fe11069405
Simulador/.git/objects/43/
Simulador/.git/objects/43/ed0855f905c18f3d610c5122e1bc3595c0ee61
Simulador/.git/objects/45/
Simulador/.git/objects/45/0b3b8b156b11cba9467613bf57e01eec96d74c
Simulador/.git/objects/45/1025e2c7d24e9e02a2042025b688da7e0b9265
Simulador/.git/objects/45/31718137cb4e3efa3663f9ad03a4789dd49ecb
Simulador/.git/objects/45/45cad3905dd75e02bc8cc8b4f7f152244c50e2
Simulador/.git/objects/46/
Simulador/.git/objects/46/b084d7583aaa6d35ee5c7bf2621f9b8ba66ce9
Simulador/.git/objects/46/eb45bc4a0eda7b05ef799b0e3049f5ab2f9d13
Simulador/.git/objects/46/eedcf54d6f6d4fa45c07c4e1edf0a9a3a7bbbd
Simulador/.git/objects/47/
Simulador/.git/objects/47/745cea52da785bdaa98433475177fa6f9b5b0d
Simulador/.git/objects/47/d2359b0f4fbb05cb6cb617c5404f84413f66a4
Simulador/.git/objects/48/
Simulador/.git/objects/48/721eaa4dae63514987494ec6023078461a8bd3
Simulador/.git/objects/48/865aedd04a5148547c48cc9871868712abc0bb
Simulador/.git/objects/48/93aa2f70d916528dfc3a1a7cd44e45439e26b6
Simulador/.git/objects/49/
Simulador/.git/objects/49/747794c1bd37f98b2a6cb303ef53ec545775d4
Simulador/.git/objects/49/8ec10d46697cb20d605db6ee71b3e051832f5d
Simulador/.git/objects/49/9e2f7379aa68d0b4667392b2a2b07f80d98b27
Simulador/.git/objects/49/a7af0ad6eea5b59c2ef62febe534eb86fb3402
Simulador/.git/objects/4a/
Simulador/.git/objects/4a/0b3bf009dc8aa9634681bd11b863924457c5e3
Simulador/.git/objects/4a/7e81b8ebccd20dedac26653f6bf9d216fb0b0f
Simulador/.git/objects/4a/d792ee2ad51a9083cf61c70040a805af353e0a
Simulador/.git/objects/4a/f707705959c55b87d46323552c7f9c2ada5a31
Simulador/.git/objects/4a/fa6d1323a457e4d647634841166feecfb86d70
Simulador/.git/objects/4b/
Simulador/.git/objects/4b/f6f41d48a6d3b16337fb984cc3de860316806b
Simulador/.git/objects/4c/
Simulador/.git/objects/4c/229e1112256a57585b06f81ec0090af512c581
Simulador/.git/objects/4c/a5748c3867383a078312e5200b6cb12d40af20
Simulador/.git/objects/4d/
Simulador/.git/objects/4d/0b7d3e345cd5b1119ee1868ab826d9a1c87fd5
Simulador/.git/objects/4d/80338ce6df261e3ba456189bb09c4add5a3ca5
Simulador/.git/objects/4d/ca94f414ee9fdfa596cf9cc0148b7673353d90
Simulador/.git/objects/4e/
Simulador/.git/objects/4e/8655a1688bbc58621afa6a2f9e5a69089d89ce
Simulador/.git/objects/50/
Simulador/.git/objects/50/3bf1e3e4445bbd725bd5c67b9d6d6d8615550f
Simulador/.git/objects/50/49528ad0d5901a3499e71a88a36853c19e5639
Simulador/.git/objects/50/7c7d9f293deb442690a3cc1d91a6367c38119e
Simulador/.git/objects/50/b4f97276b46f2d3cd7102aaede3c526d3887b6
Simulador/.git/objects/51/
Simulador/.git/objects/51/44c03cc4822901f9651597b26a2a509dfd0cab
Simulador/.git/objects/51/e912733d9d9180233db0b557de312f1fad0251
Simulador/.git/objects/52/
Simulador/.git/objects/52/8004866403ccb60212d6de2560a922075d6c30
Simulador/.git/objects/54/
Simulador/.git/objects/54/3be44ba0b731433321266d86e1c25d8244fd1d
Simulador/.git/objects/54/82eea4936ac2040b08dfb95eed931d6dab9b06
Simulador/.git/objects/54/f132e10026cc4d336fb29b5abb42cc814ac509
Simulador/.git/objects/55/
Simulador/.git/objects/55/0ac1c31a775f311e527d107dce6116454d8508
Simulador/.git/objects/57/
Simulador/.git/objects/57/0a5669374963a6ed9120aa784b8aaf15bceacc
Simulador/.git/objects/57/2f2977f66fbbfebf32cb3b4da903c7661259d2
Simulador/.git/objects/58/
Simulador/.git/objects/58/0b63c1dcdd42dcea0e63ef9e466a2c3edba09c
Simulador/.git/objects/58/70e041b63b6c6314c95732535b6589036c1eb1
Simulador/.git/objects/58/83d877e89b89d42fa121725ae7b726dbfa5f50
Simulador/.git/objects/59/
Simulador/.git/objects/59/162024ed384536040f0bda730abc91bc9658a3
Simulador/.git/objects/59/bbc8a8a3c501deee905d010e335ccaf4fe3713
Simulador/.git/objects/59/fe8e683e7d52ce9d212979be2b0ee21a8743bb
Simulador/.git/objects/5b/
Simulador/.git/objects/5b/d115bdab04ac2c51e78a630c06aaf862abfef0
Simulador/.git/objects/5c/
Simulador/.git/objects/5c/1c4793282c087bf688378b056501dbaf170889
Simulador/.git/objects/5c/862b07cf7cb5d36badac692e5dcde38cae7cd2
Simulador/.git/objects/5d/
Simulador/.git/objects/5d/234d2d369d027c1d3da542318f08796fc99e6e
Simulador/.git/objects/5e/
Simulador/.git/objects/5e/0ac2d54a110fa3f21fc158e66a7f32b89b1592
Simulador/.git/objects/5e/31c9394e00c634250e157f8ceab1942e4c5b66
Simulador/.git/objects/5e/da3e0dbaef4ebb7fd160f0b17f31060be99b20
Simulador/.git/objects/60/
Simulador/.git/objects/60/b3bc11c1f36cac4f246bc73e82797a2458d5e8
Simulador/.git/objects/60/c593b705d7331a443f1843fdd633e61adc1a05
Simulador/.git/objects/61/
Simulador/.git/objects/61/09d590c912d0fd223a8a3a8f163f3293d3cb86
Simulador/.git/objects/61/a6ef7a637b085c40b539c8c4e49f1d17d83029
Simulador/.git/objects/61/f7ce0e558de79fb9d639fa389f6841d57246e3
Simulador/.git/objects/62/
Simulador/.git/objects/62/e1d293912d16f98fb769a179bcb7c4e48c3fc3
Simulador/.git/objects/63/
Simulador/.git/objects/63/4d88705ad004ea6059632b79a2d724af440683
Simulador/.git/objects/63/50a2416bf1baa477f447f13969541b2a8beac1
Simulador/.git/objects/63/697e38849c6c1876ad8bfe8d8d1e3dd15be0bd
Simulador/.git/objects/63/a7d66c3b4f012f0ad58856eef58708ffde6c5b
Simulador/.git/objects/63/eab7114b0b2c0629514996dcae2dd267cb5e1a
Simulador/.git/objects/64/
Simulador/.git/objects/64/60c5c74abb35a57f3f7db10e3486aa7cd7d1e5
Simulador/.git/objects/64/e1caad34d1ced8f681e3ba7722cfefde077fde
Simulador/.git/objects/65/
Simulador/.git/objects/65/bf4e44c2dcf2149ae712c0915ebc23764abdc8
Simulador/.git/objects/66/
Simulador/.git/objects/66/4249515c652d0832557faf5db1cab82ebc994e
Simulador/.git/objects/66/4a6dfdb4e22e6225d26c486edd54785625120c
Simulador/.git/objects/67/
Simulador/.git/objects/67/754b45756c0b076f949dd38a1ccbf39f9e27cf
Simulador/.git/objects/68/
Simulador/.git/objects/68/7c87e6d350a0350549efdd2233642dacb984d2
Simulador/.git/objects/68/afd6d2592395509b829dc3f4cb7091116999af
Simulador/.git/objects/68/f0ffac8799267e152c7db41fcc90e8bcac8b40
Simulador/.git/objects/69/
Simulador/.git/objects/69/5cbe15c14408a7230876f608735db6ea19e4d4
Simulador/.git/objects/69/c94e73477467d7a9376ebbdf20955c2defb9cb
Simulador/.git/objects/6a/
Simulador/.git/objects/6a/ca5d0be1524c6d536736719d84fd7d49e3519c
Simulador/.git/objects/6b/
Simulador/.git/objects/6b/4e803aea0f96fdda519f8b7656b2dfeb1e54af
Simulador/.git/objects/6b/b7fa2df10473103bf6d53866f3ffa30f847b92
Simulador/.git/objects/6b/d7eaa3e02c80d0cbb01f64869b56e304ec9d5f
Simulador/.git/objects/6c/
Simulador/.git/objects/6c/c8b951b9d53878878dabd55ec0402edb638c94
Simulador/.git/objects/6c/c96fcb7c87201b108be3012359cfc4fb999f0e
Simulador/.git/objects/6d/
Simulador/.git/objects/6d/08233aaebcd6708c5c5fbc55738610cd5e911d
Simulador/.git/objects/6d/56b1bd887af1ce0c943668641675f2ad514fe4
Simulador/.git/objects/6d/5a9f90a66777ffd4343298f276def1bec4b776
Simulador/.git/objects/6d/9966fea40398adb820745ebd351c4f8bf04b22
Simulador/.git/objects/6d/e609a9efd51cdf7bb0e339ac74d0410634ae89
Simulador/.git/objects/6d/f36c52e3d6a67f2bf6e336cd99cde01cf9ba40
Simulador/.git/objects/6e/
Simulador/.git/objects/6e/189fe832028630859b7fd9fa5a626bf7efd50a
Simulador/.git/objects/6e/e0453e8175fb7407d3725664bb6c8d172eb322
Simulador/.git/objects/6e/f38ca14f56d8838dcc1cf538804bd254b24a5c
Simulador/.git/objects/6f/
Simulador/.git/objects/6f/93c5106133eadcb927102e504916e7536de3f2
Simulador/.git/objects/6f/dd25c81a0e72b0ba929530320f8a2187069259
Simulador/.git/objects/6f/dd2dec1e4181b68cc429c753fc87d2678e87e1
Simulador/.git/objects/70/
Simulador/.git/objects/70/222708c98c5dacc6c35d27670239286c92bf04
Simulador/.git/objects/71/
Simulador/.git/objects/71/16d6c1dfdf05c6a3c0d2a372fb992a03e4d25b
Simulador/.git/objects/72/
Simulador/.git/objects/72/1f87145250a9302ce21f35296fd2a227119003
Simulador/.git/objects/72/737db84d355cff61d163450e5fe7dd95457f5e
Simulador/.git/objects/73/
Simulador/.git/objects/73/150dbf64f573f132e3d5acac986727033d141d
Simulador/.git/objects/73/1cf82ec8352643a79e3580290fca4ca4585ce2
Simulador/.git/objects/73/89595b692675f629b91cc04e75a97046f812c4
Simulador/.git/objects/73/b730a705ad39f9a44edf4f9bc1590b8d1e0502
Simulador/.git/objects/75/
Simulador/.git/objects/75/0b3207aeb800f8e76420253229bd1c5c135d0d
Simulador/.git/objects/75/7953cea5b25e65c2b78f1541c5e17b82ee7806
Simulador/.git/objects/76/
Simulador/.git/objects/76/06048f1a77ee8f7f5a57fba3c5e4c0ddb187f9
Simulador/.git/objects/76/680c58c19bbdee83b533e42f9e51b217af01b4
Simulador/.git/objects/77/
Simulador/.git/objects/77/b7268ca32b0e028c3d5b7fb07ac89b7106e5f4
Simulador/.git/objects/78/
Simulador/.git/objects/78/f6d1cd7680a4387f5c01e82c50fefff26eeb16
Simulador/.git/objects/79/
Simulador/.git/objects/79/4cd15f701aed5214280a6404e9beb21d751a6c
Simulador/.git/objects/79/9776e46a9ff23b15dc5017f8cae0e86e60d837
Simulador/.git/objects/7a/
Simulador/.git/objects/7a/60b85e148f80966a550e5ab6a762a907c69ca6
Simulador/.git/objects/7a/81b4a799ffec662de049bc08b4cbccbc9d385f
Simulador/.git/objects/7b/
Simulador/.git/objects/7b/efd2b85e5a1a4895674c9f78d0dcb3615b0bd7
Simulador/.git/objects/7c/
Simulador/.git/objects/7c/18ad59dfc37f537cfd158e9222062fa9196e37
Simulador/.git/objects/7c/31ec91145538b8f985d8991489b076daec514c
Simulador/.git/objects/7c/3b442a6fb14e44309aa296e0cbf00af77eca77
Simulador/.git/objects/7c/409776f51241c2918a9a09329c798082a70c74
Simulador/.git/objects/7d/
Simulador/.git/objects/7d/e34c9662fbcccf71d7694fc36ce6d562f20808
Simulador/.git/objects/7e/
Simulador/.git/objects/7e/735db15cf33805b1ab498b4476f218d4f690a5
Simulador/.git/objects/7f/
Simulador/.git/objects/7f/15b4da9bbf740309a19a9d21d2c3da478c5db5
Simulador/.git/objects/80/
Simulador/.git/objects/80/3972814cfdd801bbb23825d758b0d94a42eaf6
Simulador/.git/objects/80/6dc5c4339db0a8769f475b4b7dddf1b38cff5c
Simulador/.git/objects/81/
Simulador/.git/objects/81/222c89e8e5dd8152606cf5e23862d9fd62f99d
Simulador/.git/objects/81/8d5c6e06ee5507746ade9571e6940c0f77a04f
Simulador/.git/objects/81/b4c27584c2ea51c09e9076a371d03abcf4ea4a
Simulador/.git/objects/81/fcc8f60d6cacb71b6ab127c1601f998de49116
Simulador/.git/objects/82/
Simulador/.git/objects/82/30007141a7e0d6d361b097f47b8e281c91c878
Simulador/.git/objects/82/8bbb66af96e1a3559b0139579a640c46a4e8e0
Simulador/.git/objects/82/b2aa28a581bb88cbc3e070101232cd833cb5b3
Simulador/.git/objects/82/db212b4f3c90d6365c6ed6ce08ece9fbfec699
Simulador/.git/objects/82/dbbb7a212113654ec2da3da4b7b1dad3a7e160
Simulador/.git/objects/83/
Simulador/.git/objects/83/24c1b12c9c22345d3c2053a8e641c0d4b5782e
Simulador/.git/objects/83/fb9aa498607cbe5da426ed7557b59e541b9958
Simulador/.git/objects/85/
Simulador/.git/objects/85/7c94bfa3be6c89ed1b6346af01b71c41eeeee1
Simulador/.git/objects/85/a58d0d76220a91dccf0f3bb379297eb013836f
Simulador/.git/objects/86/
Simulador/.git/objects/86/94cd84c41571a7370a0c12b749fa94c64245ad
Simulador/.git/objects/87/
Simulador/.git/objects/87/5351319cdcc2b9c75e226d73047189e1480c39
Simulador/.git/objects/87/6549cfe83d66d96d6929b958304730715c32ad
Simulador/.git/objects/88/
Simulador/.git/objects/88/3891f357feced75b9e13eeb738154e04b2918d
Simulador/.git/objects/88/b8a53fca1cdd962c2908f695f46b5db354af47
Simulador/.git/objects/88/e96ab878cf1568f13910d85668524fd47aa9f7
Simulador/.git/objects/89/
Simulador/.git/objects/89/0cc325d8ab62e3d58a6f12d5d7ce94c6aabb95
Simulador/.git/objects/89/2124f4f9dc4fdcf3d40520fd51a78b55aac5c7
Simulador/.git/objects/89/e95ab44dc74c5be08339a937908a73c15c86ab
Simulador/.git/objects/8a/
Simulador/.git/objects/8a/53e6b2ecf69f3196fc6ec4e18718cb723d5ff6
Simulador/.git/objects/8c/
Simulador/.git/objects/8c/0a9bbe1c0b0c2726a6b31bd89a567c68ee16a7
Simulador/.git/objects/8c/3eca28a83005fb8847a2a52f6156b5d984a702
Simulador/.git/objects/8c/5212b8ad56a8d2bfa5aba3b423d49697785908
Simulador/.git/objects/8c/a7de0144751813b53b4c4e465aaf6edffe16e8
Simulador/.git/objects/8c/b8a2b12cb7207f971f93f5e3f6fcfff8863d4c
Simulador/.git/objects/8d/
Simulador/.git/objects/8d/537a5307b61dc77f813bd9afe0d3c9f37fdf18
Simulador/.git/objects/8d/6545a55302bab25534caf275ea3f55afdfcf59
Simulador/.git/objects/8d/709c6af45290f78cce663f4a4894c000b487f3
Simulador/.git/objects/8d/fc4fd162c39cc3717399b9d5a14e810dfc3aa8
Simulador/.git/objects/8e/
Simulador/.git/objects/8e/b15a12c02a3a0ccb4941687cf932e55671492c
Simulador/.git/objects/8e/b89495d60c0df108c67c35d89682bc6326536a
Simulador/.git/objects/8e/d0a96651e305eb545749a561dd2d3719cad5cc
Simulador/.git/objects/8f/
Simulador/.git/objects/8f/eed6b275c50558914186c7c09e7dfc26cf1a2e
Simulador/.git/objects/90/
Simulador/.git/objects/90/4ac014927cd606202d8522c086aabfef98883d
Simulador/.git/objects/90/d5e73f8a88fe13161b2c2b763e83411ee06b02
Simulador/.git/objects/91/
Simulador/.git/objects/91/9842a8f0de00b15ccb15506b1a07f76105c154
Simulador/.git/objects/91/e7d32c9f3737e3e20c1a02538ecb0f9e882dfc
Simulador/.git/objects/92/
Simulador/.git/objects/92/6b8e21b524c4bdd8a2f094d7f8b3043196112a
Simulador/.git/objects/92/74321a68f44ab7ed0b8aa9750c001c3a6ff27a
Simulador/.git/objects/93/
Simulador/.git/objects/93/db7d062a91bafc0b53a51aac3a6cad1eb778c0
Simulador/.git/objects/94/
Simulador/.git/objects/94/2b695b1d663e548d9343f09583fc7bbee114f6
Simulador/.git/objects/94/95bc1b977fa6a25bbb6fe2fa8a59ea6535093a
Simulador/.git/objects/94/e7c6ca86dcfcde993c2b0387ac1a0c6f0fb032
Simulador/.git/objects/94/f1b572e5d546da28e0428346f7f1331ef649e4
Simulador/.git/objects/96/
Simulador/.git/objects/96/a4c62ef4c353109f22c5d4c7bf7827fe74597b
Simulador/.git/objects/96/b87fdd708ef19fc3c6e466c44d7c212efa1d14
Simulador/.git/objects/96/b9e821001cb53c6df5e750c68a583c7933355b
Simulador/.git/objects/96/f2202763b4d196ca3e2e709f4ae521acac6d82
Simulador/.git/objects/97/
Simulador/.git/objects/97/910a9949126a13793506efed884f378fc8449a
Simulador/.git/objects/98/
Simulador/.git/objects/98/841fbbaa9f7ee8585ae95beb4bc470d203d816
Simulador/.git/objects/98/d40413d480e077387fa5527d6d7c27ce088dbf
Simulador/.git/objects/99/
Simulador/.git/objects/99/4cc551ec6d2612709f21467b7d4b2af39b8f34
Simulador/.git/objects/99/8b35b70afde25430439f0369bc530e9f588227
Simulador/.git/objects/9a/
Simulador/.git/objects/9a/027c2d73552ae4dffd01ec8052fefd8fb45784
Simulador/.git/objects/9a/3ef165194f8bbe0c587af525c1840dcf5154b3
Simulador/.git/objects/9a/4e0a3a91bbd381cc12b71f66f4c6648c97806a
Simulador/.git/objects/9a/8dad08cce71e8f4842b9c8b6d6d9d92b4f3298
Simulador/.git/objects/9b/
Simulador/.git/objects/9b/008e4c145a5eafcd355b21fd6233448589a54b
Simulador/.git/objects/9c/
Simulador/.git/objects/9c/401597de510b5719499397a143fc85f8246ab3
Simulador/.git/objects/9d/
Simulador/.git/objects/9d/561583b5e9b10dbf600707805f9394e91f8726
Simulador/.git/objects/9f/
Simulador/.git/objects/9f/c04094964786db564c511b439244ee7015ccea
Simulador/.git/objects/a0/
Simulador/.git/objects/a0/1c114f88ca630f3f844445ff34e5c8d54598a5
Simulador/.git/objects/a0/2867914e6854aeee95379463b8086183a76378
Simulador/.git/objects/a0/2da2b21d3af6e70fd96ee91a26ece94600e7d4
Simulador/.git/objects/a1/
Simulador/.git/objects/a1/21baef201d8d201471fdee2c96f00801914741
Simulador/.git/objects/a1/ca1d3f4e246eb6b7bc4bc078b0cce37cc27e42
Simulador/.git/objects/a1/e2acd2a13ddb6c90694a753f2cc07279a9bf92
Simulador/.git/objects/a2/
Simulador/.git/objects/a2/19393eb5af55f5c70ab09fce1006a60703ca6a
Simulador/.git/objects/a2/49e29a0b1922d3c8baaab5873b08627f1b039b
Simulador/.git/objects/a2/6864038ed72addd13c1613eb5cef85edac9c96
Simulador/.git/objects/a3/
Simulador/.git/objects/a3/4a392d0d48ade2f1337081d8290c4c35a53e63
Simulador/.git/objects/a3/63b32bffa288026f7faa67937ced61269874fe
Simulador/.git/objects/a4/
Simulador/.git/objects/a4/124bb3eb9d64530b57d8d64ac5ecca219fc0ca
Simulador/.git/objects/a4/8290968f021aae01d01f07b0479347d94636da
Simulador/.git/objects/a4/af268cf66a3e9d4f921d0481126e9f88f40385
Simulador/.git/objects/a4/d84674a8d7889845a429437f37dee20cb17b52
Simulador/.git/objects/a4/faaa1dfa226ac68c6a7898f7161d0e2956dcb3
Simulador/.git/objects/a5/
Simulador/.git/objects/a5/804475fffc3d8b64f573178e6349bc0c4e7b14
Simulador/.git/objects/a5/8841f004129659c58f6cfa9c05174e0e63c63b
Simulador/.git/objects/a5/979f793f65dba5d536ff44d48fd0b585e418b6
Simulador/.git/objects/a5/de0da176e548f69ce3ed3307e6fc5c0a0da2f0
Simulador/.git/objects/a6/
Simulador/.git/objects/a6/2d10a75980b7a73e79542b0da2b6f3c66ea829
Simulador/.git/objects/a7/
Simulador/.git/objects/a7/545131a3917bb3e56774126bc78ab2b97e68a3
Simulador/.git/objects/a7/660f686dc6fa2877fb428ef7229cbc6c6e4910
Simulador/.git/objects/a7/7089082e50351de9b33408e1bcaee6ea79482a
Simulador/.git/objects/a7/8801fe5a124f1cb7d8aad587c3c13accebd244
Simulador/.git/objects/a7/972faea01cb53f626f59d30dc67dd3cf44f757
Simulador/.git/objects/a8/
Simulador/.git/objects/a8/9f2db94c327dd44e6c5198d758cab8e994008f
Simulador/.git/objects/a8/e93a9450ceb178d45c38b87b80cc54ebad6779
Simulador/.git/objects/a8/f356e8e3d25367138295fa18ba0ba061bdbc62
Simulador/.git/objects/a8/f65ede4bd27c5af9497bdaf8c62559bac48109
Simulador/.git/objects/aa/
Simulador/.git/objects/aa/1cae9eeb451b0aefffeb7f5c6ea75753b6a190
Simulador/.git/objects/ab/
Simulador/.git/objects/ab/e106984a67c3934c6ed4c9788afd2143ebd320
Simulador/.git/objects/ac/
Simulador/.git/objects/ac/24cd7fd6fac3f7fb4369e0070b06b7f0c41736
Simulador/.git/objects/ac/ef62046257a2f3d761e958c10472812ab70b5e
Simulador/.git/objects/ae/
Simulador/.git/objects/ae/0c2b822d03a4f69f484fff2e2b6cff3fa73ab9
Simulador/.git/objects/af/
Simulador/.git/objects/af/9a5c116218d8936b0fa8cf8e0b0240316984bd
Simulador/.git/objects/af/b6b66c2565d19e62b6393a23bd2bfadd0d8226
Simulador/.git/objects/b1/
Simulador/.git/objects/b1/c4d518659ffca0fd2f6e611b3688edacd188f6
Simulador/.git/objects/b1/e4f81a527d3df4738e5350803f205af46b4f3c
Simulador/.git/objects/b4/
Simulador/.git/objects/b4/720ee8651278b8b8a4bf05a7e643ea07ba7413
Simulador/.git/objects/b5/
Simulador/.git/objects/b5/9ead00d07eb6bef6b4015c2fe05aaed3963dda
Simulador/.git/objects/b5/da1a6b496e342398ceb1845b1bd186e95fdfbf
Simulador/.git/objects/b6/
Simulador/.git/objects/b6/049cdd48d83307ed3015c54857ba83370c5ffc
Simulador/.git/objects/b6/64d61937be6fa51d59453a7c21228b5d2ace7a
Simulador/.git/objects/b6/7736175844c7a18666803cdd834d577515045a
Simulador/.git/objects/b7/
Simulador/.git/objects/b7/16ce59dbcb67321dd3c2efee66c8f1177e2520
Simulador/.git/objects/b8/
Simulador/.git/objects/b8/40b8dcc600c94325973e80aae02e59d1bb7c30
Simulador/.git/objects/b9/
Simulador/.git/objects/b9/4fd0e926ea96475ab0f72ebc92ccdd011b76b1
Simulador/.git/objects/b9/87c8e170e0ea81f42d5838e627d49a39909a2c
Simulador/.git/objects/b9/9862bfb8aae1b5821bc0dafb4177028147db75
Simulador/.git/objects/ba/
Simulador/.git/objects/ba/03ed5a47243d1dcb8fadb553ed1d5f09cbcfde
Simulador/.git/objects/ba/5a39079a38c1b842dcb7840ddce0509f47bde9
Simulador/.git/objects/bb/
Simulador/.git/objects/bb/4f6947aee49ceb9644123ab2f8646966a0297c
Simulador/.git/objects/bb/a8ccf2b60aa130e0eaf887de26d83ab8d0f9e7
Simulador/.git/objects/bb/ac6dc5966cb132de85774da21a550f39857d8c
Simulador/.git/objects/bb/b137aa0866379ef81fd5a0e8a6d3207628b0ac
Simulador/.git/objects/bc/
Simulador/.git/objects/bc/90537bc757feb46a4329035fb2b38429395c44
Simulador/.git/objects/bd/
Simulador/.git/objects/bd/6e85b5aeaf0e99014939c0bd96e87a8f50529c
Simulador/.git/objects/bd/bfbb6b7b0b0e5f1516e244d54bd656b16fd1ae
Simulador/.git/objects/bd/ee626ade1ccd191a14081b05d474adff427522
Simulador/.git/objects/be/
Simulador/.git/objects/be/d02e3c3b6f2edb1e7b355e6e3758db644a015d
Simulador/.git/objects/be/e899fff0c10e992b0c803887e934a68b6f3f45
Simulador/.git/objects/bf/
Simulador/.git/objects/bf/3a60ebfac86341038e9402b39218073a59fc35
Simulador/.git/objects/bf/81f35beea07595a0cfbbab349a18c0ce7942dc
Simulador/.git/objects/bf/9985d3f44610bd43d9daada9876db12100d504
Simulador/.git/objects/bf/dfabad51838b728d1c12a9be296185d4c52da6
Simulador/.git/objects/c0/
Simulador/.git/objects/c0/41c85dcb83a15471d874cde7a575ed7a6b0850
Simulador/.git/objects/c2/
Simulador/.git/objects/c2/e61e5800bbd8c07d848c0d5ec8deb4b4fe03fd
Simulador/.git/objects/c3/
Simulador/.git/objects/c3/49a939ed248eb08862ad4c1c4c3f110045e0e3
Simulador/.git/objects/c3/74a4f52a6d5139c72b43969701cfd4c4e6d332
Simulador/.git/objects/c3/b1a6b326c919488d1c899cf291a725845272dd
Simulador/.git/objects/c4/
Simulador/.git/objects/c4/1f8e90efb80ef986332fb22ffd573f53ce3ed2
Simulador/.git/objects/c4/de0f7af0d7009c51b3ddf4432386b3d205ebc4
Simulador/.git/objects/c6/
Simulador/.git/objects/c6/c7b0f68a2d96cbbcbe783498dd9b2bb5e7e064
Simulador/.git/objects/c8/
Simulador/.git/objects/c8/933233c2c0b6a2f310c6cfe1f533a32a4b1142
Simulador/.git/objects/c8/c69b2acc1cd0104aa9fbcd61893d9eeace8f25
Simulador/.git/objects/c9/
Simulador/.git/objects/c9/8bcc145f171b6babfc3a9b0e2765d8c267bce9
Simulador/.git/objects/c9/91e2550ae4f276c4269b3314b7fc127460ed87
Simulador/.git/objects/ca/
Simulador/.git/objects/ca/0ac09baa8b7f9b1514cfcbbea788656cea1920
Simulador/.git/objects/cb/
Simulador/.git/objects/cb/3268db161cc71a12a034c8b0b90296bb5436ac
Simulador/.git/objects/cb/42e54ff8a3560d08250b813e55a82cc400056d
Simulador/.git/objects/cb/7b84a263419cabde0aa38ddad00e79b4db68ab
Simulador/.git/objects/cc/
Simulador/.git/objects/cc/12483c25798dfedde53b1a60b683645542d63e
Simulador/.git/objects/cc/4e3118648c87d69d545a69a3d63ca5786b86c7
Simulador/.git/objects/cc/722cebd7bb1fca00ce0f1100458e7040f5a320
Simulador/.git/objects/cc/790c4ff5191820d708dc783b37d87e6ad598f5
Simulador/.git/objects/cc/9320aa68c3b5fdd44eadb7c4ca368ca1e7a41e
Simulador/.git/objects/cc/a2526f96f77f99f52ba09e86212693e898c734
Simulador/.git/objects/cc/a5bbecf021a598719b9050cc796f6a50a3c44b
Simulador/.git/objects/cd/
Simulador/.git/objects/cd/a32c34aaa0424f4d45504c230e02a4dc7ffb58
Simulador/.git/objects/cd/dcb1986be3c3c925e99984a0e86abce0798d91
Simulador/.git/objects/ce/
Simulador/.git/objects/ce/13ce8f9a17c05fe671b9b7ad7fa434cd495f68
Simulador/.git/objects/ce/adc5fa0fb2560b1fbac373af94be5003e7e3f8
Simulador/.git/objects/cf/
Simulador/.git/objects/cf/96b1ca136256331330c94ab3acf3381ad8406e
Simulador/.git/objects/d2/
Simulador/.git/objects/d2/70df1128228f2f5c611b87f5748e4f090d0c45
Simulador/.git/objects/d3/
Simulador/.git/objects/d3/0009364dc401eccbd211eb1d46c6d006c56b23
Simulador/.git/objects/d3/daeab8909597077addecf34ab05800705f77c8
Simulador/.git/objects/d4/
Simulador/.git/objects/d4/6eb0384cfaad37801b96e9cf9f5cfd1b2c1046
Simulador/.git/objects/d4/922a1df5b3c8604a1f8ad3e0aa1b7623340b7e
Simulador/.git/objects/d5/
Simulador/.git/objects/d5/4fe75d2cec4c59153ae6104a2e5c010072c9a0
Simulador/.git/objects/d5/52e1ef188a882e2cf493174b0420fdb815b126
Simulador/.git/objects/d5/b455f5786e6844176740d542f4dc643da0b966
Simulador/.git/objects/d6/
Simulador/.git/objects/d6/6b68b4b8149016db7047c304864f3b656a6b04
Simulador/.git/objects/d7/
Simulador/.git/objects/d7/795f2eeff751e1ec4976cefb5ee209cdb5577f
Simulador/.git/objects/d8/
Simulador/.git/objects/d8/bd6d6f5f0b56e08ce3b541630470f467847483
Simulador/.git/objects/da/
Simulador/.git/objects/da/ada741d4aae913794c0dc8e6aaf4f9277ce3cb
Simulador/.git/objects/da/e256395fd60ae7cb5a4d0fca6e28ffd4ff17c2
Simulador/.git/objects/db/
Simulador/.git/objects/db/2690adb6ba779339fa8968de07c805bc8512d0
Simulador/.git/objects/db/8c55413c8d0d8051bf7e9a832af15dbf0520e0
Simulador/.git/objects/db/9eb380bbe884022649b318ecc0058f1a962eef
Simulador/.git/objects/db/f21c39d238c60288c0206a3969eb8a50d3a278
Simulador/.git/objects/dc/
Simulador/.git/objects/dc/49852f1af3deb7cabbc3adeb47e8b35b66b5d1
Simulador/.git/objects/dd/
Simulador/.git/objects/dd/02f973ffac9248294c499ec7cbdedb5991162a
Simulador/.git/objects/dd/407a06dc4becc6cf55bfa023e2b114d5013138
Simulador/.git/objects/dd/eb24519b70e5769836149a5b21e272b356636f
Simulador/.git/objects/de/
Simulador/.git/objects/de/0c6716e217c61889e5b8d2070d84b2f1fe651f
Simulador/.git/objects/de/d6f6faa274657b65b444356ee78ad914595bc5
Simulador/.git/objects/df/
Simulador/.git/objects/df/a31eec66a0a9fe07c2e5d0980834ec6cea08ce
Simulador/.git/objects/df/d1f46a700c5493c28ef4117debf9665ae08bd0
Simulador/.git/objects/e0/
Simulador/.git/objects/e0/04fb162633a3cab16d650492698785194cb66f
Simulador/.git/objects/e0/51c66d47b0a79a75c9604fa3c7a8af996399e6
Simulador/.git/objects/e1/
Simulador/.git/objects/e1/ffdbed0d8ca663cfcab21818bb3f9c6938c7a2
Simulador/.git/objects/e4/
Simulador/.git/objects/e4/4224eb6ae9ae77087141cc20bf6e0921b4868e
Simulador/.git/objects/e5/
Simulador/.git/objects/e5/1ea83f5bb0e420a11f6b91c18654d0a227da97
Simulador/.git/objects/e6/
Simulador/.git/objects/e6/39e3e78b6f551d4e0acd2c034fbb786efc3e68
Simulador/.git/objects/e6/9a9334c977278cd35a38ce05f2d1c5bd7732b6
Simulador/.git/objects/e7/
Simulador/.git/objects/e7/0e5c557f949c01c3fb419f6a94aa1b1f84e81c
Simulador/.git/objects/e7/c6f716adb0ba7a8b72a6c120008ae42179302e
Simulador/.git/objects/e9/
Simulador/.git/objects/e9/2679a829a81d23e7401fad3f6f0b3814a54a29
Simulador/.git/objects/e9/a1dfe12299e9d7e436e832c0c393e05b311c73
Simulador/.git/objects/e9/d0d26ed0eeff4bf5b9fd7a947e80e63129e009
Simulador/.git/objects/ea/
Simulador/.git/objects/ea/74c850a37196341acf1abd50757bb0c8db137e
Simulador/.git/objects/ea/86420a5b523c69de98befeb6e39543b32b5881
Simulador/.git/objects/eb/
Simulador/.git/objects/eb/3f97b462dbf59b18cf5aebde636a6ecf70834d
Simulador/.git/objects/eb/452ab9f84a4695bfa9ef1f5eb4a0e02a24bf01
Simulador/.git/objects/ec/
Simulador/.git/objects/ec/26238c29accdd8df23a1616a388ecbb534c402
Simulador/.git/objects/ec/458098e7ece3c0f319f922d04f60bb2d0c5152
Simulador/.git/objects/ec/4fde76619815a662712a7d63a730215652b2f4
Simulador/.git/objects/ed/
Simulador/.git/objects/ed/8dd96edb01ea89196951f81852866480b0eae8
Simulador/.git/objects/ed/90084c70609851dbea03f0b6dc298b8292b005
Simulador/.git/objects/ed/e6778245ba2e760acfb9a932c565f924b52712
Simulador/.git/objects/ee/
Simulador/.git/objects/ee/07900f0f5d73d99355799efdfdcef2a8e618a2
Simulador/.git/objects/ee/1c99446696f326992bdd0c396aa0c0a81ee183
Simulador/.git/objects/ef/
Simulador/.git/objects/ef/8eceb4c1fe844d6c016efed60f15dc2ca05006
Simulador/.git/objects/f0/
Simulador/.git/objects/f0/21c5313a9c4941b7e0bdd61903a25b7ae1dff2
Simulador/.git/objects/f0/b258d18e04dba99299ed90e33ba13149fd9630
Simulador/.git/objects/f1/
Simulador/.git/objects/f1/148f45051a8a062e7f65be4dabecd90cc98b0e
Simulador/.git/objects/f2/
Simulador/.git/objects/f2/5db2c3ba1bba2c106c012132d1bfdfd41c0f79
Simulador/.git/objects/f2/880fb0043b8dabc9f83fe5fe73223e4499eccb
Simulador/.git/objects/f2/a512b68351a623763e4283b36a5cb14d92c157
Simulador/.git/objects/f2/dbb510c30958d949f6f35c634f33c83f64da19
Simulador/.git/objects/f2/dd5a5c6dd477a2192d2da5a15eb72efd787f7c
Simulador/.git/objects/f3/
Simulador/.git/objects/f3/3e878575aafacd65e05037934411e13f163165
Simulador/.git/objects/f3/c309c5bec8ec668d166a9701293ede3f2de532
Simulador/.git/objects/f3/ed798434baac41fa8eacbfa48eded2308812c4
Simulador/.git/objects/f4/
Simulador/.git/objects/f4/0b27f47da411062930b3758fc7b242e932f91e
Simulador/.git/objects/f4/2440953f28bc2a42a54e33989158ca2422b567
Simulador/.git/objects/f4/642398515bc459e483e749c1070e48be449360
Simulador/.git/objects/f4/f5b3e287e7c84ffdd8026765044817acd29176
Simulador/.git/objects/f5/
Simulador/.git/objects/f5/536ebc2d3b10ded6750bd5d9eba59566733ea7
Simulador/.git/objects/f6/
Simulador/.git/objects/f6/23103a9f19c531ab8bd7c396f87e86b9b8c1e2
Simulador/.git/objects/f6/42c3f7a77a5833bc3dfee643ad8ca6387b23e7
Simulador/.git/objects/f6/7ad9df37008043a00d8b7ce8e1f1e3f455ed6b
Simulador/.git/objects/f6/92b462d6344f7e7e5685e358646ad20a53034d
Simulador/.git/objects/f6/a42155ad81f648ca22e06d250f39e4ef718924
Simulador/.git/objects/f6/eef7ec65145bed2ca905f40c30fcaac528865b
Simulador/.git/objects/f6/f20499c3188a6b6081830b1cb86ced73d182b2
Simulador/.git/objects/f7/
Simulador/.git/objects/f7/6e6ce485911e70589d28d63e01dad0c82331ad
Simulador/.git/objects/f7/e504239902fdcbf1f998b9af7f9b12d4fd67b3
Simulador/.git/objects/f8/
Simulador/.git/objects/f8/2af44b9363e146e360bd728522744679b49933
Simulador/.git/objects/fa/
Simulador/.git/objects/fa/085263334c16d5a0fad46e84087782006e9805
Simulador/.git/objects/fa/781916e8b571323735773d423a0f06f56d9787
Simulador/.git/objects/fa/c6b7d6107b6d6d506d1e3234f956f2710807ae
Simulador/.git/objects/fb/
Simulador/.git/objects/fb/51bb78d6efa7f8fda386ab6fa1e0051490048e
Simulador/.git/objects/fc/
Simulador/.git/objects/fc/4c0bf05126d2cbac929bb11752173305462fd8
Simulador/.git/objects/fc/c22c2f99ae1e34e53628ce8e5da5e399fc4194
Simulador/.git/objects/fd/
Simulador/.git/objects/fd/53c0444e5d73ea58999763b40b6f79c1a670b8
Simulador/.git/objects/fd/d1d886a3b639c5d506c31779c3f7f560c2bc9b
Simulador/.git/objects/fe/
Simulador/.git/objects/fe/343ff9800cf19d75e9c0966e5877c1d18e54e1
Simulador/.git/objects/fe/79a1cfd8ea5399317d0c703527a9a4045ea747
Simulador/.git/objects/fe/a7e3630e70f0bf0a72eaf0957b1f287643515f
Simulador/.git/objects/fe/dfaf3e7409e0ba0418b0155740cf84cc7755cf
Simulador/.git/objects/fe/e60a6a0ff49b18f014ab847416274af229ad6f
Simulador/.git/objects/ff/
Simulador/.git/objects/ff/4516c1b258ea4d63f2534f83460ac18307d597
Simulador/.git/objects/ff/cfa69cfc9a6b74dd8af1f264b62d76a6538435
Simulador/.git/objects/ff/d6c690b8dff5fdeb115fbbc19e2f3a1344a32d
Simulador/.git/objects/ff/e3db4edafc07bee2234356843c8372b3b7a243
Simulador/.git/objects/ff/ed1247dd05d8b081bc89e944a190e6848e6ff6
Simulador/.git/objects/info/
Simulador/.git/objects/info/commit-graph
Simulador/.git/objects/info/packs
Simulador/.git/objects/pack/
Simulador/.git/objects/pack/pack-12409e1f03ead0323c8be71571eac1ff55c18f16.idx
Simulador/.git/objects/pack/pack-12409e1f03ead0323c8be71571eac1ff55c18f16.pack
Simulador/.git/objects/pack/pack-12409e1f03ead0323c8be71571eac1ff55c18f16.rev
Simulador/.git/objects/pack/pack-75e9ae74f1353e64632c93111867376396c60191.idx
Simulador/.git/objects/pack/pack-75e9ae74f1353e64632c93111867376396c60191.pack
Simulador/.git/objects/pack/pack-f8b6d9f2062070ba60a8188c9d0052b317d97d89.idx
Simulador/.git/objects/pack/pack-f8b6d9f2062070ba60a8188c9d0052b317d97d89.pack
