  adding: schemas/ (stored 0%)
  adding: schemas/__init__.py (stored 0%)
  adding: schemas/keys/ (stored 0%)
  adding: schemas/keys/jwks_public.json (deflated 30%)
  adding: schemas/keys/logs/ (stored 0%)
  adding: schemas/keys/logs/clave_gen.log (deflated 91%)
  adding: schemas/keys/ecdsa_private_key.pem (deflated 17%)
  adding: schemas/keys/secret.key (stored 0%)
  adding: schemas/keys/ecdsa_public_key.pem (deflated 14%)
  adding: schemas/xsd/ (stored 0%)
  adding: schemas/xsd/aml_transaction_report.xsd (deflated 82%)
  adding: schemas/xsd/pain.001.001.03.xsd (deflated 91%)
  adding: schemas/xsd/pain.002.001.03.xsd (deflated 78%)
  adding: schemas/transferencias/ (stored 0%)
  adding: schemas/transferencias/sepaCreditTransferRequestSchema.json (deflated 84%)
  adding: schemas/zCod.md (deflated 27%)
  adding: logs/ (stored 0%)
  adding: logs/full_deploy_20250517_024250.log (deflated 75%)
  adding: logs/errors.log (stored 0%)
  adding: logs/registro_script_20250519_232259.log (deflated 69%)
  adding: logs/full_deploy_20250517_024459.log (deflated 75%)
  adding: logs/registro_script_20250519_230858.log (deflated 74%)
  adding: logs/full_deploy_20250517_023637.log (deflated 74%)
  adding: logs/full_deploy_20250517_023655.log (deflated 89%)
  adding: logs/registro_script_20250519_231410.log (deflated 75%)
  adding: logs/full_deploy_20250517_024138.log (deflated 75%)
  adding: logs/registro_script_20250519_231802.log (deflated 76%)
  adding: logs/registro_script_20250519_231552.log (deflated 76%)
  adding: logs/registro_script_20250519_230556.log (deflated 73%)
