Internal Server Error: /ghostrecon/dashboard/
Traceback (most recent call last):
  File "/home/markmur88/Documentos/GitHub/zIncognito/bank_ghost/venv/lib/python3.13/site-packages/django/template/base.py", line 510, in parse
    compile_func = self.tags[command]
                   ~~~~~~~~~^^^^^^^^^
KeyError: 'static'

During handling of the above exception, another exception occurred:

Traceback (most recent call last):
  File "/home/markmur88/Documentos/GitHub/zIncognito/bank_ghost/venv/lib/python3.13/site-packages/django/core/handlers/exception.py", line 55, in inner
    response = get_response(request)
  File "/home/markmur88/Documentos/GitHub/zIncognito/bank_ghost/venv/lib/python3.13/site-packages/django/core/handlers/base.py", line 197, in _get_response
    response = wrapped_callback(request, *callback_args, **callback_kwargs)
  File "/home/markmur88/Documentos/GitHub/zIncognito/bank_ghost/venv/lib/python3.13/site-packages/django/contrib/auth/decorators.py", line 59, in _view_wrapper
    return view_func(request, *args, **kwargs)
  File "/home/markmur88/Documentos/GitHub/zIncognito/bank_ghost/reconocimiento/views.py", line 115, in dashboard
    return render(request, 'dashboard.html', contexto)
  File "/home/markmur88/Documentos/GitHub/zIncognito/bank_ghost/venv/lib/python3.13/site-packages/django/shortcuts.py", line 25, in render
    content = loader.render_to_string(template_name, context, request, using=using)
  File "/home/markmur88/Documentos/GitHub/zIncognito/bank_ghost/venv/lib/python3.13/site-packages/django/template/loader.py", line 62, in render_to_string
    return template.render(context, request)
           ~~~~~~~~~~~~~~~^^^^^^^^^^^^^^^^^^
  File "/home/markmur88/Documentos/GitHub/zIncognito/bank_ghost/venv/lib/python3.13/site-packages/django/template/backends/django.py", line 107, in render
    return self.template.render(context)
           ~~~~~~~~~~~~~~~~~~~~^^^^^^^^^
  File "/home/markmur88/Documentos/GitHub/zIncognito/bank_ghost/venv/lib/python3.13/site-packages/django/template/base.py", line 171, in render
    return self._render(context)
           ~~~~~~~~~~~~^^^^^^^^^
  File "/home/markmur88/Documentos/GitHub/zIncognito/bank_ghost/venv/lib/python3.13/site-packages/django/template/base.py", line 163, in _render
    return self.nodelist.render(context)
           ~~~~~~~~~~~~~~~~~~~~^^^^^^^^^
  File "/home/markmur88/Documentos/GitHub/zIncognito/bank_ghost/venv/lib/python3.13/site-packages/django/template/base.py", line 1016, in render
    return SafeString("".join([node.render_annotated(context) for node in self]))
                               ~~~~~~~~~~~~~~~~~~~~~^^^^^^^^^
  File "/home/markmur88/Documentos/GitHub/zIncognito/bank_ghost/venv/lib/python3.13/site-packages/django/template/base.py", line 977, in render_annotated
    return self.render(context)
           ~~~~~~~~~~~^^^^^^^^^
  File "/home/markmur88/Documentos/GitHub/zIncognito/bank_ghost/venv/lib/python3.13/site-packages/django/template/loader_tags.py", line 159, in render
    return compiled_parent._render(context)
           ~~~~~~~~~~~~~~~~~~~~~~~^^^^^^^^^
  File "/home/markmur88/Documentos/GitHub/zIncognito/bank_ghost/venv/lib/python3.13/site-packages/django/template/base.py", line 163, in _render
    return self.nodelist.render(context)
           ~~~~~~~~~~~~~~~~~~~~^^^^^^^^^
  File "/home/markmur88/Documentos/GitHub/zIncognito/bank_ghost/venv/lib/python3.13/site-packages/django/template/base.py", line 1016, in render
    return SafeString("".join([node.render_annotated(context) for node in self]))
                               ~~~~~~~~~~~~~~~~~~~~~^^^^^^^^^
  File "/home/markmur88/Documentos/GitHub/zIncognito/bank_ghost/venv/lib/python3.13/site-packages/django/template/base.py", line 977, in render_annotated
    return self.render(context)
           ~~~~~~~~~~~^^^^^^^^^
  File "/home/markmur88/Documentos/GitHub/zIncognito/bank_ghost/venv/lib/python3.13/site-packages/django/template/defaulttags.py", line 327, in render
    return nodelist.render(context)
           ~~~~~~~~~~~~~~~^^^^^^^^^
  File "/home/markmur88/Documentos/GitHub/zIncognito/bank_ghost/venv/lib/python3.13/site-packages/django/template/base.py", line 1016, in render
    return SafeString("".join([node.render_annotated(context) for node in self]))
                               ~~~~~~~~~~~~~~~~~~~~~^^^^^^^^^
  File "/home/markmur88/Documentos/GitHub/zIncognito/bank_ghost/venv/lib/python3.13/site-packages/django/template/base.py", line 977, in render_annotated
    return self.render(context)
           ~~~~~~~~~~~^^^^^^^^^
  File "/home/markmur88/Documentos/GitHub/zIncognito/bank_ghost/venv/lib/python3.13/site-packages/django/template/defaulttags.py", line 550, in render
    return self.nodelist.render(context)
           ~~~~~~~~~~~~~~~~~~~~^^^^^^^^^
  File "/home/markmur88/Documentos/GitHub/zIncognito/bank_ghost/venv/lib/python3.13/site-packages/django/template/base.py", line 1016, in render
    return SafeString("".join([node.render_annotated(context) for node in self]))
                               ~~~~~~~~~~~~~~~~~~~~~^^^^^^^^^
  File "/home/markmur88/Documentos/GitHub/zIncognito/bank_ghost/venv/lib/python3.13/site-packages/django/template/base.py", line 977, in render_annotated
    return self.render(context)
           ~~~~~~~~~~~^^^^^^^^^
  File "/home/markmur88/Documentos/GitHub/zIncognito/bank_ghost/venv/lib/python3.13/site-packages/django/template/defaulttags.py", line 327, in render
    return nodelist.render(context)
           ~~~~~~~~~~~~~~~^^^^^^^^^
  File "/home/markmur88/Documentos/GitHub/zIncognito/bank_ghost/venv/lib/python3.13/site-packages/django/template/base.py", line 1016, in render
    return SafeString("".join([node.render_annotated(context) for node in self]))
                               ~~~~~~~~~~~~~~~~~~~~~^^^^^^^^^
  File "/home/markmur88/Documentos/GitHub/zIncognito/bank_ghost/venv/lib/python3.13/site-packages/django/template/base.py", line 977, in render_annotated
    return self.render(context)
           ~~~~~~~~~~~^^^^^^^^^
  File "/home/markmur88/Documentos/GitHub/zIncognito/bank_ghost/venv/lib/python3.13/site-packages/django/template/loader_tags.py", line 199, in render
    template = context.template.engine.select_template(template_name)
  File "/home/markmur88/Documentos/GitHub/zIncognito/bank_ghost/venv/lib/python3.13/site-packages/django/template/engine.py", line 208, in select_template
    return self.get_template(template_name)
           ~~~~~~~~~~~~~~~~~^^^^^^^^^^^^^^^
  File "/home/markmur88/Documentos/GitHub/zIncognito/bank_ghost/venv/lib/python3.13/site-packages/django/template/engine.py", line 177, in get_template
    template, origin = self.find_template(template_name)
                       ~~~~~~~~~~~~~~~~~~^^^^^^^^^^^^^^^
  File "/home/markmur88/Documentos/GitHub/zIncognito/bank_ghost/venv/lib/python3.13/site-packages/django/template/engine.py", line 159, in find_template
    template = loader.get_template(name, skip=skip)
  File "/home/markmur88/Documentos/GitHub/zIncognito/bank_ghost/venv/lib/python3.13/site-packages/django/template/loaders/cached.py", line 57, in get_template
    template = super().get_template(template_name, skip)
  File "/home/markmur88/Documentos/GitHub/zIncognito/bank_ghost/venv/lib/python3.13/site-packages/django/template/loaders/base.py", line 28, in get_template
    return Template(
        contents,
    ...<2 lines>...
        self.engine,
    )
  File "/home/markmur88/Documentos/GitHub/zIncognito/bank_ghost/venv/lib/python3.13/site-packages/django/template/base.py", line 154, in __init__
    self.nodelist = self.compile_nodelist()
                    ~~~~~~~~~~~~~~~~~~~~~^^
  File "/home/markmur88/Documentos/GitHub/zIncognito/bank_ghost/venv/lib/python3.13/site-packages/django/template/base.py", line 196, in compile_nodelist
    nodelist = parser.parse()
  File "/home/markmur88/Documentos/GitHub/zIncognito/bank_ghost/venv/lib/python3.13/site-packages/django/template/base.py", line 512, in parse
    self.invalid_block_tag(token, command, parse_until)
    ~~~~~~~~~~~~~~~~~~~~~~^^^^^^^^^^^^^^^^^^^^^^^^^^^^^
  File "/home/markmur88/Documentos/GitHub/zIncognito/bank_ghost/venv/lib/python3.13/site-packages/django/template/base.py", line 577, in invalid_block_tag
    raise self.error(
    ...<3 lines>...
    )
django.template.exceptions.TemplateSyntaxError: Invalid block tag on line 6: 'static'. Did you forget to register or load this tag?
Not Found: /favicon.ico
Not Found: /reports/verificar_tor/
Not Found: /ghostrecon/dashboard/{% url 'ultimos_intentos_json' %}
Not Found: /ghostrecon/dashboard/{% url 'ultimos_intentos_json' %}
Not Found: /ghostrecon/dashboard/{% url 'ultimos_intentos_json' %}
Not Found: /reports/verificar_tor/
Not Found: /ghostrecon/dashboard/{% url 'ultimos_intentos_json' %}
Not Found: /ghostrecon/dashboard/{% url 'ultimos_intentos_json' %}
Not Found: /ghostrecon/dashboard/{% url 'ultimos_intentos_json' %}
Not Found: /ghostrecon/dashboard/{% url 'ultimos_intentos_json' %}
Not Found: /ghostrecon/dashboard/{% url 'ultimos_intentos_json' %}
Not Found: /reports/verificar_tor/
Not Found: /ghostrecon/dashboard/{% url 'ultimos_intentos_json' %}
Not Found: /ghostrecon/dashboard/{% url 'ultimos_intentos_json' %}
Not Found: /ghostrecon/dashboard/{% url 'ultimos_intentos_json' %}
Not Found: /ghostrecon/dashboard/{% url 'ultimos_intentos_json' %}
Not Found: /ghostrecon/dashboard/{% url 'ultimos_intentos_json' %}
Not Found: /ghostrecon/dashboard/{% url 'ultimos_intentos_json' %}
Not Found: /reports/verificar_tor/
Not Found: /ghostrecon/dashboard/{% url 'ultimos_intentos_json' %}
Not Found: /ghostrecon/dashboard/{% url 'ultimos_intentos_json' %}
Not Found: /ghostrecon/dashboard/{% url 'ultimos_intentos_json' %}
Not Found: /ghostrecon/dashboard/{% url 'ultimos_intentos_json' %}
Not Found: /ghostrecon/dashboard/{% url 'ultimos_intentos_json' %}
Not Found: /ghostrecon/dashboard/{% url 'ultimos_intentos_json' %}
Not Found: /reports/verificar_tor/
Not Found: /ghostrecon/dashboard/{% url 'ultimos_intentos_json' %}
Not Found: /reports/verificar_tor/
Not Found: /reports/verificar_tor/
Not Found: /ghostrecon/dashboard/{% url 'ultimos_intentos_json' %}
Not Found: /ghostrecon/dashboard/{% url 'ultimos_intentos_json' %}
Not Found: /reports/verificar_tor/
Not Found: /ghostrecon/dashboard/{% url 'ultimos_intentos_json' %}
Not Found: /ghostrecon/dashboard/{% url 'set_nav' %}
Not Found: /favicon.ico
Not Found: /ghostrecon/dashboard/{% url 'ultimos_intentos_json' %}
Not Found: /ghostrecon/dashboard/{% url 'set_nav' %}
Not Found: /favicon.ico
Not Found: /ghostrecon/dashboard/{% url 'set_nav' %}
Not Found: /reports/verificar_tor/
Not Found: /ghostrecon/dashboard/{% url 'ultimos_intentos_json' %}
Not Found: /ghostrecon/dashboard/{% url 'ultimos_intentos_json' %}
Not Found: /ghostrecon/dashboard/{% url 'ultimos_intentos_json' %}
Not Found: /ghostrecon/dashboard/{% url 'ultimos_intentos_json' %}
Not Found: /ghostrecon/dashboard/{% url 'ultimos_intentos_json' %}
Not Found: /reports/verificar_tor/
Not Found: /ghostrecon/dashboard/{% url 'ultimos_intentos_json' %}
Not Found: /ghostrecon/dashboard/{% url 'ultimos_intentos_json' %}
Not Found: /ghostrecon/dashboard/{% url 'ultimos_intentos_json' %}
Not Found: /ghostrecon/dashboard/{% url 'ultimos_intentos_json' %}
Not Found: /ghostrecon/dashboard/{% url 'ultimos_intentos_json' %}
Not Found: /ghostrecon/dashboard/{% url 'ultimos_intentos_json' %}
Not Found: /reports/verificar_tor/
Not Found: /ghostrecon/dashboard/{% url 'ultimos_intentos_json' %}
Not Found: /ghostrecon/dashboard/{% url 'ultimos_intentos_json' %}
Not Found: /ghostrecon/dashboard/{% url 'ultimos_intentos_json' %}
Not Found: /ghostrecon/dashboard/{% url 'ultimos_intentos_json' %}
Not Found: /ghostrecon/dashboard/{% url 'ultimos_intentos_json' %}
Not Found: /ghostrecon/dashboard/{% url 'ultimos_intentos_json' %}
Not Found: /reports/verificar_tor/
Not Found: /ghostrecon/dashboard/{% url 'ultimos_intentos_json' %}
Not Found: /ghostrecon/dashboard/{% url 'ultimos_intentos_json' %}
Not Found: /ghostrecon/dashboard/{% url 'ultimos_intentos_json' %}
Not Found: /ghostrecon/dashboard/{% url 'ultimos_intentos_json' %}
Not Found: /ghostrecon/dashboard/{% url 'ultimos_intentos_json' %}
Not Found: /ghostrecon/dashboard/{% url 'ultimos_intentos_json' %}
Not Found: /reports/verificar_tor/
Not Found: /ghostrecon/dashboard/{% url 'ultimos_intentos_json' %}
Not Found: /ghostrecon/dashboard/{% url 'ultimos_intentos_json' %}
Not Found: /ghostrecon/dashboard/{% url 'ultimos_intentos_json' %}
Not Found: /ghostrecon/dashboard/{% url 'ultimos_intentos_json' %}
Not Found: /ghostrecon/dashboard/{% url 'ultimos_intentos_json' %}
Not Found: /ghostrecon/dashboard/{% url 'ultimos_intentos_json' %}
Not Found: /reports/verificar_tor/
Not Found: /ghostrecon/dashboard/{% url 'ultimos_intentos_json' %}
Not Found: /ghostrecon/dashboard/{% url 'ultimos_intentos_json' %}
Not Found: /ghostrecon/dashboard/{% url 'ultimos_intentos_json' %}
Not Found: /ghostrecon/dashboard/{% url 'ultimos_intentos_json' %}
Not Found: /ghostrecon/dashboard/{% url 'ultimos_intentos_json' %}
Not Found: /ghostrecon/dashboard/{% url 'ultimos_intentos_json' %}
Not Found: /reports/verificar_tor/
Not Found: /ghostrecon/dashboard/{% url 'ultimos_intentos_json' %}
Not Found: /ghostrecon/dashboard/{% url 'ultimos_intentos_json' %}
Not Found: /ghostrecon/dashboard/{% url 'ultimos_intentos_json' %}
Not Found: /ghostrecon/dashboard/{% url 'ultimos_intentos_json' %}
Not Found: /ghostrecon/dashboard/{% url 'ultimos_intentos_json' %}
Not Found: /ghostrecon/dashboard/{% url 'ultimos_intentos_json' %}
Not Found: /reports/verificar_tor/
Not Found: /ghostrecon/dashboard/{% url 'ultimos_intentos_json' %}
Not Found: /ghostrecon/dashboard/{% url 'ultimos_intentos_json' %}
Not Found: /ghostrecon/dashboard/{% url 'ultimos_intentos_json' %}
Not Found: /ghostrecon/dashboard/{% url 'ultimos_intentos_json' %}
Not Found: /ghostrecon/dashboard/{% url 'ultimos_intentos_json' %}
Not Found: /ghostrecon/dashboard/{% url 'ultimos_intentos_json' %}
Not Found: /reports/verificar_tor/
Not Found: /ghostrecon/dashboard/{% url 'ultimos_intentos_json' %}
Not Found: /ghostrecon/dashboard/{% url 'ultimos_intentos_json' %}
Not Found: /ghostrecon/dashboard/{% url 'ultimos_intentos_json' %}
Not Found: /ghostrecon/dashboard/{% url 'ultimos_intentos_json' %}
Not Found: /reports/verificar_tor/
Not Found: /ghostrecon/dashboard/{% url 'ultimos_intentos_json' %}
Not Found: /ghostrecon/dashboard/{% url 'ultimos_intentos_json' %}
Not Found: /ghostrecon/dashboard/{% url 'ultimos_intentos_json' %}
Not Found: /ghostrecon/dashboard/{% url 'set_nav' %}
Not Found: /favicon.ico
Not Found: /ghostrecon/dashboard/{% url 'ultimos_intentos_json' %}
Not Found: /ghostrecon/dashboard/{% url 'ultimos_intentos_json' %}
Not Found: /ghostrecon/dashboard/{% url 'ultimos_intentos_json' %}
Not Found: /ghostrecon/dashboard/{% url 'ultimos_intentos_json' %}
Not Found: /ghostrecon/dashboard/{% url 'set_nav' %}
Not Found: /reports/verificar_tor/
Not Found: /reports/verificar_tor/
Not Found: /ghostrecon/dashboard/{% url 'ultimos_intentos_json' %}
Not Found: /ghostrecon/dashboard/{% url 'set_nav' %}
Not Found: /ghostrecon/dashboard/{% url 'ultimos_intentos_json' %}
Not Found: /ghostrecon/dashboard/{% url 'ultimos_intentos_json' %}
Not Found: /ghostrecon/dashboard/{% url 'set_nav' %}
Not Found: /favicon.ico
Not Found: /ghostrecon/dashboard/{% url 'ultimos_intentos_json' %}
Not Found: /ghostrecon/dashboard/{% url 'set_nav' %}
Not Found: /ghostrecon/dashboard/{% url 'ultimos_intentos_json' %}
Not Found: /ghostrecon/dashboard/{% url 'set_nav' %}
Not Found: /reports/verificar_tor/
Not Found: /ghostrecon/dashboard/{% url 'ultimos_intentos_json' %}
Not Found: /ghostrecon/dashboard/{% url 'ultimos_intentos_json' %}
Not Found: /ghostrecon/dashboard/{% url 'ultimos_intentos_json' %}
Not Found: /ghostrecon/dashboard/{% url 'ultimos_intentos_json' %}
Not Found: /reports/verificar_tor/
Not Found: /ghostrecon/dashboard/{% url 'ultimos_intentos_json' %}
Not Found: /ghostrecon/dashboard/{% url 'ultimos_intentos_json' %}
Not Found: /ghostrecon/dashboard/{% url 'ultimos_intentos_json' %}
Not Found: /ghostrecon/dashboard/{% url 'ultimos_intentos_json' %}
Not Found: /ghostrecon/dashboard/{% url 'ultimos_intentos_json' %}
Not Found: /ghostrecon/dashboard/{% url 'set_nav' %}
Not Found: /favicon.ico
Not Found: /ghostrecon/dashboard/{% url 'set_nav' %}
Not Found: /reports/verificar_tor/
Not Found: /ghostrecon/dashboard/{% url 'ultimos_intentos_json' %}
Not Found: /ghostrecon/dashboard/{% url 'ultimos_intentos_json' %}
Not Found: /ghostrecon/dashboard/{% url 'ultimos_intentos_json' %}
Not Found: /ghostrecon/dashboard/{% url 'ultimos_intentos_json' %}
Not Found: /ghostrecon/dashboard/{% url 'ultimos_intentos_json' %}
Not Found: /ghostrecon/dashboard/{% url 'ultimos_intentos_json' %}
Not Found: /reports/verificar_tor/
Not Found: /ghostrecon/dashboard/{% url 'ultimos_intentos_json' %}
Not Found: /ghostrecon/dashboard/{% url 'ultimos_intentos_json' %}
Not Found: /ghostrecon/dashboard/{% url 'ultimos_intentos_json' %}
Not Found: /ghostrecon/dashboard/{% url 'ultimos_intentos_json' %}
Not Found: /ghostrecon/dashboard/{% url 'ultimos_intentos_json' %}
Not Found: /reports/verificar_tor/
Not Found: /ghostrecon/dashboard/{% url 'ultimos_intentos_json' %}
Not Found: /ghostrecon/dashboard/{% url 'ultimos_intentos_json' %}
Not Found: /ghostrecon/dashboard/{% url 'ultimos_intentos_json' %}
Not Found: /ghostrecon/dashboard/{% url 'ultimos_intentos_json' %}
Not Found: /ghostrecon/dashboard/{% url 'ultimos_intentos_json' %}
Not Found: /ghostrecon/dashboard/{% url 'ultimos_intentos_json' %}
Not Found: /ghostrecon/dashboard/{% url 'ultimos_intentos_json' %}
Not Found: /reports/verificar_tor/
Not Found: /ghostrecon/dashboard/{% url 'ultimos_intentos_json' %}
Not Found: /ghostrecon/dashboard/{% url 'ultimos_intentos_json' %}
Not Found: /ghostrecon/dashboard/{% url 'ultimos_intentos_json' %}
Not Found: /ghostrecon/dashboard/{% url 'ultimos_intentos_json' %}
Not Found: /ghostrecon/dashboard/{% url 'ultimos_intentos_json' %}
Not Found: /reports/verificar_tor/
Not Found: /ghostrecon/dashboard/{% url 'ultimos_intentos_json' %}
Not Found: /ghostrecon/dashboard/{% url 'ultimos_intentos_json' %}
Not Found: /ghostrecon/dashboard/{% url 'ultimos_intentos_json' %}
Not Found: /ghostrecon/dashboard/{% url 'ultimos_intentos_json' %}
Not Found: /ghostrecon/dashboard/{% url 'ultimos_intentos_json' %}
Not Found: /ghostrecon/dashboard/{% url 'ultimos_intentos_json' %}
Not Found: /ghostrecon/dashboard/{% url 'ultimos_intentos_json' %}
Not Found: /ghostrecon/dashboard/{% url 'set_nav' %}
Not Found: /reports/verificar_tor/
Not Found: /ghostrecon/dashboard/{% url 'ultimos_intentos_json' %}
Not Found: /ghostrecon/dashboard/{% url 'set_nav' %}
Not Found: /favicon.ico
Not Found: /ghostrecon/dashboard/{% url 'set_nav' %}
Not Found: /reports/verificar_tor/
Not Found: /ghostrecon/dashboard/{% url 'ultimos_intentos_json' %}
Not Found: /ghostrecon/dashboard/{% url 'ultimos_intentos_json' %}
Not Found: /ghostrecon/dashboard/{% url 'ultimos_intentos_json' %}
Not Found: /ghostrecon/dashboard/{% url 'ultimos_intentos_json' %}
Not Found: /ghostrecon/dashboard/{% url 'ultimos_intentos_json' %}
Not Found: /ghostrecon/dashboard/{% url 'ultimos_intentos_json' %}
Not Found: /ghostrecon/dashboard/{% url 'ultimos_intentos_json' %}
Not Found: /ghostrecon/dashboard/{% url 'ultimos_intentos_json' %}
Not Found: /ghostrecon/dashboard/{% url 'ultimos_intentos_json' %}
Not Found: /ghostrecon/dashboard/{% url 'ultimos_intentos_json' %}
Not Found: /reports/verificar_tor/
Not Found: /ghostrecon/dashboard/{% url 'ultimos_intentos_json' %}
Not Found: /reports/verificar_tor/
Not Found: /ghostrecon/dashboard/{% url 'ultimos_intentos_json' %}
Not Found: /ghostrecon/dashboard/{% url 'ultimos_intentos_json' %}
Not Found: /ghostrecon/dashboard/{% url 'ultimos_intentos_json' %}
Not Found: /ghostrecon/dashboard/{% url 'ultimos_intentos_json' %}
Not Found: /ghostrecon/dashboard/{% url 'ultimos_intentos_json' %}
Not Found: /ghostrecon/dashboard/{% url 'ultimos_intentos_json' %}
Not Found: /ghostrecon/dashboard/{% url 'ultimos_intentos_json' %}
Not Found: /ghostrecon/dashboard/{% url 'ultimos_intentos_json' %}
Not Found: /ghostrecon/dashboard/{% url 'ultimos_intentos_json' %}
Not Found: /ghostrecon/dashboard/{% url 'ultimos_intentos_json' %}
Not Found: /ghostrecon/dashboard/{% url 'ultimos_intentos_json' %}
Not Found: /reports/verificar_tor/
Not Found: /ghostrecon/dashboard/{% url 'ultimos_intentos_json' %}
Not Found: /reports/verificar_tor/
Not Found: /ghostrecon/dashboard/{% url 'ultimos_intentos_json' %}
Not Found: /ghostrecon/dashboard/{% url 'ultimos_intentos_json' %}
Not Found: /ghostrecon/dashboard/{% url 'ultimos_intentos_json' %}
Not Found: /ghostrecon/dashboard/{% url 'ultimos_intentos_json' %}
Not Found: /ghostrecon/dashboard/{% url 'ultimos_intentos_json' %}
Not Found: /ghostrecon/dashboard/{% url 'ultimos_intentos_json' %}
Not Found: /ghostrecon/dashboard/{% url 'ultimos_intentos_json' %}
Not Found: /ghostrecon/dashboard/{% url 'ultimos_intentos_json' %}
Not Found: /ghostrecon/dashboard/{% url 'ultimos_intentos_json' %}
Not Found: /ghostrecon/dashboard/{% url 'ultimos_intentos_json' %}
Not Found: /ghostrecon/dashboard/{% url 'ultimos_intentos_json' %}
Not Found: /reports/verificar_tor/
Not Found: /ghostrecon/dashboard/{% url 'ultimos_intentos_json' %}
Not Found: /reports/verificar_tor/
Not Found: /ghostrecon/dashboard/{% url 'ultimos_intentos_json' %}
Not Found: /ghostrecon/dashboard/{% url 'ultimos_intentos_json' %}
Not Found: /ghostrecon/dashboard/{% url 'ultimos_intentos_json' %}
Not Found: /ghostrecon/dashboard/{% url 'ultimos_intentos_json' %}
Not Found: /ghostrecon/dashboard/{% url 'ultimos_intentos_json' %}
Not Found: /ghostrecon/dashboard/{% url 'ultimos_intentos_json' %}
Not Found: /ghostrecon/dashboard/{% url 'ultimos_intentos_json' %}
Not Found: /ghostrecon/dashboard/{% url 'ultimos_intentos_json' %}
Not Found: /ghostrecon/dashboard/{% url 'ultimos_intentos_json' %}
Not Found: /reports/verificar_tor/
Not Found: /ghostrecon/dashboard/{% url 'ultimos_intentos_json' %}
Not Found: /ghostrecon/dashboard/{% url 'ultimos_intentos_json' %}
Not Found: /ghostrecon/dashboard/{% url 'ultimos_intentos_json' %}
Not Found: /ghostrecon/dashboard/{% url 'ultimos_intentos_json' %}
Not Found: /ghostrecon/dashboard/{% url 'ultimos_intentos_json' %}
Not Found: /reports/verificar_tor/
Not Found: /ghostrecon/dashboard/{% url 'ultimos_intentos_json' %}
Not Found: /ghostrecon/dashboard/{% url 'ultimos_intentos_json' %}
Not Found: /ghostrecon/dashboard/{% url 'ultimos_intentos_json' %}
Not Found: /ghostrecon/dashboard/{% url 'ultimos_intentos_json' %}
Not Found: /ghostrecon/dashboard/{% url 'ultimos_intentos_json' %}
Not Found: /ghostrecon/dashboard/{% url 'ultimos_intentos_json' %}
Not Found: /ghostrecon/dashboard/{% url 'ultimos_intentos_json' %}
Not Found: /reports/verificar_tor/
Not Found: /ghostrecon/dashboard/{% url 'ultimos_intentos_json' %}
Not Found: /ghostrecon/dashboard/{% url 'ultimos_intentos_json' %}
Not Found: /ghostrecon/dashboard/{% url 'ultimos_intentos_json' %}
Not Found: /ghostrecon/dashboard/{% url 'ultimos_intentos_json' %}
Not Found: /ghostrecon/dashboard/{% url 'ultimos_intentos_json' %}
Not Found: /reports/verificar_tor/
Not Found: /ghostrecon/dashboard/{% url 'ultimos_intentos_json' %}
Not Found: /ghostrecon/dashboard/{% url 'ultimos_intentos_json' %}
Not Found: /ghostrecon/dashboard/{% url 'ultimos_intentos_json' %}
Not Found: /ghostrecon/dashboard/{% url 'ultimos_intentos_json' %}
Not Found: /ghostrecon/dashboard/{% url 'ultimos_intentos_json' %}
Not Found: /ghostrecon/dashboard/{% url 'ultimos_intentos_json' %}
Not Found: /ghostrecon/dashboard/{% url 'ultimos_intentos_json' %}
Not Found: /reports/verificar_tor/
Not Found: /ghostrecon/dashboard/{% url 'ultimos_intentos_json' %}
Not Found: /ghostrecon/dashboard/{% url 'ultimos_intentos_json' %}
Not Found: /ghostrecon/dashboard/{% url 'ultimos_intentos_json' %}
Not Found: /ghostrecon/dashboard/{% url 'ultimos_intentos_json' %}
Not Found: /ghostrecon/dashboard/{% url 'ultimos_intentos_json' %}
Not Found: /reports/verificar_tor/
Not Found: /ghostrecon/dashboard/{% url 'ultimos_intentos_json' %}
Not Found: /ghostrecon/dashboard/{% url 'ultimos_intentos_json' %}
Not Found: /reports/verificar_tor/
Not Found: /ghostrecon/dashboard/{% url 'ultimos_intentos_json' %}
Not Found: /ghostrecon/dashboard/{% url 'ultimos_intentos_json' %}
Not Found: /ghostrecon/dashboard/{% url 'ultimos_intentos_json' %}
Not Found: /ghostrecon/dashboard/{% url 'ultimos_intentos_json' %}
Not Found: /ghostrecon/dashboard/{% url 'ultimos_intentos_json' %}
Not Found: /ghostrecon/dashboard/{% url 'ultimos_intentos_json' %}
Not Found: /reports/verificar_tor/
Not Found: /ghostrecon/dashboard/{% url 'ultimos_intentos_json' %}
Not Found: /ghostrecon/dashboard/{% url 'ultimos_intentos_json' %}
Not Found: /ghostrecon/dashboard/{% url 'ultimos_intentos_json' %}
Not Found: /reports/verificar_tor/
Not Found: /ghostrecon/dashboard/{% url 'cambiar_verificacion_tor' %}
Not Found: /ghostrecon/dashboard/{% url 'ultimos_intentos_json' %}
Not Found: /ghostrecon/dashboard/{% url 'ultimos_intentos_json' %}
Not Found: /reports/verificar_tor/
Not Found: /ghostrecon/ejecutar/{% url 'cambiar_verificacion_tor' %}
Not Found: /ghostrecon/ejecutar/{% url 'cambiar_verificacion_tor' %}
Not Found: /reports/verificar_tor/
Not Found: /ghostrecon/ejecutar/{% url 'cambiar_verificacion_tor' %}
Not Found: /favicon.ico
Not Found: /favicon.ico
Not Found: /ghostrecon/dashboard/{% url 'set_nav' %}
Not Found: /reports/verificar_tor/
Not Found: /ghostrecon/dashboard/{% url 'set_nav' %}
Not Found: /favicon.ico
Not Found: /ghostrecon/dashboard/{% url 'set_nav' %}
Not Found: /ghostrecon/dashboard/{% url 'set_nav' %}
Not Found: /favicon.ico
Not Found: /ghostrecon/dashboard/{% url 'set_nav' %}
Not Found: /reports/verificar_tor/
Not Found: /ghostrecon/dashboard/{% url 'ultimos_intentos_json' %}
Not Found: /ghostrecon/dashboard/{% url 'ultimos_intentos_json' %}
Not Found: /ghostrecon/dashboard/{% url 'cambiar_verificacion_tor' %}
Not Found: /ghostrecon/dashboard/{% url 'ultimos_intentos_json' %}
Not Found: /ghostrecon/dashboard/{% url 'ultimos_intentos_json' %}
Not Found: /ghostrecon/dashboard/{% url 'ultimos_intentos_json' %}
Not Found: /ghostrecon/dashboard/{% url 'ultimos_intentos_json' %}
Not Found: /ghostrecon/dashboard/{% url 'ultimos_intentos_json' %}
Not Found: /ghostrecon/dashboard/{% url 'ultimos_intentos_json' %}
Not Found: /ghostrecon/dashboard/{% url 'ultimos_intentos_json' %}
Not Found: /ghostrecon/dashboard/{% url 'ultimos_intentos_json' %}
Not Found: /ghostrecon/dashboard/{% url 'ultimos_intentos_json' %}
Not Found: /ghostrecon/dashboard/{% url 'ultimos_intentos_json' %}
Not Found: /ghostrecon/dashboard/{% url 'ultimos_intentos_json' %}
Not Found: /ghostrecon/dashboard/{% url 'ultimos_intentos_json' %}
Not Found: /ghostrecon/dashboard/{% url 'ultimos_intentos_json' %}
Not Found: /ghostrecon/dashboard/{% url 'ultimos_intentos_json' %}
Not Found: /ghostrecon/dashboard/{% url 'ultimos_intentos_json' %}
Not Found: /ghostrecon/dashboard/{% url 'ultimos_intentos_json' %}
Not Found: /ghostrecon/dashboard/{% url 'ultimos_intentos_json' %}
Not Found: /ghostrecon/dashboard/{% url 'ultimos_intentos_json' %}
Not Found: /ghostrecon/dashboard/{% url 'ultimos_intentos_json' %}
Not Found: /ghostrecon/dashboard/{% url 'ultimos_intentos_json' %}
Not Found: /ghostrecon/dashboard/{% url 'ultimos_intentos_json' %}
Not Found: /ghostrecon/dashboard/{% url 'ultimos_intentos_json' %}
Not Found: /ghostrecon/dashboard/{% url 'ultimos_intentos_json' %}
Not Found: /ghostrecon/dashboard/{% url 'ultimos_intentos_json' %}
Not Found: /ghostrecon/dashboard/{% url 'ultimos_intentos_json' %}
Not Found: /ghostrecon/dashboard/{% url 'ultimos_intentos_json' %}
Not Found: /ghostrecon/dashboard/{% url 'ultimos_intentos_json' %}
Not Found: /ghostrecon/dashboard/{% url 'ultimos_intentos_json' %}
Not Found: /ghostrecon/dashboard/{% url 'ultimos_intentos_json' %}
Not Found: /ghostrecon/dashboard/{% url 'ultimos_intentos_json' %}
Not Found: /ghostrecon/dashboard/{% url 'ultimos_intentos_json' %}
Not Found: /favicon.ico
Not Found: /favicon.ico
Not Found: /ghostrecon/dashboard/{% url 'ultimos_intentos_json' %}
Not Found: /ghostrecon/dashboard/{% url 'set_nav' %}
Not Found: /reports/verificar_tor/
Not Found: /ghostrecon/dashboard/{% url 'ultimos_intentos_json' %}
Not Found: /ghostrecon/dashboard/{% url 'ultimos_intentos_json' %}
Not Found: /ghostrecon/dashboard/{% url 'ultimos_intentos_json' %}
Not Found: /ghostrecon/dashboard/{% url 'ultimos_intentos_json' %}
Not Found: /ghostrecon/dashboard/{% url 'ultimos_intentos_json' %}
Not Found: /reports/verificar_tor/
Not Found: /ghostrecon/dashboard/{% url 'ultimos_intentos_json' %}
Not Found: /ghostrecon/dashboard/{% url 'ultimos_intentos_json' %}
Not Found: /ghostrecon/dashboard/{% url 'ultimos_intentos_json' %}
Not Found: /ghostrecon/dashboard/{% url 'ultimos_intentos_json' %}
Not Found: /ghostrecon/dashboard/{% url 'ultimos_intentos_json' %}
Not Found: /ghostrecon/dashboard/{% url 'ultimos_intentos_json' %}
Not Found: /reports/verificar_tor/
Not Found: /ghostrecon/dashboard/{% url 'ultimos_intentos_json' %}
Not Found: /ghostrecon/dashboard/{% url 'ultimos_intentos_json' %}
Not Found: /ghostrecon/dashboard/{% url 'ultimos_intentos_json' %}
Not Found: /ghostrecon/dashboard/{% url 'ultimos_intentos_json' %}
Not Found: /ghostrecon/dashboard/{% url 'ultimos_intentos_json' %}
Not Found: /ghostrecon/dashboard/{% url 'ultimos_intentos_json' %}
Not Found: /reports/verificar_tor/
Not Found: /ghostrecon/dashboard/{% url 'ultimos_intentos_json' %}
Not Found: /ghostrecon/dashboard/{% url 'ultimos_intentos_json' %}
Not Found: /ghostrecon/dashboard/{% url 'ultimos_intentos_json' %}
Not Found: /ghostrecon/dashboard/{% url 'ultimos_intentos_json' %}
Not Found: /ghostrecon/dashboard/{% url 'ultimos_intentos_json' %}
Not Found: /ghostrecon/dashboard/{% url 'ultimos_intentos_json' %}
Not Found: /reports/verificar_tor/
Not Found: /ghostrecon/dashboard/{% url 'ultimos_intentos_json' %}
Not Found: /ghostrecon/dashboard/{% url 'ultimos_intentos_json' %}
Not Found: /ghostrecon/dashboard/{% url 'ultimos_intentos_json' %}
Not Found: /ghostrecon/dashboard/{% url 'ultimos_intentos_json' %}
Not Found: /ghostrecon/dashboard/{% url 'ultimos_intentos_json' %}
Not Found: /ghostrecon/dashboard/{% url 'ultimos_intentos_json' %}
Not Found: /reports/verificar_tor/
Not Found: /ghostrecon/dashboard/{% url 'ultimos_intentos_json' %}
Not Found: /ghostrecon/dashboard/{% url 'ultimos_intentos_json' %}
Not Found: /ghostrecon/dashboard/{% url 'ultimos_intentos_json' %}
Not Found: /ghostrecon/dashboard/{% url 'ultimos_intentos_json' %}
Not Found: /ghostrecon/dashboard/{% url 'ultimos_intentos_json' %}
Not Found: /ghostrecon/dashboard/{% url 'ultimos_intentos_json' %}
Not Found: /reports/verificar_tor/
Not Found: /ghostrecon/dashboard/{% url 'ultimos_intentos_json' %}
Not Found: /ghostrecon/dashboard/{% url 'ultimos_intentos_json' %}
Not Found: /ghostrecon/dashboard/{% url 'ultimos_intentos_json' %}
Not Found: /ghostrecon/dashboard/{% url 'ultimos_intentos_json' %}
Not Found: /ghostrecon/dashboard/{% url 'ultimos_intentos_json' %}
Not Found: /ghostrecon/dashboard/{% url 'ultimos_intentos_json' %}
Not Found: /reports/verificar_tor/
Not Found: /ghostrecon/dashboard/{% url 'ultimos_intentos_json' %}
Not Found: /ghostrecon/dashboard/{% url 'ultimos_intentos_json' %}
Not Found: /ghostrecon/dashboard/{% url 'ultimos_intentos_json' %}
Not Found: /ghostrecon/dashboard/{% url 'ultimos_intentos_json' %}
Not Found: /ghostrecon/dashboard/{% url 'ultimos_intentos_json' %}
Not Found: /ghostrecon/dashboard/{% url 'ultimos_intentos_json' %}
Not Found: /reports/verificar_tor/
Not Found: /ghostrecon/dashboard/{% url 'ultimos_intentos_json' %}
Not Found: /ghostrecon/dashboard/{% url 'ultimos_intentos_json' %}
Not Found: /ghostrecon/dashboard/{% url 'ultimos_intentos_json' %}
Not Found: /ghostrecon/dashboard/{% url 'ultimos_intentos_json' %}
Not Found: /ghostrecon/dashboard/{% url 'ultimos_intentos_json' %}
Not Found: /ghostrecon/dashboard/{% url 'ultimos_intentos_json' %}
Not Found: /reports/verificar_tor/
Not Found: /ghostrecon/dashboard/{% url 'ultimos_intentos_json' %}
Not Found: /ghostrecon/dashboard/{% url 'ultimos_intentos_json' %}
Not Found: /ghostrecon/dashboard/{% url 'ultimos_intentos_json' %}
Not Found: /ghostrecon/dashboard/{% url 'ultimos_intentos_json' %}
Not Found: /ghostrecon/dashboard/{% url 'ultimos_intentos_json' %}
Not Found: /ghostrecon/dashboard/{% url 'ultimos_intentos_json' %}
Not Found: /reports/verificar_tor/
Not Found: /ghostrecon/dashboard/{% url 'ultimos_intentos_json' %}
Not Found: /ghostrecon/dashboard/{% url 'ultimos_intentos_json' %}
Not Found: /ghostrecon/dashboard/{% url 'ultimos_intentos_json' %}
Not Found: /ghostrecon/dashboard/{% url 'ultimos_intentos_json' %}
Not Found: /ghostrecon/dashboard/{% url 'ultimos_intentos_json' %}
Not Found: /ghostrecon/dashboard/{% url 'ultimos_intentos_json' %}
Not Found: /reports/verificar_tor/
Not Found: /ghostrecon/dashboard/{% url 'ultimos_intentos_json' %}
Not Found: /ghostrecon/dashboard/{% url 'ultimos_intentos_json' %}
Not Found: /ghostrecon/dashboard/{% url 'ultimos_intentos_json' %}
Not Found: /ghostrecon/dashboard/{% url 'ultimos_intentos_json' %}
Not Found: /ghostrecon/dashboard/{% url 'ultimos_intentos_json' %}
Not Found: /ghostrecon/dashboard/{% url 'ultimos_intentos_json' %}
Not Found: /reports/verificar_tor/
Not Found: /ghostrecon/dashboard/{% url 'ultimos_intentos_json' %}
Not Found: /ghostrecon/dashboard/{% url 'ultimos_intentos_json' %}
Not Found: /ghostrecon/dashboard/{% url 'ultimos_intentos_json' %}
Not Found: /ghostrecon/dashboard/{% url 'ultimos_intentos_json' %}
Not Found: /ghostrecon/dashboard/{% url 'ultimos_intentos_json' %}
Not Found: /ghostrecon/dashboard/{% url 'ultimos_intentos_json' %}
Not Found: /reports/verificar_tor/
Not Found: /ghostrecon/dashboard/{% url 'ultimos_intentos_json' %}
Not Found: /ghostrecon/dashboard/{% url 'ultimos_intentos_json' %}
Not Found: /ghostrecon/dashboard/{% url 'ultimos_intentos_json' %}
Not Found: /ghostrecon/dashboard/{% url 'ultimos_intentos_json' %}
Not Found: /ghostrecon/dashboard/{% url 'ultimos_intentos_json' %}
Not Found: /ghostrecon/dashboard/{% url 'ultimos_intentos_json' %}
Not Found: /reports/verificar_tor/
Not Found: /ghostrecon/dashboard/{% url 'ultimos_intentos_json' %}
Not Found: /ghostrecon/dashboard/{% url 'ultimos_intentos_json' %}
Not Found: /ghostrecon/dashboard/{% url 'ultimos_intentos_json' %}
Not Found: /ghostrecon/dashboard/{% url 'ultimos_intentos_json' %}
Not Found: /ghostrecon/dashboard/{% url 'ultimos_intentos_json' %}
Not Found: /ghostrecon/dashboard/{% url 'ultimos_intentos_json' %}
Not Found: /reports/verificar_tor/
Not Found: /ghostrecon/dashboard/{% url 'ultimos_intentos_json' %}
Not Found: /ghostrecon/dashboard/{% url 'ultimos_intentos_json' %}
Not Found: /ghostrecon/dashboard/{% url 'ultimos_intentos_json' %}
Not Found: /ghostrecon/dashboard/{% url 'ultimos_intentos_json' %}
Not Found: /ghostrecon/dashboard/{% url 'ultimos_intentos_json' %}
Not Found: /ghostrecon/dashboard/{% url 'ultimos_intentos_json' %}
Not Found: /reports/verificar_tor/
Not Found: /ghostrecon/dashboard/{% url 'ultimos_intentos_json' %}
Not Found: /ghostrecon/dashboard/{% url 'ultimos_intentos_json' %}
Not Found: /ghostrecon/dashboard/{% url 'ultimos_intentos_json' %}
Not Found: /reports/verificar_tor/
Not Found: /ghostrecon/dashboard/{% url 'ultimos_intentos_json' %}
Not Found: /ghostrecon/dashboard/{% url 'cambiar_verificacion_tor' %}
Not Found: /ghostrecon/dashboard/{% url 'ultimos_intentos_json' %}
Not Found: /ghostrecon/dashboard/{% url 'ultimos_intentos_json' %}
Not Found: /ghostrecon/dashboard/{% url 'ultimos_intentos_json' %}
Not Found: /ghostrecon/dashboard/{% url 'ultimos_intentos_json' %}
Not Found: /ghostrecon/dashboard/{% url 'ultimos_intentos_json' %}
Not Found: /ghostrecon/dashboard/{% url 'ultimos_intentos_json' %}
Not Found: /ghostrecon/dashboard/{% url 'ultimos_intentos_json' %}
Not Found: /ghostrecon/dashboard/{% url 'ultimos_intentos_json' %}
Not Found: /ghostrecon/dashboard/{% url 'ultimos_intentos_json' %}
Not Found: /ghostrecon/dashboard/{% url 'ultimos_intentos_json' %}
Not Found: /ghostrecon/dashboard/{% url 'ultimos_intentos_json' %}
Not Found: /ghostrecon/dashboard/{% url 'ultimos_intentos_json' %}
Not Found: /ghostrecon/dashboard/{% url 'ultimos_intentos_json' %}
Not Found: /ghostrecon/dashboard/{% url 'ultimos_intentos_json' %}
Not Found: /ghostrecon/dashboard/{% url 'ultimos_intentos_json' %}
Not Found: /ghostrecon/dashboard/{% url 'ultimos_intentos_json' %}
Not Found: /ghostrecon/dashboard/{% url 'ultimos_intentos_json' %}
Not Found: /ghostrecon/dashboard/{% url 'ultimos_intentos_json' %}
Not Found: /ghostrecon/dashboard/{% url 'ultimos_intentos_json' %}
Not Found: /ghostrecon/dashboard/{% url 'ultimos_intentos_json' %}
Not Found: /ghostrecon/dashboard/{% url 'ultimos_intentos_json' %}
Not Found: /ghostrecon/dashboard/{% url 'ultimos_intentos_json' %}
Not Found: /ghostrecon/dashboard/{% url 'ultimos_intentos_json' %}
Not Found: /ghostrecon/dashboard/{% url 'ultimos_intentos_json' %}
Not Found: /ghostrecon/dashboard/{% url 'ultimos_intentos_json' %}
Not Found: /ghostrecon/dashboard/{% url 'ultimos_intentos_json' %}
Not Found: /ghostrecon/dashboard/{% url 'ultimos_intentos_json' %}
Not Found: /ghostrecon/dashboard/{% url 'ultimos_intentos_json' %}
Not Found: /ghostrecon/dashboard/{% url 'ultimos_intentos_json' %}
Not Found: /ghostrecon/dashboard/{% url 'ultimos_intentos_json' %}
Not Found: /ghostrecon/dashboard/{% url 'ultimos_intentos_json' %}
Not Found: /reports/verificar_tor/
Not Found: /ghostrecon/dashboard/{% url 'ultimos_intentos_json' %}
Not Found: /ghostrecon/dashboard/{% url 'ultimos_intentos_json' %}
Not Found: /ghostrecon/dashboard/{% url 'ultimos_intentos_json' %}
Not Found: /ghostrecon/dashboard/{% url 'ultimos_intentos_json' %}
Not Found: /ghostrecon/dashboard/{% url 'ultimos_intentos_json' %}
Not Found: /ghostrecon/dashboard/{% url 'ultimos_intentos_json' %}
Not Found: /ghostrecon/dashboard/{% url 'ultimos_intentos_json' %}
Not Found: /favicon.ico
Not Found: /reports/verificar_tor/
Not Found: /reports/verificar_tor/
Not Found: /ghostrecon/dashboard/{% url 'ultimos_intentos_json' %}
Not Found: /reports/verificar_tor/
Not Found: /reports/verificar_tor/
Not Found: /reports/verificar_tor/
Not Found: /reports/verificar_tor/
Not Found: /ghostrecon/dashboard/{% url 'ultimos_intentos_json' %}
Not Found: /ghostrecon/dashboard/{% url 'ultimos_intentos_json' %}
Not Found: /ghostrecon/dashboard/{% url 'ultimos_intentos_json' %}
Not Found: /ghostrecon/dashboard/{% url 'ultimos_intentos_json' %}
Not Found: /reports/verificar_tor/
Not Found: /reports/verificar_tor/
Not Found: /reports/verificar_tor/
Not Found: /ghostrecon/dashboard/{% url 'ultimos_intentos_json' %}
Not Found: /ghostrecon/dashboard/{% url 'ultimos_intentos_json' %}
Not Found: /ghostrecon/dashboard/{% url 'ultimos_intentos_json' %}
Not Found: /ghostrecon/dashboard/{% url 'ultimos_intentos_json' %}
Not Found: /ghostrecon/dashboard/{% url 'ultimos_intentos_json' %}
Not Found: /reports/verificar_tor/
Not Found: /ghostrecon/dashboard/{% url 'ultimos_intentos_json' %}
Not Found: /ghostrecon/dashboard/{% url 'ultimos_intentos_json' %}
Not Found: /ghostrecon/dashboard/{% url 'ultimos_intentos_json' %}
Not Found: /ghostrecon/dashboard/{% url 'ultimos_intentos_json' %}
Not Found: /reports/verificar_tor/
Not Found: /reports/verificar_tor/
Not Found: /reports/verificar_tor/
Not Found: /ghostrecon/dashboard/{% url 'ultimos_intentos_json' %}
Not Found: /reports/verificar_tor/
Not Found: /reports/verificar_tor/
Not Found: /reports/verificar_tor/
Not Found: /reports/verificar_tor/
Not Found: /ghostrecon/dashboard/{% url 'ultimos_intentos_json' %}
Not Found: /ghostrecon/dashboard/{% url 'ultimos_intentos_json' %}
Not Found: /ghostrecon/dashboard/{% url 'ultimos_intentos_json' %}
Not Found: /ghostrecon/dashboard/{% url 'ultimos_intentos_json' %}
Not Found: /ghostrecon/dashboard/{% url 'ultimos_intentos_json' %}
Not Found: /reports/verificar_tor/
Not Found: /ghostrecon/dashboard/{% url 'ultimos_intentos_json' %}
Not Found: /ghostrecon/dashboard/{% url 'ultimos_intentos_json' %}
Not Found: /ghostrecon/dashboard/{% url 'ultimos_intentos_json' %}
Not Found: /ghostrecon/dashboard/{% url 'ultimos_intentos_json' %}
Not Found: /ghostrecon/dashboard/{% url 'ultimos_intentos_json' %}
Not Found: /ghostrecon/dashboard/{% url 'ultimos_intentos_json' %}
Not Found: /reports/verificar_tor/
Not Found: /ghostrecon/dashboard/{% url 'ultimos_intentos_json' %}
Not Found: /ghostrecon/dashboard/{% url 'ultimos_intentos_json' %}
Not Found: /ghostrecon/dashboard/{% url 'ultimos_intentos_json' %}
Not Found: /ghostrecon/dashboard/{% url 'ultimos_intentos_json' %}
Not Found: /ghostrecon/dashboard/{% url 'ultimos_intentos_json' %}
Not Found: /ghostrecon/dashboard/{% url 'ultimos_intentos_json' %}
Not Found: /reports/verificar_tor/
Not Found: /ghostrecon/dashboard/{% url 'ultimos_intentos_json' %}
Not Found: /ghostrecon/dashboard/{% url 'ultimos_intentos_json' %}
Not Found: /ghostrecon/dashboard/{% url 'ultimos_intentos_json' %}
Not Found: /ghostrecon/dashboard/{% url 'ultimos_intentos_json' %}
Not Found: /ghostrecon/dashboard/{% url 'ultimos_intentos_json' %}
Not Found: /ghostrecon/dashboard/{% url 'ultimos_intentos_json' %}
Not Found: /reports/verificar_tor/
Not Found: /ghostrecon/dashboard/{% url 'ultimos_intentos_json' %}
Not Found: /ghostrecon/dashboard/{% url 'ultimos_intentos_json' %}
Not Found: /ghostrecon/dashboard/{% url 'ultimos_intentos_json' %}
Not Found: /ghostrecon/dashboard/{% url 'ultimos_intentos_json' %}
Not Found: /ghostrecon/dashboard/{% url 'ultimos_intentos_json' %}
Not Found: /ghostrecon/dashboard/{% url 'ultimos_intentos_json' %}
Not Found: /reports/verificar_tor/
Not Found: /ghostrecon/dashboard/{% url 'ultimos_intentos_json' %}
Not Found: /ghostrecon/dashboard/{% url 'ultimos_intentos_json' %}
Not Found: /ghostrecon/dashboard/{% url 'ultimos_intentos_json' %}
Not Found: /ghostrecon/dashboard/{% url 'ultimos_intentos_json' %}
Not Found: /ghostrecon/dashboard/{% url 'ultimos_intentos_json' %}
Not Found: /ghostrecon/dashboard/{% url 'ultimos_intentos_json' %}
Not Found: /reports/verificar_tor/
Not Found: /ghostrecon/dashboard/{% url 'ultimos_intentos_json' %}
Not Found: /ghostrecon/dashboard/{% url 'ultimos_intentos_json' %}
Not Found: /ghostrecon/dashboard/{% url 'ultimos_intentos_json' %}
Not Found: /ghostrecon/dashboard/{% url 'ultimos_intentos_json' %}
Not Found: /ghostrecon/dashboard/{% url 'ultimos_intentos_json' %}
Not Found: /ghostrecon/dashboard/{% url 'ultimos_intentos_json' %}
Not Found: /reports/verificar_tor/
Not Found: /ghostrecon/dashboard/{% url 'ultimos_intentos_json' %}
Not Found: /ghostrecon/dashboard/{% url 'ultimos_intentos_json' %}
Not Found: /ghostrecon/dashboard/{% url 'ultimos_intentos_json' %}
Not Found: /ghostrecon/dashboard/{% url 'ultimos_intentos_json' %}
Not Found: /ghostrecon/dashboard/{% url 'ultimos_intentos_json' %}
Not Found: /ghostrecon/dashboard/{% url 'ultimos_intentos_json' %}
Not Found: /reports/verificar_tor/
Not Found: /ghostrecon/dashboard/{% url 'ultimos_intentos_json' %}
Not Found: /ghostrecon/dashboard/{% url 'ultimos_intentos_json' %}
Not Found: /ghostrecon/dashboard/{% url 'ultimos_intentos_json' %}
Not Found: /ghostrecon/dashboard/{% url 'ultimos_intentos_json' %}
Not Found: /ghostrecon/dashboard/{% url 'ultimos_intentos_json' %}
Not Found: /ghostrecon/dashboard/{% url 'ultimos_intentos_json' %}
Not Found: /reports/verificar_tor/
Not Found: /ghostrecon/dashboard/{% url 'ultimos_intentos_json' %}
Not Found: /ghostrecon/dashboard/{% url 'ultimos_intentos_json' %}
Not Found: /ghostrecon/dashboard/{% url 'ultimos_intentos_json' %}
Not Found: /ghostrecon/dashboard/{% url 'ultimos_intentos_json' %}
Not Found: /ghostrecon/dashboard/{% url 'ultimos_intentos_json' %}
Not Found: /ghostrecon/dashboard/{% url 'ultimos_intentos_json' %}
Not Found: /reports/verificar_tor/
Not Found: /ghostrecon/dashboard/{% url 'ultimos_intentos_json' %}
Not Found: /ghostrecon/dashboard/{% url 'ultimos_intentos_json' %}
Not Found: /ghostrecon/dashboard/{% url 'ultimos_intentos_json' %}
Not Found: /ghostrecon/dashboard/{% url 'ultimos_intentos_json' %}
Not Found: /ghostrecon/dashboard/{% url 'ultimos_intentos_json' %}
Not Found: /ghostrecon/dashboard/{% url 'ultimos_intentos_json' %}
Not Found: /reports/verificar_tor/
Not Found: /ghostrecon/dashboard/{% url 'ultimos_intentos_json' %}
Not Found: /ghostrecon/dashboard/{% url 'ultimos_intentos_json' %}
Not Found: /ghostrecon/dashboard/{% url 'ultimos_intentos_json' %}
Not Found: /ghostrecon/dashboard/{% url 'ultimos_intentos_json' %}
Not Found: /ghostrecon/dashboard/{% url 'ultimos_intentos_json' %}
Not Found: /ghostrecon/dashboard/{% url 'ultimos_intentos_json' %}
Not Found: /reports/verificar_tor/
Not Found: /ghostrecon/dashboard/{% url 'ultimos_intentos_json' %}
Not Found: /ghostrecon/dashboard/{% url 'ultimos_intentos_json' %}
Not Found: /reports/verificar_tor/
Not Found: /ghostrecon/dashboard/{% url 'ultimos_intentos_json' %}
Not Found: /ghostrecon/dashboard/{% url 'ultimos_intentos_json' %}
Not Found: /ghostrecon/dashboard/{% url 'ultimos_intentos_json' %}
Not Found: /reports/verificar_tor/
Not Found: /ghostrecon/dashboard/{% url 'ultimos_intentos_json' %}
Not Found: /ghostrecon/dashboard/{% url 'ultimos_intentos_json' %}
Not Found: /ghostrecon/dashboard/{% url 'ultimos_intentos_json' %}
Not Found: /ghostrecon/dashboard/{% url 'ultimos_intentos_json' %}
Not Found: /ghostrecon/dashboard/{% url 'ultimos_intentos_json' %}
Not Found: /ghostrecon/dashboard/{% url 'ultimos_intentos_json' %}
Not Found: /ghostrecon/dashboard/{% url 'ultimos_intentos_json' %}
Not Found: /ghostrecon/dashboard/{% url 'ultimos_intentos_json' %}
Not Found: /reports/verificar_tor/
Not Found: /ghostrecon/dashboard/{% url 'ultimos_intentos_json' %}
Not Found: /ghostrecon/dashboard/{% url 'ultimos_intentos_json' %}
Not Found: /ghostrecon/dashboard/{% url 'ultimos_intentos_json' %}
Not Found: /ghostrecon/dashboard/{% url 'ultimos_intentos_json' %}
Not Found: /reports/verificar_tor/
Not Found: /ghostrecon/dashboard/{% url 'ultimos_intentos_json' %}
Not Found: /ghostrecon/dashboard/{% url 'ultimos_intentos_json' %}
Not Found: /ghostrecon/dashboard/{% url 'ultimos_intentos_json' %}
Not Found: /ghostrecon/dashboard/{% url 'ultimos_intentos_json' %}
Not Found: /ghostrecon/dashboard/{% url 'ultimos_intentos_json' %}
Not Found: /ghostrecon/dashboard/{% url 'ultimos_intentos_json' %}
Not Found: /ghostrecon/dashboard/{% url 'ultimos_intentos_json' %}
Not Found: /ghostrecon/dashboard/{% url 'ultimos_intentos_json' %}
Not Found: /reports/verificar_tor/
Not Found: /ghostrecon/dashboard/{% url 'ultimos_intentos_json' %}
Not Found: /ghostrecon/dashboard/{% url 'ultimos_intentos_json' %}
Not Found: /ghostrecon/dashboard/{% url 'ultimos_intentos_json' %}
Not Found: /ghostrecon/dashboard/{% url 'ultimos_intentos_json' %}
Not Found: /reports/verificar_tor/
Not Found: /ghostrecon/dashboard/{% url 'ultimos_intentos_json' %}
Not Found: /ghostrecon/dashboard/{% url 'ultimos_intentos_json' %}
Not Found: /ghostrecon/dashboard/{% url 'ultimos_intentos_json' %}
Not Found: /ghostrecon/dashboard/{% url 'ultimos_intentos_json' %}
Not Found: /ghostrecon/dashboard/{% url 'ultimos_intentos_json' %}
Not Found: /ghostrecon/dashboard/{% url 'ultimos_intentos_json' %}
Not Found: /ghostrecon/dashboard/{% url 'ultimos_intentos_json' %}
Not Found: /ghostrecon/dashboard/{% url 'ultimos_intentos_json' %}
Not Found: /reports/verificar_tor/
Not Found: /ghostrecon/dashboard/{% url 'ultimos_intentos_json' %}
Not Found: /ghostrecon/dashboard/{% url 'ultimos_intentos_json' %}
Not Found: /ghostrecon/dashboard/{% url 'ultimos_intentos_json' %}
Not Found: /favicon.ico
Not Found: /favicon.ico
Not Found: /ghostrecon/dashboard/{% url 'set_nav' %}
Not Found: /ghostrecon/dashboard/{% url 'ultimos_intentos_json' %}
Not Found: /reports/verificar_tor/
Not Found: /ghostrecon/dashboard/{% url 'set_nav' %}
Not Found: /ghostrecon/dashboard/{% url 'ultimos_intentos_json' %}
Not Found: /ghostrecon/dashboard/{% url 'ultimos_intentos_json' %}
Not Found: /ghostrecon/dashboard/{% url 'ultimos_intentos_json' %}
Not Found: /ghostrecon/dashboard/{% url 'ultimos_intentos_json' %}
Not Found: /ghostrecon/dashboard/{% url 'ultimos_intentos_json' %}
Not Found: /ghostrecon/dashboard/{% url 'ultimos_intentos_json' %}
Not Found: /ghostrecon/dashboard/{% url 'ultimos_intentos_json' %}
Not Found: /ghostrecon/dashboard/{% url 'ultimos_intentos_json' %}
Not Found: /ghostrecon/dashboard/{% url 'ultimos_intentos_json' %}
Not Found: /ghostrecon/dashboard/{% url 'ultimos_intentos_json' %}
Not Found: /ghostrecon/dashboard/{% url 'ultimos_intentos_json' %}
Not Found: /ghostrecon/dashboard/{% url 'ultimos_intentos_json' %}
Not Found: /ghostrecon/dashboard/{% url 'ultimos_intentos_json' %}
Not Found: /ghostrecon/dashboard/{% url 'ultimos_intentos_json' %}
Not Found: /ghostrecon/dashboard/{% url 'ultimos_intentos_json' %}
Not Found: /ghostrecon/dashboard/{% url 'ultimos_intentos_json' %}
Not Found: /ghostrecon/dashboard/{% url 'ultimos_intentos_json' %}
Not Found: /ghostrecon/dashboard/{% url 'ultimos_intentos_json' %}
Not Found: /ghostrecon/dashboard/{% url 'ultimos_intentos_json' %}
Not Found: /ghostrecon/dashboard/{% url 'ultimos_intentos_json' %}
Not Found: /ghostrecon/dashboard/{% url 'ultimos_intentos_json' %}
Not Found: /ghostrecon/dashboard/{% url 'ultimos_intentos_json' %}
Not Found: /favicon.ico
Not Found: /ghostrecon/dashboard/{% url 'ultimos_intentos_json' %}
Not Found: /ghostrecon/dashboard/{% url 'ultimos_intentos_json' %}
Not Found: /ghostrecon/dashboard/{% url 'set_nav' %}
Not Found: /ghostrecon/dashboard/{% url 'ultimos_intentos_json' %}
Not Found: /reports/verificar_tor/
Not Found: /favicon.ico
Not Found: /ghostrecon/dashboard/{% url 'ultimos_intentos_json' %}
Not Found: /ghostrecon/dashboard/{% url 'set_nav' %}
Not Found: /favicon.ico
Not Found: /ghostrecon/dashboard/{% url 'set_nav' %}
Not Found: /ghostrecon/dashboard/{% url 'set_nav' %}
Not Found: /favicon.ico
Not Found: /favicon.ico
Not Found: /ghostrecon/dashboard/{% url 'set_nav' %}
Not Found: /ghostrecon/dashboard/{% url 'ultimos_intentos_json' %}
Not Found: /ghostrecon/dashboard/{% url 'set_nav' %}
Not Found: /reports/verificar_tor/
Not Found: /ghostrecon/dashboard/{% url 'ultimos_intentos_json' %}
Not Found: /ghostrecon/dashboard/{% url 'cambiar_verificacion_tor' %}
Not Found: /ghostrecon/dashboard/{% url 'ultimos_intentos_json' %}
Not Found: /reports/verificar_tor/
Not Found: /ghostrecon/dashboard/{% url 'ultimos_intentos_json' %}
Not Found: /reports/verificar_tor/
Not Found: /reports/verificar_tor/
Not Found: /ghostrecon/dashboard/{% url 'cambiar_verificacion_tor' %}
Not Found: /ghostrecon/dashboard/{% url 'ultimos_intentos_json' %}
Not Found: /ghostrecon/dashboard/{% url 'ultimos_intentos_json' %}
Not Found: /reports/verificar_tor/
Not Found: /reports/verificar_tor/
Not Found: /ghostrecon/dashboard/{% url 'cambiar_verificacion_tor' %}
Not Found: /ghostrecon/dashboard/{% url 'ultimos_intentos_json' %}
Not Found: /favicon.ico
Not Found: /reports/verificar_tor/
Not Found: /reports/verificar_tor/
Not Found: /reports/verificar_tor/
Not Found: /ghostrecon/ejecutar/{% url 'cambiar_verificacion_tor' %}
Not Found: /favicon.ico
Not Found: /reports/verificar_tor/
Not Found: /ghostrecon/dashboard/{% url 'ultimos_intentos_json' %}
Not Found: /ghostrecon/dashboard/{% url 'ultimos_intentos_json' %}
Not Found: /ghostrecon/dashboard/{% url 'ultimos_intentos_json' %}
Not Found: /ghostrecon/dashboard/{% url 'ultimos_intentos_json' %}
Not Found: /ghostrecon/dashboard/{% url 'ultimos_intentos_json' %}
Not Found: /reports/verificar_tor/
Not Found: /ghostrecon/dashboard/{% url 'ultimos_intentos_json' %}
Not Found: /ghostrecon/dashboard/{% url 'ultimos_intentos_json' %}
Not Found: /ghostrecon/dashboard/{% url 'ultimos_intentos_json' %}
Not Found: /ghostrecon/dashboard/{% url 'ultimos_intentos_json' %}
Not Found: /ghostrecon/dashboard/{% url 'ultimos_intentos_json' %}
Not Found: /ghostrecon/dashboard/{% url 'set_nav' %}
Not Found: /reports/verificar_tor/
Not Found: /ghostrecon/dashboard/{% url 'set_nav' %}
Not Found: /favicon.ico
Not Found: /ghostrecon/dashboard/{% url 'set_nav' %}
Not Found: /reports/verificar_tor/
Not Found: /ghostrecon/dashboard/{% url 'cambiar_verificacion_tor' %}
Not Found: /ghostrecon/dashboard/{% url 'ultimos_intentos_json' %}
Not Found: /ghostrecon/dashboard/{% url 'ultimos_intentos_json' %}
Not Found: /ghostrecon/dashboard/{% url 'ultimos_intentos_json' %}
Not Found: /ghostrecon/dashboard/{% url 'ultimos_intentos_json' %}
Not Found: /ghostrecon/dashboard/{% url 'ultimos_intentos_json' %}
Not Found: /ghostrecon/dashboard/{% url 'ultimos_intentos_json' %}
Not Found: /ghostrecon/dashboard/{% url 'ultimos_intentos_json' %}
Not Found: /ghostrecon/dashboard/{% url 'ultimos_intentos_json' %}
Not Found: /ghostrecon/dashboard/{% url 'ultimos_intentos_json' %}
Not Found: /ghostrecon/dashboard/{% url 'ultimos_intentos_json' %}
Not Found: /ghostrecon/dashboard/{% url 'ultimos_intentos_json' %}
Not Found: /ghostrecon/dashboard/{% url 'ultimos_intentos_json' %}
Not Found: /ghostrecon/dashboard/{% url 'ultimos_intentos_json' %}
Not Found: /ghostrecon/dashboard/{% url 'ultimos_intentos_json' %}
Not Found: /ghostrecon/dashboard/{% url 'ultimos_intentos_json' %}
Not Found: /ghostrecon/dashboard/{% url 'ultimos_intentos_json' %}
Not Found: /ghostrecon/dashboard/{% url 'ultimos_intentos_json' %}
Not Found: /ghostrecon/dashboard/{% url 'ultimos_intentos_json' %}
Not Found: /ghostrecon/dashboard/{% url 'ultimos_intentos_json' %}
Not Found: /ghostrecon/dashboard/{% url 'ultimos_intentos_json' %}
Not Found: /ghostrecon/dashboard/{% url 'ultimos_intentos_json' %}
Not Found: /ghostrecon/dashboard/{% url 'ultimos_intentos_json' %}
Not Found: /ghostrecon/dashboard/{% url 'ultimos_intentos_json' %}
Not Found: /ghostrecon/dashboard/{% url 'ultimos_intentos_json' %}
Not Found: /ghostrecon/dashboard/{% url 'ultimos_intentos_json' %}
Not Found: /ghostrecon/dashboard/{% url 'ultimos_intentos_json' %}
Not Found: /ghostrecon/dashboard/{% url 'ultimos_intentos_json' %}
Not Found: /ghostrecon/dashboard/{% url 'ultimos_intentos_json' %}
Not Found: /ghostrecon/dashboard/{% url 'ultimos_intentos_json' %}
Not Found: /ghostrecon/dashboard/{% url 'ultimos_intentos_json' %}
Not Found: /ghostrecon/dashboard/{% url 'ultimos_intentos_json' %}
Not Found: /ghostrecon/dashboard/{% url 'ultimos_intentos_json' %}
Not Found: /ghostrecon/dashboard/{% url 'ultimos_intentos_json' %}
Not Found: /ghostrecon/dashboard/{% url 'ultimos_intentos_json' %}
Not Found: /ghostrecon/dashboard/{% url 'ultimos_intentos_json' %}
Not Found: /ghostrecon/dashboard/{% url 'ultimos_intentos_json' %}
Not Found: /ghostrecon/dashboard/{% url 'ultimos_intentos_json' %}
Not Found: /ghostrecon/dashboard/{% url 'ultimos_intentos_json' %}
Not Found: /ghostrecon/dashboard/{% url 'ultimos_intentos_json' %}
Not Found: /ghostrecon/dashboard/{% url 'ultimos_intentos_json' %}
Not Found: /ghostrecon/dashboard/{% url 'ultimos_intentos_json' %}
Not Found: /ghostrecon/dashboard/{% url 'ultimos_intentos_json' %}
Not Found: /ghostrecon/dashboard/{% url 'ultimos_intentos_json' %}
Not Found: /ghostrecon/dashboard/{% url 'ultimos_intentos_json' %}
Not Found: /ghostrecon/dashboard/{% url 'ultimos_intentos_json' %}
Not Found: /ghostrecon/dashboard/{% url 'ultimos_intentos_json' %}
Not Found: /ghostrecon/dashboard/{% url 'ultimos_intentos_json' %}
Not Found: /reports/verificar_tor/
Not Found: /ghostrecon/dashboard/{% url 'ultimos_intentos_json' %}
Not Found: /ghostrecon/dashboard/{% url 'ultimos_intentos_json' %}
Not Found: /ghostrecon/dashboard/{% url 'ultimos_intentos_json' %}
Not Found: /ghostrecon/dashboard/{% url 'ultimos_intentos_json' %}
Not Found: /reports/verificar_tor/
Not Found: /favicon.ico
Not Found: /reports/verificar_tor/
Not Found: /ghostrecon/dashboard/{% url 'set_nav' %}
Not Found: /reports/verificar_tor/
Not Found: /ghostrecon/dashboard/{% url 'set_nav' %}
Not Found: /favicon.ico
Not Found: /ghostrecon/dashboard/{% url 'set_nav' %}
Not Found: /ghostrecon/dashboard/{% url 'set_nav' %}
Not Found: /reports/verificar_tor/
Not Found: /reports/verificar_tor/
Not Found: /ghostrecon/dashboard/{% url 'set_nav' %}
Not Found: /ghostrecon/dashboard/{% url 'ultimos_intentos_json' %}
Not Found: /ghostrecon/dashboard/{% url 'ultimos_intentos_json' %}
Not Found: /ghostrecon/dashboard/{% url 'ultimos_intentos_json' %}
Not Found: /ghostrecon/dashboard/{% url 'ultimos_intentos_json' %}
Not Found: /ghostrecon/dashboard/{% url 'ultimos_intentos_json' %}
Not Found: /ghostrecon/dashboard/{% url 'ultimos_intentos_json' %}
Not Found: /ghostrecon/dashboard/{% url 'ultimos_intentos_json' %}
Not Found: /ghostrecon/dashboard/{% url 'ultimos_intentos_json' %}
Not Found: /ghostrecon/dashboard/{% url 'ultimos_intentos_json' %}
Not Found: /ghostrecon/dashboard/{% url 'ultimos_intentos_json' %}
Not Found: /ghostrecon/dashboard/{% url 'ultimos_intentos_json' %}
Not Found: /ghostrecon/dashboard/{% url 'ultimos_intentos_json' %}
Not Found: /ghostrecon/dashboard/{% url 'ultimos_intentos_json' %}
Not Found: /ghostrecon/dashboard/{% url 'ultimos_intentos_json' %}
Not Found: /ghostrecon/dashboard/{% url 'ultimos_intentos_json' %}
Not Found: /ghostrecon/dashboard/{% url 'ultimos_intentos_json' %}
Not Found: /ghostrecon/dashboard/{% url 'ultimos_intentos_json' %}
Not Found: /ghostrecon/dashboard/{% url 'ultimos_intentos_json' %}
Not Found: /favicon.ico
Not Found: /favicon.ico
Not Found: /ghostrecon/dashboard/{% url 'set_nav' %}
Not Found: /ghostrecon/dashboard/{% url 'set_nav' %}
Not Found: /ghostrecon/dashboard/{% url 'set_nav' %}
Not Found: /ghostrecon/dashboard/{% url 'ultimos_intentos_json' %}
Not Found: /ghostrecon/dashboard/{% url 'set_nav' %}
Not Found: /ghostrecon/dashboard/{% url 'ultimos_intentos_json' %}
Not Found: /ghostrecon/dashboard/{% url 'ultimos_intentos_json' %}
Not Found: /ghostrecon/dashboard/{% url 'ultimos_intentos_json' %}
Not Found: /ghostrecon/dashboard/{% url 'ultimos_intentos_json' %}
Not Found: /ghostrecon/dashboard/{% url 'ultimos_intentos_json' %}
Not Found: /ghostrecon/dashboard/{% url 'ultimos_intentos_json' %}
Not Found: /ghostrecon/dashboard/{% url 'ultimos_intentos_json' %}
Not Found: /ghostrecon/dashboard/{% url 'ultimos_intentos_json' %}
Not Found: /ghostrecon/dashboard/{% url 'set_nav' %}
Not Found: /reports/verificar_tor/
Not Found: /ghostrecon/dashboard/{% url 'ultimos_intentos_json' %}
Not Found: /ghostrecon/dashboard/{% url 'ultimos_intentos_json' %}
Not Found: /ghostrecon/dashboard/{% url 'ultimos_intentos_json' %}
Not Found: /ghostrecon/dashboard/{% url 'ultimos_intentos_json' %}
Not Found: /ghostrecon/dashboard/{% url 'ultimos_intentos_json' %}
Not Found: /reports/verificar_tor/
Not Found: /ghostrecon/dashboard/{% url 'ultimos_intentos_json' %}
Not Found: /ghostrecon/dashboard/{% url 'ultimos_intentos_json' %}
Not Found: /ghostrecon/dashboard/{% url 'ultimos_intentos_json' %}
Not Found: /ghostrecon/dashboard/{% url 'ultimos_intentos_json' %}
Not Found: /ghostrecon/dashboard/{% url 'ultimos_intentos_json' %}
Not Found: /ghostrecon/dashboard/{% url 'ultimos_intentos_json' %}
Not Found: /reports/verificar_tor/
Not Found: /ghostrecon/dashboard/{% url 'ultimos_intentos_json' %}
Not Found: /ghostrecon/dashboard/{% url 'ultimos_intentos_json' %}
Not Found: /ghostrecon/dashboard/{% url 'ultimos_intentos_json' %}
Not Found: /ghostrecon/dashboard/{% url 'ultimos_intentos_json' %}
Not Found: /ghostrecon/dashboard/{% url 'ultimos_intentos_json' %}
Not Found: /ghostrecon/dashboard/{% url 'ultimos_intentos_json' %}
Not Found: /reports/verificar_tor/
Not Found: /ghostrecon/dashboard/{% url 'ultimos_intentos_json' %}
Not Found: /ghostrecon/dashboard/{% url 'set_nav' %}
Not Found: /ghostrecon/dashboard/{% url 'ultimos_intentos_json' %}
Not Found: /ghostrecon/dashboard/{% url 'ultimos_intentos_json' %}
Not Found: /ghostrecon/dashboard/{% url 'ultimos_intentos_json' %}
Not Found: /ghostrecon/dashboard/{% url 'ultimos_intentos_json' %}
Not Found: /ghostrecon/dashboard/{% url 'ultimos_intentos_json' %}
Not Found: /ghostrecon/dashboard/{% url 'ultimos_intentos_json' %}
Not Found: /ghostrecon/dashboard/{% url 'ultimos_intentos_json' %}
Not Found: /ghostrecon/dashboard/{% url 'ultimos_intentos_json' %}
Not Found: /ghostrecon/dashboard/{% url 'ultimos_intentos_json' %}
Not Found: /ghostrecon/dashboard/{% url 'ultimos_intentos_json' %}
Not Found: /ghostrecon/dashboard/{% url 'ultimos_intentos_json' %}
Not Found: /ghostrecon/dashboard/{% url 'ultimos_intentos_json' %}
Not Found: /ghostrecon/dashboard/{% url 'ultimos_intentos_json' %}
Not Found: /ghostrecon/dashboard/{% url 'ultimos_intentos_json' %}
Not Found: /ghostrecon/dashboard/{% url 'ultimos_intentos_json' %}
Not Found: /ghostrecon/dashboard/{% url 'ultimos_intentos_json' %}
Not Found: /ghostrecon/dashboard/{% url 'ultimos_intentos_json' %}
Not Found: /ghostrecon/dashboard/{% url 'ultimos_intentos_json' %}
Not Found: /ghostrecon/dashboard/{% url 'ultimos_intentos_json' %}
Not Found: /ghostrecon/dashboard/{% url 'ultimos_intentos_json' %}
Not Found: /ghostrecon/dashboard/{% url 'ultimos_intentos_json' %}
Not Found: /ghostrecon/dashboard/{% url 'ultimos_intentos_json' %}
Not Found: /ghostrecon/dashboard/{% url 'ultimos_intentos_json' %}
Not Found: /ghostrecon/dashboard/{% url 'ultimos_intentos_json' %}
Not Found: /ghostrecon/dashboard/{% url 'ultimos_intentos_json' %}
Not Found: /ghostrecon/dashboard/{% url 'ultimos_intentos_json' %}
Not Found: /ghostrecon/dashboard/{% url 'ultimos_intentos_json' %}
Not Found: /ghostrecon/dashboard/{% url 'ultimos_intentos_json' %}
Not Found: /ghostrecon/dashboard/{% url 'ultimos_intentos_json' %}
Not Found: /ghostrecon/dashboard/{% url 'ultimos_intentos_json' %}
Not Found: /ghostrecon/dashboard/{% url 'ultimos_intentos_json' %}
Not Found: /ghostrecon/dashboard/{% url 'ultimos_intentos_json' %}
Not Found: /ghostrecon/dashboard/{% url 'ultimos_intentos_json' %}
Not Found: /ghostrecon/dashboard/{% url 'ultimos_intentos_json' %}
Not Found: /ghostrecon/dashboard/{% url 'ultimos_intentos_json' %}
Not Found: /ghostrecon/dashboard/{% url 'ultimos_intentos_json' %}
Not Found: /ghostrecon/dashboard/{% url 'ultimos_intentos_json' %}
Not Found: /ghostrecon/dashboard/{% url 'ultimos_intentos_json' %}
Not Found: /ghostrecon/dashboard/{% url 'ultimos_intentos_json' %}
Not Found: /ghostrecon/dashboard/{% url 'ultimos_intentos_json' %}
Not Found: /ghostrecon/dashboard/{% url 'ultimos_intentos_json' %}
Not Found: /ghostrecon/dashboard/{% url 'ultimos_intentos_json' %}
Not Found: /ghostrecon/dashboard/{% url 'ultimos_intentos_json' %}
Not Found: /ghostrecon/dashboard/{% url 'ultimos_intentos_json' %}
Not Found: /ghostrecon/dashboard/{% url 'ultimos_intentos_json' %}
Not Found: /ghostrecon/dashboard/{% url 'set_nav' %}
Not Found: /ghostrecon/dashboard/{% url 'ultimos_intentos_json' %}
Not Found: /ghostrecon/dashboard/{% url 'set_nav' %}
Not Found: /reports/verificar_tor/
Not Found: /ghostrecon/dashboard/{% url 'ultimos_intentos_json' %}
Not Found: /ghostrecon/dashboard/{% url 'ultimos_intentos_json' %}
Not Found: /reports/verificar_tor/
Not Found: /reports/verificar_tor/
Not Found: /reports/verificar_tor/
Not Found: /reports/verificar_tor/
Not Found: /ghostrecon/dashboard/{% url 'set_nav' %}
Not Found: /reports/verificar_tor/
Not Found: /ghostrecon/dashboard/{% url 'set_nav' %}
Not Found: /ghostrecon/dashboard/{% url 'set_nav' %}
Not Found: /ghostrecon/dashboard/{% url 'set_nav' %}
Not Found: /reports/verificar_tor/
Not Found: /ghostrecon/dashboard/{% url 'set_nav' %}
Not Found: /reports/verificar_tor/
Not Found: /ghostrecon/dashboard/{% url 'ultimos_intentos_json' %}
Not Found: /reports/verificar_tor/
Not Found: /reports/verificar_tor/
Not Found: /reports/verificar_tor/
Not Found: /reports/verificar_tor/
Not Found: /reports/verificar_tor/
Not Found: /favicon.ico
Not Found: /favicon.ico
Not Found: /ghostrecon/dashboard/{% url 'set_nav' %}
Not Found: /reports/verificar_tor/
Not Found: /reports/verificar_tor/
Not Found: /reports/verificar_tor/
Not Found: /reports/verificar_tor/
Not Found: /reports/verificar_tor/
Not Found: /reports/verificar_tor/
Not Found: /reports/verificar_tor/
Not Found: /reports/verificar_tor/
Not Found: /reports/verificar_tor/
Not Found: /reports/verificar_tor/
Not Found: /reports/verificar_tor/
Not Found: /reports/verificar_tor/
Not Found: /reports/verificar_tor/
Not Found: /reports/verificar_tor/
Not Found: /reports/verificar_tor/
Not Found: /reports/verificar_tor/
Not Found: /reports/verificar_tor/
Not Found: /reports/verificar_tor/
Not Found: /reports/verificar_tor/
Not Found: /reports/verificar_tor/
Not Found: /reports/verificar_tor/
Not Found: /reports/verificar_tor/
Not Found: /reports/verificar_tor/
Not Found: /reports/verificar_tor/
Not Found: /reports/verificar_tor/
Not Found: /reports/verificar_tor/
Not Found: /reports/verificar_tor/
Not Found: /reports/verificar_tor/
Not Found: /reports/verificar_tor/
Not Found: /reports/verificar_tor/
Not Found: /reports/verificar_tor/
Not Found: /reports/verificar_tor/
Not Found: /reports/verificar_tor/
Not Found: /reports/verificar_tor/
Not Found: /reports/verificar_tor/
Not Found: /reports/verificar_tor/
Not Found: /reports/verificar_tor/
Not Found: /reports/verificar_tor/
Not Found: /reports/verificar_tor/
Not Found: /reports/verificar_tor/
Not Found: /reports/verificar_tor/
Not Found: /reports/verificar_tor/
Not Found: /reports/verificar_tor/
Not Found: /reports/verificar_tor/
Not Found: /reports/verificar_tor/
Not Found: /reports/verificar_tor/
Not Found: /reports/verificar_tor/
Not Found: /reports/verificar_tor/
Not Found: /reports/verificar_tor/
Not Found: /reports/verificar_tor/
Not Found: /reports/verificar_tor/
Not Found: /reports/verificar_tor/
Not Found: /reports/verificar_tor/
Not Found: /reports/verificar_tor/
Not Found: /reports/verificar_tor/
Not Found: /reports/verificar_tor/
Not Found: /reports/verificar_tor/
Not Found: /reports/verificar_tor/
Not Found: /reports/verificar_tor/
Not Found: /reports/verificar_tor/
Not Found: /reports/verificar_tor/
Not Found: /reports/verificar_tor/
Not Found: /reports/verificar_tor/
Not Found: /reports/verificar_tor/
Not Found: /reports/verificar_tor/
Not Found: /reports/verificar_tor/
Not Found: /reports/verificar_tor/
Not Found: /reports/verificar_tor/
Not Found: /reports/verificar_tor/
Not Found: /reports/verificar_tor/
Not Found: /reports/verificar_tor/
Not Found: /reports/verificar_tor/
Not Found: /reports/verificar_tor/
Not Found: /reports/verificar_tor/
Not Found: /reports/verificar_tor/
Not Found: /reports/verificar_tor/
Not Found: /reports/verificar_tor/
