[2025-05-19 18:47:20 +0200] [1467] [INFO] Starting gunicorn 23.0.0
[2025-05-19 18:47:20 +0200] [1467] [INFO] Listening at: unix:/home/markmur88/Documentos/GitHub/zIncognito/bank_ghost/servers/gunicorn/ghost.sock (1467)
[2025-05-19 18:47:20 +0200] [1467] [INFO] Using worker: sync
[2025-05-19 18:47:20 +0200] [1471] [INFO] Booting worker with pid: 1471
[2025-05-19 18:47:20 +0200] [1472] [INFO] Booting worker with pid: 1472
[2025-05-19 18:47:20 +0200] [1473] [INFO] Booting worker with pid: 1473
[2025-05-19 20:38:46 +0200] [1467] [INFO] Handling signal: term
[2025-05-19 20:38:46 +0200] [1467] [INFO] Shutting down: Master
[2025-05-19 20:42:46 +0200] [2151] [INFO] Starting gunicorn 23.0.0
[2025-05-19 20:42:46 +0200] [2151] [INFO] Listening at: unix:/home/markmur88/Documentos/GitHub/zIncognito/bank_ghost/servers/gunicorn/ghost.sock (2151)
[2025-05-19 20:42:46 +0200] [2151] [INFO] Using worker: sync
[2025-05-19 20:42:46 +0200] [2157] [INFO] Booting worker with pid: 2157
[2025-05-19 20:42:46 +0200] [2158] [INFO] Booting worker with pid: 2158
[2025-05-19 20:42:46 +0200] [2159] [INFO] Booting worker with pid: 2159
[2025-05-20 08:17:45 +0200] [2151] [INFO] Handling signal: term
[2025-05-20 08:17:46 +0200] [2151] [INFO] Shutting down: Master
[2025-05-20 08:20:36 +0200] [1467] [INFO] Starting gunicorn 23.0.0
[2025-05-20 08:20:36 +0200] [1467] [INFO] Listening at: unix:/home/markmur88/Documentos/GitHub/zIncognito/bank_ghost/servers/gunicorn/ghost.sock (1467)
[2025-05-20 08:20:36 +0200] [1467] [INFO] Using worker: sync
[2025-05-20 08:20:36 +0200] [1468] [INFO] Booting worker with pid: 1468
[2025-05-20 08:20:36 +0200] [1469] [INFO] Booting worker with pid: 1469
[2025-05-20 08:20:36 +0200] [1470] [INFO] Booting worker with pid: 1470
[2025-05-20 08:26:13 +0200] [1467] [INFO] Handling signal: term
[2025-05-20 08:26:13 +0200] [1467] [INFO] Shutting down: Master
[2025-05-20 19:10:15 +0200] [1523] [INFO] Starting gunicorn 23.0.0
[2025-05-20 19:10:15 +0200] [1523] [INFO] Listening at: unix:/home/markmur88/Documentos/GitHub/zIncognito/bank_ghost/servers/gunicorn/ghost.sock (1523)
[2025-05-20 19:10:15 +0200] [1523] [INFO] Using worker: sync
[2025-05-20 19:10:15 +0200] [1524] [INFO] Booting worker with pid: 1524
[2025-05-20 19:10:15 +0200] [1525] [INFO] Booting worker with pid: 1525
[2025-05-20 19:10:15 +0200] [1526] [INFO] Booting worker with pid: 1526
[2025-05-21 02:51:36 +0200] [1523] [INFO] Handling signal: term
[2025-05-21 02:51:36 +0200] [1523] [INFO] Shutting down: Master
[2025-05-21 02:54:53 +0200] [1468] [INFO] Starting gunicorn 23.0.0
[2025-05-21 02:54:53 +0200] [1468] [INFO] Listening at: unix:/home/markmur88/Documentos/GitHub/zIncognito/bank_ghost/servers/gunicorn/ghost.sock (1468)
[2025-05-21 02:54:53 +0200] [1468] [INFO] Using worker: sync
[2025-05-21 02:54:53 +0200] [1469] [INFO] Booting worker with pid: 1469
[2025-05-21 02:54:53 +0200] [1470] [INFO] Booting worker with pid: 1470
[2025-05-21 02:54:53 +0200] [1471] [INFO] Booting worker with pid: 1471
[2025-05-21 09:12:13 +0200] [1468] [INFO] Handling signal: term
[2025-05-21 09:12:14 +0200] [1468] [INFO] Shutting down: Master
[2025-05-21 15:15:42 +0200] [1515] [INFO] Starting gunicorn 23.0.0
[2025-05-21 15:15:42 +0200] [1515] [INFO] Listening at: unix:/home/markmur88/Documentos/GitHub/zIncognito/bank_ghost/servers/gunicorn/ghost.sock (1515)
[2025-05-21 15:15:42 +0200] [1515] [INFO] Using worker: sync
[2025-05-21 15:15:42 +0200] [1516] [INFO] Booting worker with pid: 1516
[2025-05-21 15:15:42 +0200] [1517] [INFO] Booting worker with pid: 1517
[2025-05-21 15:15:42 +0200] [1518] [INFO] Booting worker with pid: 1518
[2025-05-21 22:56:09 +0200] [1515] [INFO] Handling signal: term
[2025-05-21 22:56:10 +0200] [1515] [INFO] Shutting down: Master
[2025-05-21 22:58:37 +0200] [1466] [INFO] Starting gunicorn 23.0.0
[2025-05-21 22:58:37 +0200] [1466] [INFO] Listening at: unix:/home/markmur88/Documentos/GitHub/zIncognito/bank_ghost/servers/gunicorn/ghost.sock (1466)
[2025-05-21 22:58:37 +0200] [1466] [INFO] Using worker: sync
[2025-05-21 22:58:37 +0200] [1467] [INFO] Booting worker with pid: 1467
[2025-05-21 22:58:38 +0200] [1468] [INFO] Booting worker with pid: 1468
[2025-05-21 22:58:38 +0200] [1469] [INFO] Booting worker with pid: 1469
[2025-05-21 23:51:45 +0200] [1483] [INFO] Starting gunicorn 23.0.0
[2025-05-21 23:51:45 +0200] [1483] [INFO] Listening at: unix:/home/markmur88/Documentos/GitHub/zIncognito/bank_ghost/servers/gunicorn/ghost.sock (1483)
[2025-05-21 23:51:45 +0200] [1483] [INFO] Using worker: sync
[2025-05-21 23:51:45 +0200] [1492] [INFO] Booting worker with pid: 1492
[2025-05-21 23:51:45 +0200] [1493] [INFO] Booting worker with pid: 1493
[2025-05-21 23:51:45 +0200] [1494] [INFO] Booting worker with pid: 1494
[2025-05-22 03:37:31 +0200] [1483] [INFO] Handling signal: term
[2025-05-22 03:37:31 +0200] [1483] [INFO] Shutting down: Master
[2025-05-22 03:39:56 +0200] [1497] [INFO] Starting gunicorn 23.0.0
[2025-05-22 03:39:56 +0200] [1497] [INFO] Listening at: unix:/home/markmur88/Documentos/GitHub/zIncognito/bank_ghost/servers/gunicorn/ghost.sock (1497)
[2025-05-22 03:39:56 +0200] [1497] [INFO] Using worker: sync
[2025-05-22 03:39:56 +0200] [1498] [INFO] Booting worker with pid: 1498
[2025-05-22 03:39:56 +0200] [1499] [INFO] Booting worker with pid: 1499
[2025-05-22 03:39:56 +0200] [1500] [INFO] Booting worker with pid: 1500
[2025-05-22 09:58:57 +0200] [1497] [INFO] Handling signal: term
[2025-05-22 09:58:57 +0200] [1497] [INFO] Shutting down: Master
[2025-05-22 19:08:12 +0200] [1492] [INFO] Starting gunicorn 23.0.0
[2025-05-22 19:08:12 +0200] [1492] [INFO] Listening at: unix:/home/markmur88/Documentos/GitHub/zIncognito/bank_ghost/servers/gunicorn/ghost.sock (1492)
[2025-05-22 19:08:12 +0200] [1492] [INFO] Using worker: sync
[2025-05-22 19:08:12 +0200] [1493] [INFO] Booting worker with pid: 1493
[2025-05-22 19:08:12 +0200] [1494] [INFO] Booting worker with pid: 1494
[2025-05-22 19:08:12 +0200] [1495] [INFO] Booting worker with pid: 1495
[2025-05-23 02:23:36 +0200] [1492] [INFO] Handling signal: term
[2025-05-23 02:23:36 +0200] [1492] [INFO] Shutting down: Master
[2025-05-23 03:28:41 +0200] [1500] [INFO] Starting gunicorn 23.0.0
[2025-05-23 03:28:41 +0200] [1500] [INFO] Listening at: unix:/home/markmur88/Documentos/GitHub/zIncognito/bank_ghost/servers/gunicorn/ghost.sock (1500)
[2025-05-23 03:28:41 +0200] [1500] [INFO] Using worker: sync
[2025-05-23 03:28:41 +0200] [1501] [INFO] Booting worker with pid: 1501
[2025-05-23 03:28:41 +0200] [1502] [INFO] Booting worker with pid: 1502
[2025-05-23 03:28:41 +0200] [1503] [INFO] Booting worker with pid: 1503
[2025-05-23 10:03:44 +0200] [1500] [INFO] Handling signal: term
[2025-05-23 10:03:45 +0200] [1500] [INFO] Shutting down: Master
[2025-05-23 10:06:21 +0200] [1489] [INFO] Starting gunicorn 23.0.0
[2025-05-23 10:06:21 +0200] [1489] [INFO] Listening at: unix:/home/markmur88/Documentos/GitHub/zIncognito/bank_ghost/servers/gunicorn/ghost.sock (1489)
[2025-05-23 10:06:21 +0200] [1489] [INFO] Using worker: sync
[2025-05-23 10:06:21 +0200] [1490] [INFO] Booting worker with pid: 1490
[2025-05-23 10:06:21 +0200] [1491] [INFO] Booting worker with pid: 1491
[2025-05-23 10:06:21 +0200] [1492] [INFO] Booting worker with pid: 1492
[2025-05-23 10:35:46 +0200] [1489] [INFO] Handling signal: term
[2025-05-23 10:35:46 +0200] [1489] [INFO] Shutting down: Master
[2025-05-23 10:35:47 +0200] [26865] [INFO] Starting gunicorn 23.0.0
[2025-05-23 10:35:47 +0200] [26865] [INFO] Listening at: unix:/home/markmur88/Documentos/GitHub/zIncognito/bank_ghost/servers/gunicorn/ghost.sock (26865)
[2025-05-23 10:35:47 +0200] [26865] [INFO] Using worker: sync
[2025-05-23 10:35:47 +0200] [26867] [INFO] Booting worker with pid: 26867
[2025-05-23 10:35:47 +0200] [26873] [INFO] Booting worker with pid: 26873
[2025-05-23 10:35:47 +0200] [26874] [INFO] Booting worker with pid: 26874
[2025-05-23 10:51:32 +0200] [26865] [INFO] Handling signal: term
[2025-05-23 10:51:32 +0200] [26865] [ERROR] Worker (pid:26873) was sent SIGTERM!
[2025-05-23 10:51:32 +0200] [26865] [ERROR] Worker (pid:26867) was sent SIGTERM!
[2025-05-23 10:51:32 +0200] [26865] [ERROR] Worker (pid:26874) was sent SIGTERM!
[2025-05-23 10:51:32 +0200] [26865] [INFO] Shutting down: Master
[2025-05-23 10:51:34 +0200] [41118] [INFO] Starting gunicorn 23.0.0
[2025-05-23 10:51:34 +0200] [41118] [INFO] Listening at: unix:/home/markmur88/Documentos/GitHub/zIncognito/bank_ghost/servers/gunicorn/ghost.sock (41118)
[2025-05-23 10:51:34 +0200] [41118] [INFO] Using worker: sync
[2025-05-23 10:51:34 +0200] [41127] [INFO] Booting worker with pid: 41127
[2025-05-23 10:51:34 +0200] [41128] [INFO] Booting worker with pid: 41128
[2025-05-23 10:51:34 +0200] [41129] [INFO] Booting worker with pid: 41129
[2025-05-23 11:20:54 +0200] [41118] [INFO] Handling signal: term
[2025-05-23 11:20:54 +0200] [41118] [INFO] Shutting down: Master
[2025-05-23 19:42:56 +0200] [1530] [INFO] Starting gunicorn 23.0.0
[2025-05-23 19:42:56 +0200] [1530] [INFO] Listening at: unix:/home/markmur88/Documentos/GitHub/zIncognito/bank_ghost/servers/gunicorn/ghost.sock (1530)
[2025-05-23 19:42:56 +0200] [1530] [INFO] Using worker: sync
[2025-05-23 19:42:56 +0200] [1531] [INFO] Booting worker with pid: 1531
[2025-05-23 19:42:56 +0200] [1532] [INFO] Booting worker with pid: 1532
[2025-05-23 19:42:56 +0200] [1533] [INFO] Booting worker with pid: 1533
