
================================================================================
Fecha y hora: 2025-05-11 06:15:53
================================================================================
=== Info ===
oauth_in_progress ausente

=== Error ===
Flujo no iniciado

================================================================================
Fecha y hora: 2025-05-11 06:16:06
================================================================================
=== Info ===
oauth_in_progress ausente

=== Error ===
Flujo no iniciado

================================================================================
Fecha y hora: 2025-05-11 06:16:38
================================================================================
=== Info ===
oauth_in_progress ausente

=== Error ===
Flujo no iniciado

================================================================================
Fecha y hora: 2025-05-11 06:25:54
================================================================================
=== Info ===
oauth_in_progress ausente

=== Error ===
Flujo no iniciado

================================================================================
Fecha y hora: 2025-05-11 06:40:19
================================================================================
=== Info ===
oauth_in_progress ausente

=== Error ===
Flujo no iniciado

================================================================================
Fecha y hora: 2025-05-11 06:40:26
================================================================================
=== Info ===
oauth_in_progress ausente

=== Error ===
Flujo no iniciado
