
================================================================================
Fecha y hora: 2025-05-29 03:08:39
================================================================================
=== Info ===
Transferencia creada


================================================================================
Fecha y hora: 2025-05-29 03:08:39
================================================================================
=== Info ===
XML pain.001 generado en schemas/transferencias/631b0685-4c9e-4579-bfe9-613fb7e5da67/pain001_631b0685-4c9e-4579-bfe9-613fb7e5da67.xml


================================================================================
Fecha y hora: 2025-05-29 03:08:39
================================================================================
=== Info ===
Archivo AML generado en schemas/transferencias/631b0685-4c9e-4579-bfe9-613fb7e5da67/aml_631b0685-4c9e-4579-bfe9-613fb7e5da67.xml


================================================================================
Fecha y hora: 2025-05-29 03:08:52
================================================================================
=== Info ===
OAuth no iniciado o token expirado

=== Error ===
Token no disponible
