
================================================================================
Fecha y hora: 2025-05-13 12:52:11
================================================================================
=== Info ===
OAuth: inicio_autorizacion - error

=== Error ===
registrar_log() missing 1 required positional argument: 'registro'

================================================================================
Fecha y hora: 2025-05-13 12:52:41
================================================================================
=== Info ===
OAuth: callback - fallo

=== Body de la petición ===
{
    "razon": "flujo_no_iniciado"
}


================================================================================
Fecha y hora: 2025-05-13 12:57:47
================================================================================
=== Info ===
OAuth: inicio_autorizacion - error

=== Error ===
registrar_log() missing 1 required positional argument: 'registro'

================================================================================
Fecha y hora: 2025-05-13 12:57:52
================================================================================
=== Info ===
OAuth: callback - fallo

=== Body de la petición ===
{
    "razon": "flujo_no_iniciado"
}

