
----------------- SISTEMA -----------------

------------------- ZIP -------------------

๐ Fecha de ejecuciรณn: 2025-05-31 05:56:16
๐ Script: 00_02_zip_backup.sh
โโโโโโโโโโโโโโโโโโโโโโโโโโโโโโโโโโโโโโโโโโโ

----------------- PUERTOS -----------------

-------------- CONTENEDORES ---------------

--------------- CAMBIO MAC ----------------

------------------- UFW -------------------

---------------- POSTGRES -----------------

๐ Fecha de ejecuciรณn: 2025-05-31 05:56:28
๐ Script: 00_07_postgres.sh
โโโโโโโโโโโโโโโโโโโโโโโโโโโโโโโโโโโโโโโโโโโ

--------------- MIGRACIONES ---------------

๐ Fecha de ejecuciรณn: 2025-05-31 05:56:33
๐ Script: 00_08_migraciones.sh
โโโโโโโโโโโโโโโโโโโโโโโโโโโโโโโโโโโโโโโโโโโ

-------------- CARGAR LOCAL ---------------

๐ Fecha de ejecuciรณn: 2025-05-31 05:56:44
๐ Script: 00_09_cargar_json.sh
โโโโโโโโโโโโโโโโโโโโโโโโโโโโโโโโโโโโโโโโโโโ

----------------- USUARIO -----------------

------------- RESPALDOS LOCAL -------------

---------------- PEM JWKS -----------------

-------- VERIFICAR TRANSFERENCIAS ---------

--------- SINCRONIZACION COMPLETA ---------

๐ Fecha de ejecuciรณn: 2025-05-31 05:56:46
๐ Script: 00_14_sincronizacion_archivos.sh
โโโโโโโโโโโโโโโโโโโโโโโโโโโโโโโโโโโโโโโโโโโ

----------- VARIABLES A HEROKU ------------

------------- SUBIR A HEROKU --------------

--------- SINCRONIZACION BDD WEB ----------

------------------- VPS -------------------

------- SETUP COMPLETO CORETRANSAPI -------

--------- VERIFICAR HTTPS HEADERS ---------

-------- REPORTE DE SALUD DEL VPS ---------

-------- GENERAR CLAVE PGP NJALLA ---------

----------- DEPLOY INCREMENTAL ------------

----- REINICIAR SERVICIO CORETRANSAPI -----

------ VERIFICAR ESTADO CORETRANSAPI ------

--------- VERIFICAR SSL Y PUERTOS ---------

------- STATUS COMPLETO CONSOLIDADO -------

------------------ CLEAN ------------------

๐ Fecha de ejecuciรณn: 2025-05-31 05:56:46
๐ Script: 00_19_borrar_zip_sql.sh
โโโโโโโโโโโโโโโโโโโโโโโโโโโโโโโโโโโโโโโโโโโ

------------------- SSL -------------------

-------------- LOCAL CON SSL --------------

---------------- GUNICORN -----------------

------------- SCRIPT COMPLETO -------------

----------------- SISTEMA -----------------

------------------- ZIP -------------------

๐ Fecha de ejecuciรณn: 2025-05-31 05:58:02
๐ Script: 00_02_zip_backup.sh
โโโโโโโโโโโโโโโโโโโโโโโโโโโโโโโโโโโโโโโโโโโ

----------------- PUERTOS -----------------

-------------- CONTENEDORES ---------------

--------------- CAMBIO MAC ----------------

------------------- UFW -------------------

---------------- POSTGRES -----------------

๐ Fecha de ejecuciรณn: 2025-05-31 05:58:15
๐ Script: 00_07_postgres.sh
โโโโโโโโโโโโโโโโโโโโโโโโโโโโโโโโโโโโโโโโโโโ

โ Error en lรญnea 33: "sudo systemctl enable postgresql"
Abortando ejecuciรณn.

----------------- SISTEMA -----------------

๐ Fecha de ejecuciรณn: 2025-05-31 06:01:51
๐ Script: 00_01_sistema.sh
โโโโโโโโโโโโโโโโโโโโโโโโโโโโโโโโโโโโโโโโโโโ

------------------- ZIP -------------------

๐ Fecha de ejecuciรณn: 2025-05-31 06:02:14
๐ Script: 00_02_zip_backup.sh
โโโโโโโโโโโโโโโโโโโโโโโโโโโโโโโโโโโโโโโโโโโ

----------------- PUERTOS -----------------

๐ Fecha de ejecuciรณn: 2025-05-31 06:02:33
๐ Script: 00_03_puertos.sh
โโโโโโโโโโโโโโโโโโโโโโโโโโโโโโโโโโโโโโโโโโโ

-------------- CONTENEDORES ---------------

๐ Fecha de ejecuciรณn: 2025-05-31 06:02:33
๐ Script: 00_04_container.sh
โโโโโโโโโโโโโโโโโโโโโโโโโโโโโโโโโโโโโโโโโโโ

--------------- CAMBIO MAC ----------------

๐ Fecha de ejecuciรณn: 2025-05-31 06:02:35
๐ Script: 00_05_mac.sh
โโโโโโโโโโโโโโโโโโโโโโโโโโโโโโโโโโโโโโโโโโโ

------------------- UFW -------------------

๐ Fecha de ejecuciรณn: 2025-05-31 06:04:04
๐ Script: 00_06_ufw.sh
โโโโโโโโโโโโโโโโโโโโโโโโโโโโโโโโโโโโโโโโโโโ

---------------- POSTGRES -----------------

๐ Fecha de ejecuciรณn: 2025-05-31 06:04:16
๐ Script: 00_07_postgres.sh
โโโโโโโโโโโโโโโโโโโโโโโโโโโโโโโโโโโโโโโโโโโ

--------------- MIGRACIONES ---------------

๐ Fecha de ejecuciรณn: 2025-05-31 06:04:20
๐ Script: 00_08_migraciones.sh
โโโโโโโโโโโโโโโโโโโโโโโโโโโโโโโโโโโโโโโโโโโ

-------------- CARGAR LOCAL ---------------

๐ Fecha de ejecuciรณn: 2025-05-31 06:04:35
๐ Script: 00_09_cargar_json.sh
โโโโโโโโโโโโโโโโโโโโโโโโโโโโโโโโโโโโโโโโโโโ

----------------- USUARIO -----------------

------------- RESPALDOS LOCAL -------------

๐ Fecha de ejecuciรณn: 2025-05-31 06:04:37
๐ Script: 00_11_hacer_json.sh
โโโโโโโโโโโโโโโโโโโโโโโโโโโโโโโโโโโโโโโโโโโ

---------------- PEM JWKS -----------------

-------- VERIFICAR TRANSFERENCIAS ---------

--------- SINCRONIZACION COMPLETA ---------

๐ Fecha de ejecuciรณn: 2025-05-31 06:04:38
๐ Script: 00_14_sincronizacion_archivos.sh
โโโโโโโโโโโโโโโโโโโโโโโโโโโโโโโโโโโโโโโโโโโ

----------- VARIABLES A HEROKU ------------

๐ Fecha de ejecuciรณn: 2025-05-31 06:04:40
๐ Script: 00_15_variables_heroku.sh
โโโโโโโโโโโโโโโโโโโโโโโโโโโโโโโโโโโโโโโโโโโ
๐ Subiendo variables de entorno a Heroku (apibank2)...

----------------- SISTEMA -----------------

------------------- ZIP -------------------

๐ Fecha de ejecuciรณn: 2025-05-31 06:13:02
๐ Script: 00_02_zip_backup.sh
โโโโโโโโโโโโโโโโโโโโโโโโโโโโโโโโโโโโโโโโโโโ

----------------- PUERTOS -----------------

-------------- CONTENEDORES ---------------

--------------- CAMBIO MAC ----------------

------------------- UFW -------------------

---------------- POSTGRES -----------------

๐ Fecha de ejecuciรณn: 2025-05-31 06:13:23
๐ Script: 00_07_postgres.sh
โโโโโโโโโโโโโโโโโโโโโโโโโโโโโโโโโโโโโโโโโโโ

--------------- MIGRACIONES ---------------

๐ Fecha de ejecuciรณn: 2025-05-31 06:13:30
๐ Script: 00_08_migraciones.sh
โโโโโโโโโโโโโโโโโโโโโโโโโโโโโโโโโโโโโโโโโโโ

-------------- CARGAR LOCAL ---------------

๐ Fecha de ejecuciรณn: 2025-05-31 06:14:11
๐ Script: 00_09_cargar_json.sh
โโโโโโโโโโโโโโโโโโโโโโโโโโโโโโโโโโโโโโโโโโโ

----------------- USUARIO -----------------

------------- RESPALDOS LOCAL -------------

---------------- PEM JWKS -----------------

-------- VERIFICAR TRANSFERENCIAS ---------

--------- SINCRONIZACION COMPLETA ---------

๐ Fecha de ejecuciรณn: 2025-05-31 06:14:16
๐ Script: 00_14_sincronizacion_archivos.sh
โโโโโโโโโโโโโโโโโโโโโโโโโโโโโโโโโโโโโโโโโโโ
